       Value   Percentile   TotalCount 1/(1-Percentile)

       2.000     0.000000           85         1.00
       5.000     0.100000      7106323         1.11
       6.000     0.200000     18442930         1.25
       6.000     0.300000     18442930         1.43
       7.000     0.400000     27538483         1.67
       7.000     0.500000     27538483         2.00
       7.000     0.550000     27538483         2.22
       8.000     0.600000     33311726         2.50
       8.000     0.650000     33311726         2.86
       9.000     0.700000     37215552         3.33
      10.000     0.750000     39881576         4.00
      10.000     0.775000     39881576         4.44
      11.000     0.800000     41547874         5.00
      11.000     0.825000     41547874         5.71
      12.000     0.850000     42594890         6.67
      15.000     0.875000     44053851         8.00
      17.000     0.887500     44403900         8.89
      30.000     0.900000     45005461        10.00
      41.000     0.912500     45655048        11.43
      50.000     0.925000     46269749        13.33
      62.000     0.937500     46927822        16.00
      67.000     0.943750     47230601        17.78
      71.000     0.950000     47503478        20.00
      76.000     0.956250     47862916        22.86
      80.000     0.962500     48137985        26.67
      86.000     0.968750     48487769        32.00
      89.000     0.971875     48627961        35.56
      93.000     0.975000     48786840        40.00
      97.000     0.978125     48921287        45.71
     102.000     0.981250     49067716        53.33
     109.000     0.984375     49240583        64.00
     112.000     0.985938     49302697        71.11
     117.000     0.987500     49390311        80.00
     122.000     0.989062     49459764        91.43
     129.000     0.990625     49538255       106.67
     138.000     0.992188     49615665       128.00
     143.000     0.992969     49649093       142.22
     151.000     0.993750     49690668       160.00
     162.000     0.994531     49729328       182.86
     180.000     0.995313     49767131       213.33
     224.000     0.996094     49804827       256.00
     330.000     0.996484     49824225       284.44
    1064.000     0.996875     49844222       320.00
    1074.000     0.997266     49863790       365.71
    1097.000     0.997656     49883761       426.67
    1111.000     0.998047     49903096       512.00
    1118.000     0.998242     49913029       568.89
    1124.000     0.998437     49922579       640.00
    1130.000     0.998633     49933612       731.43
    1134.000     0.998828     49943971       853.33
    1137.000     0.999023     49954053      1024.00
    1138.000     0.999121     49957223      1137.78
    1140.000     0.999219     49962480      1280.00
    1142.000     0.999316     49966323      1462.86
    1146.000     0.999414     49971686      1706.67
    1152.000     0.999512     49975914      2048.00
    1162.000     0.999561     49978115      2275.56
    1353.000     0.999609     49980469      2560.00
    1750.000     0.999658     49982916      2925.71
    1862.000     0.999707     49985369      3413.33
    1964.000     0.999756     49987795      4096.00
    2034.000     0.999780     49989023      4551.11
    2163.000     0.999805     49990239      5120.00
    3349.000     0.999829     49991457      5851.43
    4635.000     0.999854     49992677      6826.67
    5915.000     0.999878     49993897      8192.00
    6675.000     0.999890     49994507      9102.22
    7763.000     0.999902     49995120     10240.00
    9335.000     0.999915     49995730     11702.86
   10767.000     0.999927     49996338     13653.33
   12263.000     0.999939     49996952     16384.00
   13039.000     0.999945     49997256     18204.44
   13871.000     0.999951     49997560     20480.00
   14751.000     0.999957     49997864     23405.71
   15639.000     0.999963     49998169     27306.67
   16655.000     0.999969     49998476     32768.00
   17263.000     0.999973     49998628     36408.89
   17967.000     0.999976     49998782     40960.00
   18879.000     0.999979     49998932     46811.43
   19983.000     0.999982     49999087     54613.33
   21343.000     0.999985     49999238     65536.00
   21983.000     0.999986     49999316     72817.78
   22607.000     0.999988     49999390     81920.00
   23247.000     0.999989     49999467     93622.86
   23807.000     0.999991     49999544    109226.67
   24543.000     0.999992     49999620    131072.00
   25023.000     0.999993     49999658    145635.56
   25519.000     0.999994     49999695    163840.00
   26015.000     0.999995     49999733    187245.71
   26815.000     0.999995     49999773    218453.33
   27919.000     0.999996     49999811    262144.00
   28431.000     0.999997     49999829    291271.11
   29487.000     0.999997     49999848    327680.00
   30543.000     0.999997     49999867    374491.43
   31855.000     0.999998     49999886    436906.67
   32959.000     0.999998     49999906    524288.00
   33695.000     0.999998     49999915    582542.22
   34719.000     0.999998     49999924    655360.00
   35999.000     0.999999     49999934    748982.86
   36799.000     0.999999     49999943    873813.33
   37695.000     0.999999     49999953   1048576.00
   38527.000     0.999999     49999958   1165084.44
   39039.000     0.999999     49999962   1310720.00
   39743.000     0.999999     49999967   1497965.71
   39967.000     0.999999     49999972   1747626.67
   40447.000     1.000000     49999977   2097152.00
   40639.000     1.000000     49999979   2330168.89
   41375.000     1.000000     49999981   2621440.00
   42399.000     1.000000     49999984   2995931.43
   43775.000     1.000000     49999986   3495253.33
   45599.000     1.000000     49999989   4194304.00
   45663.000     1.000000     49999990   4660337.78
   46079.000     1.000000     49999991   5242880.00
   46623.000     1.000000     49999992   5991862.86
   47455.000     1.000000     49999993   6990506.67
   50399.000     1.000000     49999995   8388608.00
   50399.000     1.000000     49999995   9320675.55
   50655.000     1.000000     49999996  10485760.00
   50655.000     1.000000     49999996  11983725.71
   57407.000     1.000000     49999997  13981013.34
   60223.000     1.000000     49999998  16777216.00
   60223.000     1.000000     49999998  18641351.10
   60223.000     1.000000     49999998  20971519.98
   60223.000     1.000000     49999998  23967451.45
   60831.000     1.000000     49999999  27962026.68
   60831.000     1.000000     49999999  33554432.00
   60831.000     1.000000     49999999  37282702.28
   60831.000     1.000000     49999999  41943039.96
   60831.000     1.000000     49999999  47934902.91
   85055.000     1.000000     50000000  55924053.19
   85055.000     1.000000     50000000          inf
#[Mean    =       19.731, StdDeviation   =      183.634]
#[Max     =    85055.000, Total count    =     50000000]
#[Buckets =           22, SubBuckets     =         2048]
