       Value   Percentile   TotalCount 1/(1-Percentile)

       1.000     0.000000            4         1.00
       5.000     0.100000        19221         1.11
       6.000     0.200000        43675         1.25
       6.000     0.300000        43675         1.43
       6.000     0.400000        43675         1.67
       7.000     0.500000        61385         2.00
       7.000     0.550000        61385         2.22
       7.000     0.600000        61385         2.50
       8.000     0.650000        72897         2.86
       8.000     0.700000        72897         3.33
       9.000     0.750000        80388         4.00
       9.000     0.775000        80388         4.44
       9.000     0.800000        80388         5.00
      10.000     0.825000        85132         5.71
      10.000     0.850000        85132         6.67
      11.000     0.875000        88209         8.00
      12.000     0.887500        90381         8.89
      12.000     0.900000        90381        10.00
      13.000     0.912500        92067        11.43
      14.000     0.925000        93320        13.33
      15.000     0.937500        94278        16.00
      16.000     0.943750        95038        17.78
      16.000     0.950000        95038        20.00
      17.000     0.956250        95664        22.86
      19.000     0.962500        96563        26.67
      20.000     0.968750        96972        32.00
      21.000     0.971875        97294        35.56
      22.000     0.975000        97601        40.00
      23.000     0.978125        97850        45.71
      25.000     0.981250        98208        53.33
      27.000     0.984375        98471        64.00
      29.000     0.985938        98618        71.11
      33.000     0.987500        98767        80.00
      41.000     0.989062        98914        91.43
      60.000     0.990625        99070       106.67
      75.000     0.992188        99222       128.00
      81.000     0.992969        99309       142.22
      86.000     0.993750        99378       160.00
      91.000     0.994531        99457       182.86
      98.000     0.995313        99540       213.33
     104.000     0.996094        99612       256.00
     107.000     0.996484        99653       284.44
     110.000     0.996875        99690       320.00
     114.000     0.997266        99733       365.71
     117.000     0.997656        99767       426.67
     123.000     0.998047        99807       512.00
     126.000     0.998242        99828       568.89
     131.000     0.998437        99847       640.00
     135.000     0.998633        99868       731.43
     140.000     0.998828        99885       853.33
     149.000     0.999023        99903      1024.00
     157.000     0.999121        99913      1137.78
     162.000     0.999219        99922      1280.00
     168.000     0.999316        99932      1462.86
     179.000     0.999414        99943      1706.67
     196.000     0.999512        99952      2048.00
     210.000     0.999561        99957      2275.56
     221.000     0.999609        99962      2560.00
     262.000     0.999658        99966      2925.71
     914.000     0.999707        99971      3413.33
     966.000     0.999756        99976      4096.00
    1064.000     0.999780        99979      4551.11
    1291.000     0.999805        99981      5120.00
    1767.000     0.999829        99983      5851.43
    2795.000     0.999854        99986      6826.67
    5791.000     0.999878        99988      8192.00
    6683.000     0.999890        99990      9102.22
    6939.000     0.999902        99991     10240.00
    7711.000     0.999915        99992     11702.86
    8147.000     0.999927        99993     13653.33
    8591.000     0.999939        99994     16384.00
    9815.000     0.999945        99995     18204.44
   10367.000     0.999951        99996     20480.00
   10367.000     0.999957        99996     23405.71
   10791.000     0.999963        99997     27306.67
   10791.000     0.999969        99997     32768.00
   12631.000     0.999973        99998     36408.89
   12631.000     0.999976        99998     40960.00
   12631.000     0.999979        99998     46811.43
   13135.000     0.999982        99999     54613.33
   13135.000     0.999985        99999     65536.00
   13135.000     0.999986        99999     72817.78
   13135.000     0.999988        99999     81920.00
   13135.000     0.999989        99999     93622.86
   13471.000     0.999991       100000    109226.67
   13471.000     1.000000       100000          inf
#[Mean    =       10.267, StdDeviation   =      111.591]
#[Max     =    13471.000, Total count    =       100000]
#[Buckets =           22, SubBuckets     =         2048]
