       Value   Percentile   TotalCount 1/(1-Percentile)

       2.000     0.000000           72         1.00
       5.000     0.100000     14291641         1.11
       6.000     0.200000     36813524         1.25
       6.000     0.300000     36813524         1.43
       7.000     0.400000     55105233         1.67
       7.000     0.500000     55105233         2.00
       7.000     0.550000     55105233         2.22
       8.000     0.600000     67193375         2.50
       8.000     0.650000     67193375         2.86
       9.000     0.700000     75358959         3.33
       9.000     0.750000     75358959         4.00
      10.000     0.775000     80539339         4.44
      10.000     0.800000     80539339         5.00
      11.000     0.825000     83677641         5.71
      12.000     0.850000     85612185         6.67
      14.000     0.875000     87615675         8.00
      18.000     0.887500     88889742         8.89
      37.000     0.900000     90036676        10.00
      57.000     0.912500     91309293        11.43
      69.000     0.925000     92506851        13.33
      79.000     0.937500     93776910        16.00
      85.000     0.943750     94454394        17.78
      91.000     0.950000     95054557        20.00
      97.000     0.956250     95626757        22.86
     104.000     0.962500     96258886        26.67
     112.000     0.968750     96879957        32.00
     117.000     0.971875     97193508        35.56
     123.000     0.975000     97501715        40.00
     131.000     0.978125     97835179        45.71
     140.000     0.981250     98146694        53.33
     150.000     0.984375     98444754        64.00
     156.000     0.985938     98604434        71.11
     163.000     0.987500     98769078        80.00
     170.000     0.989062     98910326        91.43
     180.000     0.990625     99070106       106.67
     194.000     0.992188     99219175       128.00
     206.000     0.992969     99297081       142.22
     226.000     0.993750     99375958       160.00
     261.000     0.994531     99454030       182.86
     923.000     0.995313     99531276       213.33
    1078.000     0.996094     99609615       256.00
    1095.000     0.996484     99651283       284.44
    1102.000     0.996875     99687551       320.00
    1111.000     0.997266     99730306       365.71
    1119.000     0.997656     99769225       426.67
    1127.000     0.998047     99806124       512.00
    1132.000     0.998242     99827349       568.89
    1136.000     0.998437     99844416       640.00
    1144.000     0.998633     99863735       731.43
    1544.000     0.998828     99882828       853.33
    1820.000     0.999023     99902400      1024.00
    1869.000     0.999121     99912177      1137.78
    1912.000     0.999219     99921912      1280.00
    1956.000     0.999316     99931701      1462.86
    2005.000     0.999414     99941422      1706.67
    2067.000     0.999512     99951234      2048.00
    2109.000     0.999561     99956182      2275.56
    2165.000     0.999609     99961053      2560.00
    2253.000     0.999658     99965881      2925.71
    2433.000     0.999707     99970712      3413.33
    3103.000     0.999756     99975587      4096.00
    4439.000     0.999780     99978031      4551.11
    7939.000     0.999805     99980473      5120.00
    9007.000     0.999829     99982919      5851.43
    9967.000     0.999854     99985360      6826.67
   11415.000     0.999878     99987799      8192.00
   12111.000     0.999890     99989018      9102.22
   12983.000     0.999902     99990239     10240.00
   14015.000     0.999915     99991461     11702.86
   15287.000     0.999927     99992676     13653.33
   16671.000     0.999939     99993899     16384.00
   17407.000     0.999945     99994511     18204.44
   18271.000     0.999951     99995127     20480.00
   19231.000     0.999957     99995736     23405.71
   20319.000     0.999963     99996338     27306.67
   21743.000     0.999969     99996953     32768.00
   22511.000     0.999973     99997254     36408.89
   23247.000     0.999976     99997561     40960.00
   24063.000     0.999979     99997865     46811.43
   25039.000     0.999982     99998173     54613.33
   26207.000     0.999985     99998476     65536.00
   26815.000     0.999986     99998628     72817.78
   27487.000     0.999988     99998782     81920.00
   28143.000     0.999989     99998934     93622.86
   28815.000     0.999991     99999085    109226.67
   29647.000     0.999992     99999241    131072.00
   30175.000     0.999993     99999315    145635.56
   30703.000     0.999994     99999394    163840.00
   31407.000     0.999995     99999466    187245.71
   32351.000     0.999995     99999543    218453.33
   33535.000     0.999996     99999622    262144.00
   34207.000     0.999997     99999659    291271.11
   35231.000     0.999997     99999696    327680.00
   36287.000     0.999997     99999734    374491.43
   37279.000     0.999998     99999773    436906.67
   38687.000     0.999998     99999810    524288.00
   39199.000     0.999998     99999830    582542.22
   40095.000     0.999998     99999848    655360.00
   41119.000     0.999999     99999867    748982.86
   41695.000     0.999999     99999886    873813.33
   43231.000     0.999999     99999907   1048576.00
   43327.000     0.999999     99999916   1165084.44
   44031.000     0.999999     99999924   1310720.00
   44671.000     0.999999     99999934   1497965.71
   45151.000     0.999999     99999943   1747626.67
   45503.000     1.000000     99999953   2097152.00
   45695.000     1.000000     99999958   2330168.89
   46079.000     1.000000     99999962   2621440.00
   46527.000     1.000000     99999967   2995931.43
   47487.000     1.000000     99999972   3495253.33
   48287.000     1.000000     99999977   4194304.00
   48863.000     1.000000     99999979   4660337.78
   49023.000     1.000000     99999981   5242880.00
   50239.000     1.000000     99999984   5991862.86
   50975.000     1.000000     99999986   6990506.67
   53375.000     1.000000     99999989   8388608.00
   54303.000     1.000000     99999990   9320675.55
   54495.000     1.000000     99999991  10485760.00
   54783.000     1.000000     99999992  11983725.71
   55327.000     1.000000     99999993  13981013.34
   56351.000     1.000000     99999995  16777216.00
   56351.000     1.000000     99999995  18641351.10
   56991.000     1.000000     99999996  20971519.98
   56991.000     1.000000     99999996  23967451.45
   58847.000     1.000000     99999997  27962026.68
   59007.000     1.000000     99999998  33554432.00
   59007.000     1.000000     99999998  37282702.28
   59007.000     1.000000     99999998  41943039.96
   59007.000     1.000000     99999998  47934902.91
   59327.000     1.000000     99999999  55924053.19
   59327.000     1.000000     99999999  67108864.00
   59327.000     1.000000     99999999  74565404.57
   59327.000     1.000000     99999999  83886080.31
   59327.000     1.000000     99999999  95869805.31
   62015.000     1.000000    100000000 111848106.39
   62015.000     1.000000    100000000          inf
#[Mean    =       25.228, StdDeviation   =      252.403]
#[Max     =    62015.000, Total count    =    100000000]
#[Buckets =           22, SubBuckets     =         2048]
