#mean       95th    99th    99.99th   IOPS
36.82       245      408      6751     25755   
34.22       185      277      10615    27673   
36.62       182      663      6891     25873   
35.09       165      653      7383     26967   
32.16       142      248      8255     29340   
26.74       132      211      10815    35069   
24.02       128      201      12463    38951   
22.88       124      195      7107     40474   
22.98       124      193      10295    40285   
25.58       125      199      6915     36356   
23.88       122      186      12879    38762   
23.63       117      183      16863    40389   
23.05       117      176      13191    40199   
23.19       114      176      15271    39836   
23.81       114      170      19071    38960   
23.01       111      169      16511    40140   
21.93       109      169      11863    41979   
22.62       108      162      12671    40885   
19.91       106      156      4623     46044   
21.48       107      158      5163     42831   
23.70       106      158      17071    39161   
21.18       104      159      8271     43244   
20.50       104      154      4291     44791   
21.89       103      153      8079     42168   
20.54       102      152      11159    44626   
21.78       102      154      15991    42356   
19.94       99       147      11711    45930   
21.16       96       151      6135     43543   
19.39       94       148      8415     47121   
22.25       97       153      21647    41506   
21.48       102      161      5771     42801   
20.15       96       155      6267     45231   
21.45       93       153      19919    42688   
20.30       90       150      3593     45150   
20.25       90       153      5527     45159   
19.70       85       150      6075     46332   
20.79       87       152      7851     44078   
20.04       82       150      10423    45744   
18.93       81       144      5347     48119   
18.42       81       148      4583     49405   
21.91       84       154      14407    42121   
19.39       79       149      6371     47025   
20.39       81       153      15383    44874   
20.75       83       153      13999    44172   
18.15       77       147      6923     49751   
21.26       81       149      12191    43232   
20.40       80       151      6287     44789   
19.11       73       143      6559     47714   
17.85       75       146      4063     50827   
20.38       80       150      12767    44893   
18.90       72       144      9119     48167   
19.20       75       145      10815    47395   
18.87       75       147      10183    48196   
18.33       70       140      4643     49595   
18.60       73       145      5635     48988   
18.38       73       143      5787     49504   
18.36       70       143      6355     49342   
18.71       74       143      10447    49962   
19.43       77       148      12327    46916   
18.56       69       139      8887     49060   
18.91       73       142      10863    48131   
18.26       74       141      6323     49789   
18.74       70       142      5415     48353   
18.14       75       143      5011     51592   
18.98       78       145      9335     48001   
17.58       66       133      4887     51538   
18.21       72       139      5471     49747   
18.07       76       140      5723     50343   
17.85       66       133      5811     50816   
18.10       70       136      4875     49887   
16.93       74       139      2425     53334   
19.05       70       137      11815    47700   
18.42       68       132      11303    49007   
17.96       71       135      3383     50328   
19.26       77       141      8623     47132   
17.05       68       130      5343     53008   
18.28       69       128      5547     49720   
16.78       74       135      2335     53664   
18.58       70       133      7499     48901   
17.59       68       130      8735     51275   
18.49       74       137      5443     49014   
18.64       79       137      8399     48846   
18.17       69       130      5367     49792   
17.63       72       130      8631     51199   
17.89       78       134      3529     50656   
18.73       79       135      12919    48696   
17.29       67       126      5319     52247   
17.23       70       129      7491     52454   
17.94       75       131      9399     50547   
18.55       73       134      12039    49001   
16.97       65       123      5539     53024   
17.31       71       125      5451     52195   
18.75       78       136      13511    48496   
17.49       74       127      5527     51674   
17.47       70       122      4955     51968   
17.43       72       127      10903    51805   
18.40       77       126      13879    49956   
16.92       68       120      5567     53161   
15.84       67       115      2221     56652   
17.23       78       127      3329     52416   
18.88       78       128      8039     48196   
16.68       64       113      7471     54019   
17.10       68       117      10391    52777   
17.33       74       121      10711    52205   
18.77       80       130      11175    48428   
27.94       67       1073     9367     33407   
16.36       63       113      8023     54734   
16.53       69       114      6955     54326   
19.24       75       120      9679     47350   
18.55       81       128      14055    49147   
26.59       68       273      9543     34944   
16.63       65       109      7143     54159   
16.49       72       119      3711     54548   
18.23       78       132      4883     49477   
28.57       78       1078     4307     32647   
15.92       63       107      2709     56442   
15.75       69       110      3403     57015   
17.08       74       119      4903     52698   
21.55       82       137      7411     42683   
19.46       63       119      4731     46823   
16.20       66       106      4967     55454   
16.44       71       112      3483     54598   
17.49       78       117      5983     51736   
26.62       73       445      5503     35023   
16.13       63       102      8391     55611   
16.27       68       108      5059     55139   
16.23       73       111      5051     55389   
22.11       84       137      6263     41611   
18.30       63       110      4939     49484   
17.30       65       112      10239    51880   
16.01       70       109      4275     55909   
16.54       76       116      6051     54383   
26.43       78       205      3415     35297   
16.22       63       106      8367     55302   
16.25       69       107      4503     55263   
17.01       73       112      8807     53212   
20.88       83       142      6067     43804   
20.07       62       118      5483     45423   
17.03       67       113      8695     52669   
15.22       70       110      2039     58486   
17.16       77       116      7299     52686   
30.02       71       1090     12495    31285   
16.03       64       101      6023     55965   
15.49       67       105      2177     57802   
16.89       73       115      6687     53345   
22.00       83       149      6015     41765   
19.53       64       111      8943     46595   
16.39       65       106      8135     54610   
15.79       69       107      6015     56710   
17.08       78       123      6543     52656   
16.13       65       108      5127     55419   
15.73       67       108      3627     56834   
16.28       73       110      5027     55240   
16.73       74       113      6823     53637   
16.36       66       108      5075     54776   
15.15       68       104      2185     59064   
18.11       78       125      6631     49744   
15.40       66       106      5835     58005   
15.42       67       105      3725     57885   
16.67       73       112      5375     53819   
17.61       79       117      9303     51453   
23.48       64       133      6031     39429   
15.38       63       99       2173     58000   
16.04       71       112      3575     55818   
17.04       76       115      6875     52935   
27.73       74       1062     9639     33927   
15.75       61       103      6427     56470   
15.62       67       106      5419     57162   
16.12       73       111      6199     55635   
16.80       75       116      6527     53642   
16.08       66       101      5079     55778   
16.17       70       107      7283     55440   
16.78       77       117      5867     53672   
16.02       65       105      5947     55629   
16.35       68       108      5327     54831   
17.07       74       111      6667     53188   
16.90       78       114      6819     53222   
16.13       68       106      4931     55557   
16.63       71       108      7463     54201   
16.75       74       111      5967     53695   
28.99       87       1070     6603     32241   
15.13       59       94       6735     59107   
15.38       66       103      8143     58108   
16.78       72       114      5863     53404   
17.06       79       122      5083     52458   
16.86       65       106      9623     53753   
15.98       72       109      3557     55816   
16.96       76       111      6991     53275   
15.96       71       112      2237     56101   
16.16       68       108      5391     55255   
16.58       74       112      6683     54013   
16.37       77       116      6007     54717   
15.54       65       103      3569     57461   
15.57       70       109      3575     57110   
16.51       74       112      5031     54167   
16.95       71       115      7095     53074   
15.28       64       100      5407     58186   
16.25       71       107      6667     55533   
16.15       76       113      4667     55536   
16.34       73       112      5039     55066   
15.46       68       106      3879     57791   
16.60       75       117      3757     53874   
16.64       80       118      3707     54251   
26.16       67       418      6795     35588   
15.17       66       104      3865     58810   
15.50       71       107      3675     57712   
16.95       78       118      3895     53133   
29.43       80       1070     21663    31827   
15.44       64       103      5871     57642   
17.10       71       113      8311     52468   
16.93       75       114      5063     53027   
18.38       80       123      4947     49288   
22.80       66       131      7779     40296   
15.44       66       103      5955     57542   
15.63       70       110      2295     57108   
17.09       76       117      4799     52613   
27.13       77       1062     8159     34472   
14.99       64       103      3687     59302   
15.72       67       106      3743     56743   
16.23       75       112      3963     55229   
20.04       82       125      10199    45631   
23.38       67       143      6047     39463   
15.02       65       103      3959     59180   
16.54       74       116      3763     54111   
17.02       82       125      4023     52701   
30.32       81       1082     10959    30794   
15.20       63       102      5691     59215   
15.84       72       114      2022     56145   
16.84       78       121      5519     53144   
20.92       86       134      3631     43620   
138.22      1090     1141     15191    7092    
15.54       65       106      4191     57315   
15.95       69       110      3949     55801   
15.96       74       112      2145     56146   
18.95       84       128      5011     47812   
88.52       1085     1143     21615    10957   
14.89       64       103      4319     59577   
16.72       71       111      8199     53646   
15.50       73       113      2157     57502   
19.02       81       127      5115     47736   
1117.16     1150     2375     15375    885     
21.44       63       126      4867     42818   
15.97       65       104      5807     56010   
15.79       72       109      3761     56610   
18.21       82       123      8495     49655   
85.92       1068     1139     15095    11288   
1127.47     1147     3825     16319    877     
31.07       70       1082     8695     30212   
15.18       65       105      4143     58535   
15.16       69       107      4179     58665   
16.95       78       119      6279     52911   
43.39       98       1106     13671    21991   
1111.99     1149     1857     16687    888     
32.72       70       1069     10767    28757   
15.54       63       103      5039     57120   
15.35       68       107      2931     57934   
16.79       78       118      4041     53636   
36.24       90       1112     9711     26152   
1106.09     1150     1868     18143    894     
17.20       62       106      8067     52158   
15.71       65       105      7819     56879   
16.68       70       112      5303     53732   
16.74       75       117      6319     53939   
81.80       1063     1139     17935    11843   
14.81       59       100      4131     59792   
15.40       65       106      3707     57697   
16.52       71       112      10431    54318   
16.29       78       118      2163     55136   
127.65      1119     1145     18479    7708    
17.20       65       110      9719     51897   
16.12       66       105      4119     55526   
16.13       73       113      3941     55560   
17.18       79       120      4827     52610   
475.31      1142     1159     12015    2079    
20.57       65       122      4787     44261   
14.35       64       99       5119     61844   
15.72       72       113      1968     56658   
17.17       81       123      7551     52422   
102.68      1077     1130     11399    9504    
15.85       61       101      5071     57194   
15.05       66       105      2113     59172   
15.71       74       111      3879     56874   
18.34       80       123      6179     49436   
1087.69     1143     2663     10695    909     
17.10       63       104      5143     52448   
15.48       66       107      3853     57355   
15.75       71       110      3875     56903   
16.48       78       119      7999     54374   
24.95       62       229      5571     37815   
15.68       63       104      5471     56774   
15.96       68       106      5959     56195   
15.85       74       111      3973     56576   
27.83       79       1065     7567     33597   
14.26       60       98       5027     62712   
15.41       68       109      2237     57725   
16.16       74       113      6167     55405   
26.21       86       176      7203     35460   
16.04       61       99       4087     55736   
15.22       65       101      5291     58626   
15.37       72       113      1997     57884   
17.24       81       125      5919     52141   
107.30      1099     1140     10783    9097    
20.31       66       114      6903     44783   
15.85       69       114      1981     55789   
15.72       74       116      2159     56664   
16.73       79       116      7863     53693   
34.88       78       1099     8319     27033   
15.27       63       102      5299     58145   
16.16       71       113      6059     54727   
16.05       75       116      4199     55644   
23.52       85       140      7067     39316   
18.75       61       110      11215    48060   
15.53       65       107      6603     57040   
16.49       73       117      5367     54202   
16.40       78       118      7771     54648   
26.34       68       257      7043     35168   
14.71       62       100      3997     60304   
15.60       69       107      2265     57259   
16.33       75       112      6151     54944   
28.94       86       1065     7571     32243   
14.92       62       100      6487     59417   
14.56       65       103      2077     60970   
16.21       73       114      5235     55340   
19.97       81       127      6475     45528   
18.40       60       104      8519     49323   
15.95       67       106      6375     56383   
16.03       72       114      5991     55677   
16.52       78       120      6147     54178   
28.48       77       1066     7131     32676   
14.94       62       102      5419     59438   
15.14       68       107      6103     58951   
16.04       76       117      4175     55576   
31.23       90       1060     12055    30216   
14.48       60       100      3985     60940   
15.73       66       106      5207     56576   
16.10       73       113      4215     55437   
18.99       79       122      6367     47792   
21.42       63       120      7787     42685   
14.45       63       100      5063     61306   
16.37       73       114      5503     54615   
16.41       79       119      6227     54510   
28.16       88       326      8139     33131   
15.93       64       103      5879     56036   
15.32       67       105      5267     58192   
15.94       75       116      2030     55905   
22.74       83       143      5463     40572   
18.57       65       112      4061     48491   
14.79       67       104      1998     59851   
16.09       74       113      3925     55601   
16.97       80       124      6175     52672   
80.35       1060     1138     24991    12049   
15.57       64       105      5163     56860   
15.10       67       107      2197     58656   
16.16       73       113      5315     55282   
17.62       80       121      4123     51084   
31.71       71       1111     8415     29458   
14.60       64       105      4081     61039   
15.73       70       110      5479     56589   
15.57       74       112      4075     57479   
27.62       78       1061     9375     33697   
14.68       62       99       6539     60475   
16.93       71       112      6807     52673   
16.57       75       116      7727     53946   
21.86       84       146      7787     41696   
17.82       61       101      4231     50768   
15.00       65       103      2079     59215   
15.74       73       110      3795     56685   
16.89       79       117      4127     53217   
28.72       75       1066     13231    32471   
15.05       65       105      3923     58719   
15.79       70       111      5247     56485   
16.01       75       113      3949     56509   
30.33       89       1073     11335    30894   
15.03       62       102      5471     58933   
15.25       68       108      6111     58375   
15.96       74       114      4127     55932   
17.61       82       123      8943     51113   
25.04       67       177      7547     36821   
15.58       66       106      4343     56965   
15.67       70       112      4291     56867   
16.14       77       115      4487     55411   
26.45       75       257      4579     35091   
15.52       63       101      6827     57472   
15.70       68       108      5471     56821   
15.93       75       113      2020     56107   
26.05       85       164      9407     35634   
18.65       62       108      5391     48418   
15.64       65       104      9735     56999   
15.46       72       113      1930     57343   
16.81       80       123      4175     53471   
94.39       1068     1113     30831    10377   
24.37       65       185      5323     37902   
15.04       65       106      5395     58960   
15.70       71       110      3973     57120   
16.78       77       117      6535     53729   
42.53       98       1114     9375     22412   
1104.54     1149     1612     23151    895     
1088.95     1149     1921     23247    906     
18.45       63       110      4839     49224   
15.22       69       109      2027     58299   
16.32       74       121      4167     54549   
16.62       78       118      4251     54083   
117.65      1122     1144     15303    8287    
262.93      1133     1149     23647    3745    
15.41       63       106      4227     57481   
15.39       67       106      4011     57849   
15.64       73       114      4243     57095   
17.64       81       125      5359     51110   
1085.85     1154     1886     16799    909     
25.22       66       199      7747     36656   
15.98       66       109      5671     55513   
16.90       74       118      7687     52705   
16.17       77       117      1947     55230   
45.63       100      1126     9039     20884   
15.97       60       104      6283     56011   
15.33       67       109      5395     58077   
15.85       72       115      1900     56344   
16.87       78       121      7359     53438   
1088.85     1150     1176     17215    905     
249.02      1136     1150     27983    3944    
14.91       61       104      5871     59493   
15.49       66       106      4267     58238   
16.40       75       119      5703     54359   
16.64       79       121      3877     54013   
1083.59     1148     1637     15199    913     
105.06      1122     1146     22399    9255    
14.79       64       103      3949     59936   
15.98       69       110      3957     55713   
15.70       73       114      3965     56935   
22.32       84       144      6531     41133   
1096.29     1152     1736     16071    901     
68.46       150      1141     17039    14020   
15.00       62       104      4107     58991   
15.53       68       111      5879     57171   
16.14       75       117      4017     55208   
23.32       84       144      5659     39566   
1079.42     1140     2195     16215    919     
25.67       67       166      6803     35979   
15.01       63       109      4123     59584   
15.64       70       115      5407     56908   
17.36       80       125      5399     51671   
31.01       88       1070     5807     30372   
36.60       74       1127     16511    25772   
15.76       64       108      4951     56344   
16.45       74       119      6967     54475   
16.59       77       120      4323     54133   
26.31       77       274      5859     35373   
14.61       60       103      1985     60270   
15.72       68       108      4037     56825   
16.03       75       116      2601     55707   
21.68       83       141      5483     42342   
80.57       1072     1125     22031    12025   
14.86       63       104      4159     59679   
16.11       71       115      4155     55552   
15.97       74       116      5379     56132   
27.15       86       187      10879    34268   
1092.71     1145     2283     12183    905     
20.58       63       118      5079     44383   
15.08       65       107      4359     58798   
16.26       72       119      4363     54601   
16.16       77       122      4163     55336   
45.88       99       1123     10903    21021   
14.75       62       105      5683     59984   
15.78       69       112      4479     56325   
16.61       74       116      6543     53856   
19.74       79       129      6567     45973   
91.46       1070     1131     10407    10640   
15.22       61       105      4295     57882   
16.09       67       111      6095     55277   
15.88       73       114      4219     56094   
20.35       83       139      5687     44647   
20.05       62       116      4069     45380   
15.47       65       106      5635     57663   
16.15       71       112      2093     55123   
16.11       76       116      6731     55565   
27.04       74       302      12447    34423   
14.36       61       100      3965     61599   
17.71       71       114      14087    50744   
15.56       75       115      2075     57306   
24.49       85       156      6219     37792   
1080.08     1147     1187     18207    914     
15.44       62       102      6255     57359   
15.61       68       106      4203     56898   
15.81       74       113      2547     56266   
16.67       79       117      7395     54009   
83.99       1066     1136     20143    11570   
14.68       62       100      5691     60475   
15.21       67       104      4071     58483   
16.09       73       115      4371     55663   
23.99       82       142      10199    38504   
22.80       63       131      6935     40338   
14.95       64       105      4263     59287   
15.45       69       109      5427     57752   
15.72       74       113      4239     56848   
25.46       68       177      8327     36316   
14.43       61       100      4815     61189   
16.22       71       110      5507     55526   
16.83       78       122      2022     53004   
24.42       86       157      6503     37749   
16.84       62       105      7847     53172   
16.92       69       108      7387     53116   
14.88       72       111      956      59465   
17.91       82       123      5731     50361   
271.32      1130     1147     23279    3629    
14.77       62       103      4279     59829   
14.71       65       103      2087     60269   
15.64       73       112      1906     56940   
20.00       80       125      4379     45748   
1096.39     1144     1567     17855    903     
28.88       67       1076     10735    32089   
14.97       64       103      4127     59103   
15.79       70       114      5527     56222   
15.92       76       118      4343     56208   
40.68       92       1122     12295    23338   
14.67       59       97       8567     60933   
15.25       66       106      5563     58211   
16.82       75       117      6635     53200   
16.62       79       122      6619     53864   
26.85       67       238      13767    34577   
15.77       65       104      7163     56412   
15.41       70       112      1481     57783   
16.07       78       117      1850     55434   
29.25       84       1065     10039    31851   
15.27       62       101      4263     58173   
15.01       69       107      2285     59084   
16.43       75       114      5551     54656   
22.10       81       129      10223    41740   
65.22       112      1135     11719    14784   
15.55       64       104      6763     57080   
14.85       67       105      4447     59841   
15.76       74       113      4575     56666   
25.89       83       182      7499     35949   
34.71       66       1070     12255    27275   
15.84       64       106      5467     56181   
15.48       68       107      4375     57562   
16.76       75       119      6963     53261   
29.28       87       1059     11023    32172   
36.92       69       1133     10351    25492   
14.44       63       102      4391     61186   
16.02       70       109      5195     55781   
16.37       76       122      4451     54560   
30.00       84       1062     16103    31173   
14.73       61       103      4271     59832   
17.23       70       112      9207     51891   
15.94       74       114      4719     55852   
16.35       77       115      6415     54912   
24.68       64       164      6019     37449   
15.35       66       105      4471     57706   
16.60       70       109      12687    54087   
16.05       76       113      4515     55723   
40.09       93       1129     10759    23682   
15.56       61       101      5955     57058   
15.35       67       108      4267     57912   
16.20       73       113      4403     55011   
17.23       79       120      6935     52225   
1085.58     1129     1953     20079    915     
15.58       62       101      8391     57103   
15.05       68       110      4375     59127   
15.94       73       113      4591     56095   
16.62       81       119      4515     54094   
1122.59     1155     1903     15783    880     
22.94       67       134      8011     40020   
15.67       66       105      6347     56793   
15.90       72       111      4331     56023   
16.65       78       118      6883     53727   
28.05       74       640      10783    33192   
14.70       63       100      5923     60522   
16.23       71       113      7103     54806   
16.20       74       114      4939     55281   
22.16       84       133      5855     41598   
18.78       62       110      7711     48346   
15.67       68       107      6147     56682   
16.25       72       115      5715     54906   
16.56       78       117      6579     54267   
70.10       173      1121     13527    13812   
55.71       94       1139     16543    17284   
14.03       62       100      1908     62821   
15.96       70       114      4371     55795   
16.87       74       113      7379     53253   
29.94       88       1068     13199    31244   
1127.72     1146     1580     21791    878     
1106.97     1153     1422     26271    891     
1115.95     1150     2016     29695    887     
17.22       64       109      4619     51561   
14.38       64       104      1804     61534   
15.98       72       113      5855     55913   
16.45       78       119      1858     55138   
466.62      1145     1169     20079    2108    
1086.89     1151     1670     16463    908     
17.25       61       106      6983     51894   
16.21       67       109      6175     54845   
14.76       70       107      1857     60261   
17.57       80       124      6735     51233   
285.35      1136     1154     24111    3462    
14.31       59       99       4363     61564   
15.62       66       106      4671     56992   
15.38       71       111      4743     57841   
21.58       81       130      10375    42452   
1096.19     1136     1650     25135    905     
19.10       63       109      8319     47306   
15.28       65       107      4551     58159   
15.57       70       112      1105     57094   
17.40       76       119      10815    52390   
81.51       1066     1129     14511    11919   
16.44       60       104      9151     54202   
15.36       67       109      4155     57640   
16.34       71       115      7103     54711   
17.26       79       125      7211     52019   
68.52       150      1131     15951    14096   
1068.57     1151     2367     15719    927     
24.80       65       165      5411     37386   
15.00       63       102      4271     59293   
15.06       69       108      2093     58920   
15.75       78       117      1984     56733   
117.16      1081     1141     26623    8403    
1083.66     1148     1992     16607    914     
1132.68     1151     1259     22527    873     
16.91       61       103      6851     53001   
15.47       65       108      6535     57451   
16.61       71       111      11711    54164   
16.67       79       119      4675     53788   
60.02       119      1129     12207    16057   
25.83       68       179      10311    35705   
15.31       65       108      4383     57874   
15.50       69       109      4331     57464   
16.07       76       117      4403     55660   
100.97      1073     1122     23503    9664    
39.09       71       1107     12607    24138   
14.77       61       101      5695     60140   
15.54       69       109      4355     57136   
16.37       73       113      7523     54964   
38.48       95       1080     12167    24545   
24.01       62       188      4631     38552   
15.41       65       107      4443     57578   
16.38       69       114      5767     54469   
15.84       76       117      1782     56283   
38.68       93       1073     19407    24554   
1083.90     1149     2059     17951    913     
19.39       65       115      6639     46593   
14.74       65       106      2091     60076   
15.83       71       114      6131     56215   
15.76       79       119      1852     56754   
112.05      1115     1143     15135    8749    
26.48       66       188      11319    35004   
15.09       64       104      4579     58844   
16.03       69       109      6559     55532   
16.50       76       119      9503     54283   
68.97       153      1136     12791    14010   
29.90       67       1087     11119    31140   
15.15       65       105      4699     58471   
16.03       69       111      7051     55455   
17.76       79       126      4823     50325   
25.19       84       157      5731     36855   
16.91       62       105      8295     53024   
15.75       65       108      5355     56349   
16.51       71       114      5863     54011   
15.98       77       117      2201     56365   
26.63       64       289      11975    34835   
14.85       63       103      4499     59478   
16.02       69       110      5583     55631   
16.22       77       117      4467     55109   
48.01       95       1131     13151    19919   
76.54       1061     1140     18255    12618   
14.03       59       97       2017     62999   
15.58       71       111      2147     57208   
16.79       75       115      10591    53226   
27.78       85       225      7475     33525   
1140.00     1151     2303     20175    865     
113.18      1096     1133     17967    8620    
14.22       61       98       5683     62072   
15.76       66       105      6143     56652   
15.77       74       112      4587     56673   
18.67       79       121      6439     48595   
23.13       64       137      7443     39656   
15.12       64       104      4511     58553   
15.52       70       109      6343     57316   
15.48       74       113      1853     57714   
42.99       78       1133     14535    22079   
14.02       58       95       5939     62857   
17.26       66       108      8871     52038   
15.60       72       111      4403     57047   
22.63       82       138      10375    40579   
17.94       60       102      5867     50165   
15.58       66       103      5559     57068   
14.83       70       106      1594     59748   
16.94       79       121      5911     52919   
69.04       158      1138     12375    13982   
14.57       62       102      1627     60524   
15.50       68       104      5247     57551   
16.16       73       113      4435     55384   
20.39       81       129      9543     44826   
1105.77     1151     1901     15223    892     
48.57       78       1091     13519    19727   
15.12       63       104      5959     58385   
15.26       67       106      2415     58207   
15.91       74       111      4563     56180   
26.54       86       167      11239    34987   
1100.77     1149     2187     32415    926     
14.34       61       97       4651     61589   
15.40       66       106      5783     57637   
16.08       73       114      4499     55466   
17.87       80       120      6619     50474   
290.66      1139     1152     23487    3378    
15.14       61       99       7763     58648   
15.95       65       109      7339     55653   
16.30       73       114      6895     54696   
19.75       79       127      11503    45990   
69.04       138      1137     17471    13945   
15.10       59       98       8215     58652   
15.11       67       102      1793     58802   
15.16       71       107      4259     58829   
20.24       80       124      8847     45144   
18.33       61       102      7135     49326   
15.49       67       106      4567     57413   
15.52       71       110      4531     57194   
17.77       80       119      6427     50682   
1065.61     1148     1767     18479    929     
390.13      1125     1147     28143    2532    
15.01       59       95       6851     59044   
15.19       65       103      6983     58474   
15.31       70       110      2026     57993   
18.57       77       119      6963     48765   
1113.90     1150     2051     19359    888     
44.91       70       1123     7535     21217   
14.28       60       97       4571     62786   
15.31       68       107      5811     57855   
15.67       73       112      4667     56769   
34.23       89       1081     13743    27515   
36.58       69       1071     12375    25962   
15.05       64       100      5791     58733   
15.87       69       110      6307     55873   
16.62       74       112      10167    53766   
27.23       80       266      11935    34168   
14.41       59       95       4727     61131   
16.29       66       105      8287     54632   
15.92       73       112      4595     55851   
18.05       79       118      5799     50029   
24.32       65       153      9271     37724   
16.28       64       105      6083     54640   
15.61       69       104      4899     57125   
16.67       77       115      6019     53739   
49.00       98       1110     11055    19563   
25.02       63       159      11687    36914   
14.92       63       101      5703     59290   
16.09       70       108      4747     55254   
15.67       75       113      1851     56901   
35.82       86       1089     12639    26420   
1092.86     1152     2151     14143    903     
18.25       60       105      7907     49310   
14.86       66       103      1916     59336   
15.71       73       109      2395     57578   
17.62       80       120      7023     51241   
59.08       92       1136     15439    16274   
14.90       61       97       5927     59512   
15.31       66       104      1218     58019   
16.73       75       113      9839     53617   
20.43       80       119      11655    44981   
1089.61     1145     1440     14783    916     
16.09       63       100      6003     55033   
15.76       67       104      8131     56366   
17.56       73       114      5443     51140   
27.94       83       946      6439     33326   
14.93       65       101      5947     59293   
15.55       70       106      4831     57329   
16.95       73       115      5251     52639   
15.85       64       103      10199    55990   
14.88       70       106      1928     59606   
16.23       68       107      9527     54908   
14.79       64       100      4663     59875   
15.06       71       109      1829     58950   
16.50       73       114      4855     53938   
15.02       65       101      4643     59021   
15.74       71       107      4691     56545   
15.61       68       107      4595     56926   
16.20       67       105      6415     54949   
16.72       73       114      8775     53299   
16.33       75       112      5979     54662   
15.09       64       105      4595     58618   
16.20       71       110      6283     55095   
16.40       79       117      6295     54422   
15.34       63       102      6855     57869   
15.71       68       106      4631     56599   
15.56       73       109      1235     57410   
16.06       72       111      4979     55672   
14.91       65       102      2779     59207   
16.14       71       108      7011     55362   
16.40       77       114      6895     54599   
15.99       67       105      6299     55876   
15.70       68       106      1935     56484   
15.79       74       113      4887     56369   
16.51       71       112      11143    54202   
15.70       65       105      4839     56428   
15.41       68       107      7663     57874   
16.34       76       116      7255     54580   
16.00       68       108      6947     56191   
15.98       70       108      4819     55684   
17.39       75       116      11311    51475   
16.36       79       116      1723     55395   
15.18       63       100      7071     58522   
16.19       71       112      7439     54894   
16.79       76       113      8223     53381   
28.07       85       212      13551    33198   
14.11       61       95       4903     62544   
15.59       67       104      5219     57046   
16.25       73       113      7243     54736   
16.43       81       118      1762     54506   
26.64       68       235      8575     34837   
16.58       67       105      8655     53707   
15.88       72       110      4763     56024   
17.13       77       117      7139     52388   
29.18       80       1064     13559    32021   
14.27       60       97       5103     61808   
15.90       68       107      4979     56429   
15.46       74       113      2019     57494   
21.56       85       142      9223     42305   
20.99       64       115      9287     43311   
15.90       68       107      5123     55741   
16.56       72       113      9055     54110   
16.65       78       116      7747     53818   
27.27       72       1059     8607     33979   
14.97       62       100      5659     58937   
15.55       67       106      7523     57167   
16.36       73       114      7207     54660   
23.91       82       153      6103     38675   
49.62       78       1135     13823    19238   
14.37       61       99       4843     61426   
15.76       69       107      5139     56489   
16.45       76       117      4695     54064   
26.32       86       158      14327    35094   
1089.86     1152     1967     16783    907     
32.48       72       1107     10791    28812   
14.88       61       97       4967     59599   
15.19       68       104      5179     58606   
16.30       77       116      6079     54940   
41.27       93       1123     13135    22970   
24.66       67       154      6555     37361   
15.81       65       106      6063     56269   
15.52       69       108      5091     57239   
16.74       77       116      6283     53514   
36.14       91       1113     4999     26169   
1084.64     1150     1844     14639    911     
19.81       68       115      5347     45518   
16.23       69       107      5071     54810   
15.72       73       110      4863     56459   
16.87       78       115      6723     53297   
127.18      1097     1141     25599    7767    
25.18       65       212      6067     36617   
16.22       63       102      7063     55062   
16.11       70       111      5271     55041   
17.10       75       117      9407     52288   
39.27       95       1074     12615    24129   
17.94       60       104      9207     50006   
14.94       63       100      6515     59333   
16.99       74       117      6187     52373   
17.29       79       117      7407     52338   
76.77       327      1139     14503    12591   
101.78      1098     1142     23951    9526    
14.12       60       95       2125     62612   
15.63       68       108      1888     56724   
16.57       74       112      7395     53853   
20.19       83       130      6807     44970   
1142.13     1154     1968     28415    863     
24.05       66       146      9991     38214   
15.52       65       104      4911     57100   
16.04       71       110      6015     55467   
16.49       77       116      5439     54181   
51.04       105      1133     13959    18768   
122.10      1111     1142     20287    7984    
14.73       61       99       7115     60152   
15.04       66       103      3073     59165   
15.44       72       108      4855     57898   
18.85       81       126      6439     47772   
1067.54     1155     1213     16015    922     
19.88       64       112      5155     45498   
15.90       66       103      7323     56079   
16.02       71       109      5019     55624   
17.16       78       119      4999     52242   
27.44       74       285      10167    33893   
14.96       63       98       5115     59213   
15.91       69       107      5223     55811   
16.58       75       112      6211     54100   
28.16       86       288      13503    33020   
1084.38     1148     1314     15927    910     
15.06       59       95       4851     58892   
16.77       67       105      7135     53223   
15.57       71       105      1613     57281   
17.56       79       117      13287    51251   
202.91      1125     1146     19279    4830    
45.79       79       1139     9887     20677   
15.25       62       99       7059     58113   
15.71       67       105      5091     56627   
16.24       76       114      4971     54809   
31.09       87       1086     12439    30172   
1137.96     1148     2561     24479    873     
53.10       83       1135     6643     17999   
14.44       61       93       5019     61258   
16.25       69       110      7379     54820   
16.35       76       115      6431     54375   
26.99       85       151      17951    34406   
23.36       62       131      8019     39500   
14.85       63       98       5023     59616   
16.17       68       107      9695     55205   
16.50       77       118      4811     53969   
45.59       95       1124     12615    20856   
41.42       68       1122     17151    22932   
15.39       61       98       6627     57587   
15.16       67       103      4983     58535   
17.44       73       109      6859     51719   
21.59       81       134      5527     42324   
19.14       61       109      6151     47132   
14.04       62       96       1880     62818   
15.57       71       108      2977     57071   
16.57       80       117      1811     53911   
182.74      1136     1150     19039    5359    
1124.15     1153     1664     18671    877     
19.92       65       110      6815     45480   
15.55       66       101      7179     57199   
14.79       69       102      1105     59965   
16.79       77       114      7707     53846   
466.61      1142     1158     16847    2131    
263.20      1140     1154     24399    3727    
15.26       60       98       6975     57880   
14.61       66       99       1709     60680   
16.08       73       111      5155     55292   
20.09       81       127      5155     45301   
726.79      1135     1277     22623    1363    
15.16       60       96       6595     58333   
15.52       65       104      7263     57052   
16.39       73       110      8551     54181   
17.28       80       119      8239     51746   
26.28       63       338      8171     35278   
14.91       61       99       6231     59256   
16.02       67       105      6571     55490   
16.28       74       110      7831     54891   
25.15       76       157      6223     36833   
15.04       61       95       6719     58799   
15.36       66       104      3977     57438   
15.95       73       107      8327     55871   
20.55       82       123      10367    44337   
20.18       62       106      6163     45129   
14.69       63       100      1714     60094   
16.54       70       108      6767     54021   
17.33       79       116      5403     51608   
28.63       69       1066     7619     32387   
14.51       62       96       2491     60786   
15.22       68       103      5135     58239   
17.09       75       115      6599     52383   
29.37       86       1062     9263     31685   
14.80       59       93       7895     59933   
15.30       66       104      5535     57829   
17.46       77       117      5539     51151   
17.71       83       122      5723     50635   
26.85       66       283      17103    34668   
15.30       63       99       6615     57762   
15.62       67       104      6451     56760   
16.53       73       107      8047     54283   
30.18       86       1067     11975    31077   
15.09       61       94       7215     58691   
15.59       64       101      5247     57120   
15.23       71       105      4383     58480   
17.46       80       116      5759     51545   
25.62       65       168      11343    36539   
14.95       64       99       6343     59160   
15.30       70       104      4267     58293   
16.27       75       111      5207     55001   
23.88       64       138      7231     38698   
14.44       60       95       6619     61403   
15.55       69       107      5503     57081   
15.69       76       110      5083     56837   
31.55       82       1082     16175    29703   
14.03       59       93       6251     62643   
16.08       68       104      6275     55353   
16.88       74       114      8039     52849   
19.64       78       123      5227     46216   
19.42       60       104      6747     46758   
15.43       65       104      7963     57277   
15.35       69       102      6691     58104   
15.94       76       111      5043     56050   
30.24       79       1043     15807    30872   
14.89       63       99       6287     59294   
15.02       67       103      1729     58921   
15.67       73       109      1139     56811   
21.21       82       130      10887    43232   
19.55       63       105      5383     46462   
16.15       67       105      5375     55045   
15.85       73       112      1785     55826   
16.53       77       114      7371     54114   
425.04      1144     1156     31855    2315    
1117.32     1150     1201     25999    885     
15.81       60       96       5767     56239   
15.03       66       101      3131     59552   
15.83       72       109      6415     56300   
16.79       76       113      7719     53467   
630.34      1144     1178     15767    1564    
1090.54     1151     1470     17423    906     
24.45       67       134      6883     37475   
14.97       62       97       6391     59166   
15.13       69       102      2401     58631   
15.39       74       110      1233     57882   
45.09       94       1124     19679    21314   
14.65       61       98       5155     60157   
16.11       69       109      6943     55051   
15.91       72       109      5399     56003   
17.27       78       117      2008     52131   
1117.81     1150     2265     16399    884     
103.70      1070     1123     24959    9411    
14.41       61       97       1737     61047   
15.49       69       104      6383     57167   
16.36       74       111      7099     54512   
30.69       86       1096     9039     30520   
30.29       65       1099     13631    30899   
15.18       62       99       6387     58269   
15.68       67       104      5139     56586   
15.21       73       105      1838     58543   
26.35       83       145      11351    35258   
1158.45     1154     1199     34719    851     
1204.41     1161     2981     35647    818     
48.64       84       1096     14727    19644   
15.44       65       102      5363     57115   
15.65       68       107      2527     56638   
16.19       75       113      2515     55040   
31.67       83       1112     13735    29621   
1125.77     1151     1556     38527    878     
1149.17     1153     1262     36927    861     
16.51       61       99       8719     53933   
15.68       64       100      5367     56566   
15.61       71       106      5463     56913   
18.55       80       119      6539     48456   
85.22       1067     1136     17391    11380   
14.59       59       91       9255     60663   
14.94       65       102      2783     59172   
17.43       76       120      7327     50981   
17.28       78       115      9871     52654   
1081.17     1146     1209     19647    914     
79.27       300      1142     23759    12182   
14.43       61       95       5447     61173   
16.42       69       106      7263     54224   
16.47       73       110      6615     54261   
23.57       86       147      5299     38987   
17.06       60       99       9479     52523   
15.41       65       102      7055     57666   
16.35       70       107      7567     54825   
16.62       78       116      2193     53604   
81.99       1072     1142     18367    11795   
1183.21     1155     2315     33471    834     
22.23       64       115      6055     41115   
15.39       66       102      6287     57614   
15.12       69       102      2265     58764   
16.87       78       112      5387     53057   
115.17      1102     1141     19983    8458    
1115.80     1150     2295     15743    887     
99.06       1099     1142     15319    9812    
15.01       62       95       6355     58930   
15.29       66       101      2129     57881   
15.48       73       107      1906     57449   
20.79       81       132      7647     43815   
1124.67     1144     2023     26655    880     
36.66       68       1075     10079    25800   
15.10       62       99       5507     58497   
15.45       68       103      5711     57523   
15.90       73       110      2139     55991   
35.51       85       1124     12335    26574   
30.08       66       1099     12903    30997   
15.40       62       96       8671     57792   
15.89       68       103      6815     56101   
16.88       74       110      11335    53143   
34.54       86       1072     6891     27325   
47.40       70       1123     17039    20167   
15.04       62       95       6527     58761   
16.82       70       107      8067     53066   
16.15       75       109      5295     55282   
25.70       85       154      6963     35985   
1124.90     1148     1589     17567    878     
19.46       61       101      9439     46548   
14.77       65       97       1250     59543   
14.90       71       102      1492     59211   
16.62       78       114      5383     53798   
918.49      1149     1186     28095    1076    
1154.44     1146     1917     37951    857     
1091.43     1148     2003     21071    906     
61.17       100      1116     15511    15821   
14.30       61       93       5635     61477   
16.38       67       99       8183     54665   
16.10       73       111      5411     55167   
