#mean       95th    99th    99.99th    IOPS
82.85       256      924      8503     22641   
117324.56   256      924      8263     22640   
56.77       174      408      7635     32429   
38405.71    174      408      7787     32430   
53.15       168      245      6779     34422   
inf         168      245      6779     34423   
55.96       169      249      6747     32849   
inf         169      249      6747     32850   
57.83       173      250      6239     31715   
inf         173      250      6239     31716   
52.98       161      229      5315     34896   
61645.60    161      229      5315     34895   
59.52       175      251      6691     30798   
61107.30    175      251      6691     30799   
53.60       156      233      5987     34267   
53.60       156      233      5987     34266   
57.79       162      237      6123     31675   
73296.84    162      237      6123     31676   
56.94       156      232      6267     32275   
613467.00   156      232      6267     32276   
56.36       157      230      4531     32504   
55582.09    157      230      4531     32503   
58.01       153      238      0        31513   
inf         153      238      0        31512   
55.53       145      229      6803     32933   
18.02       144      159      0        32934   
53.83       139      217      4867     33981   
inf         139      217      4867     33982   
55.70       141      214      5271     32809   
55.70       141      214      5271     32810   
38.89       117      159      3691     47055   
76266.50    117      159      3691     47054   
37.41       111      149      3597     48833   
37.41       111      149      3597     48834   
37.63       110      141      3527     48617   
1829760.00  110      141      3527     48618   
37.11       106      140      3385     49253   
37.11       106      140      3423     49254   
36.00       101      133      3491     50590   
1821282.00  101      133      3491     50591   
36.10       90       115      3339     50433   
36.10       90       115      3339     50434   
36.16       89       115      3361     50311   
56860.28    89       115      3361     50312   
35.55       89       115      3571     51113   
inf         89       115      3571     51114   
35.84       87       115      3357     50749   
inf         87       115      3357     50750   
35.82       87       114      3409     50829   
inf         87       114      3421     50830   
32.01       94       124      3483     56242   
32.01       94       124      3483     56241   
40.48       97       132      3745     45453   
57507.06    97       132      3745     45454   
33.28       97       127      3707     54220   
inf         97       127      3707     54219   
32.54       94       125      2867     55535   
32.54       94       125      2867     55534   
32.33       95       126      3071     55914   
129134.43   95       126      3071     55913   
33.25       94       126      3363     54443   
33.25       94       126      3363     54444   
34.26       94       127      3263     52901   
37768.33    94       127      3263     52902   
34.68       93       126      3389     52350   
34.68       93       126      3389     52351   
35.05       94       127      2581     51819   
35.05       94       127      2581     51818   
34.91       93       126      2307     52053   
34.91       93       126      2307     52052   
34.80       93       125      3245     52217   
inf         93       125      3245     52218   
34.26       92       125      2999     53043   
inf         92       125      2999     53044   
35.08       92       125      2661     51799   
inf         92       125      2661     51800   
35.15       92       126      3191     51700   
35.15       92       126      3191     51701   
35.61       92       126      3103     51088   
35.61       92       126      3103     51087   
35.37       91       125      2761     51447   
inf         91       125      2761     51448   
35.08       91       125      3369     51882   
35.08       91       125      3369     51881   
36.15       91       125      3049     50379   
inf         91       125      3323     50380   
36.00       91       126      3277     50583   
inf         91       126      3277     50584   
31.38       97       133      1997     57383   
31.38       97       133      2019     57384   
43.71       103      155      3735     42213   
inf         103      155      3733     42212   
46.44       117      184      0        39168   
inf         117      184      0        39169   
51.39       136      194      0        35041   
inf         136      194      0        35042   
45.65       112      180      3561     39969   
203039.00   112      180      3561     39970   
51.76       129      187      3627     35173   
62869.72    129      187      3627     35174   
47.69       117      181      3539     38194   
455766.25   117      181      3539     38195   
47.48       117      186      3125     38387   
38068.48    117      186      3125     38386   
51.69       128      186      3485     35190   
51982.74    128      186      3485     35189   
52.07       130      186      0        34870   
25273.76    130      186      0        34869   
51.73       127      188      3387     35220   
51.73       127      188      3387     35219   
50.12       121      189      3351     36244   
47994.05    121      189      3351     36243   
52.73       126      187      3425     34525   
40541.04    126      187      3425     34526   
51.03       117      186      3599     35816   
52256.46    117      186      3599     35815   
44.76       108      161      3197     40910   
44.76       108      161      3189     40909   
52.82       122      189      0        34497   
23703.21    122      189      0        34498   
48.62       115      185      0        37416   
21237.12    115      185      0        37417   
40.34       101      145      3423     45235   
inf         101      145      3423     45236   
33.26       81       111      2197     54399   
inf         81       111      2197     54400   
34.06       81       110      1982     53246   
40304.36    81       110      1982     53247   
34.60       81       110      2685     52425   
34.60       81       110      2685     52426   
34.73       79       110      1948     52246   
34.73       79       110      1974     52247   
35.24       77       110      2036     51546   
inf         77       110      2036     51547   
34.47       79       109      2791     52690   
34.47       79       109      2791     52691   
29.59       90       121      2667     60424   
29.59       90       121      2667     60423   
39.37       91       125      3653     46719   
39.37       91       125      3653     46718   
31.41       89       120      3423     57456   
inf         89       120      3423     57457   
32.00       88       119      1939     56454   
32.00       88       119      1939     56453   
31.89       88       119      3221     56613   
31.89       88       119      3221     56612   
32.97       89       120      3297     54868   
inf         89       120      3297     54869   
33.05       90       120      2059     54779   
33.05       90       120      2059     54778   
33.16       89       120      2469     54570   
33.16       89       120      2469     54569   
32.82       89       119      1970     55136   
32.82       89       119      1970     55137   
33.03       87       117      1841     54873   
33.03       87       117      1850     54874   
33.62       87       118      1836     53933   
33.62       87       118      1836     53932   
33.67       88       116      1835     53876   
33.67       88       116      1835     53875   
33.98       88       116      1816     53405   
33.98       88       116      1824     53406   
34.77       88       121      1928     52146   
inf         88       121      1928     52147   
34.43       86       116      2004     52716   
47772.47    86       116      2004     52715   
34.68       87       116      1900     52355   
43238.19    87       116      1900     52356   
34.87       85       113      1913     52140   
121336.67   85       113      1913     52141   
35.07       86       113      1809     51892   
inf         86       113      1809     51893   
31.14       90       121      1877     57872   
1802305.00  90       121      1877     57873   
38.03       98       134      3737     48172   
57327.19    98       134      3737     48173   
47.84       115      171      1912     37911   
37051.00    115      171      1912     37910   
47.03       113      168      1842     38510   
42148.37    113      168      1842     38511   
46.42       111      167      3533     39050   
36263.88    111      167      3533     39051   
42.33       106      159      3207     42940   
47875.00    106      159      3207     42939   
46.79       112      166      3611     38864   
inf         112      166      3611     38865   
48.61       113      170      3319     37409   
44406.41    113      170      3319     37408   
48.64       113      171      3145     37497   
48.64       113      171      3259     37498   
47.58       111      164      1952     38274   
47.58       111      164      1952     38275   
50.32       115      172      2747     36231   
44564.22    115      172      2747     36230   
51.87       117      176      0        35017   
28029.18    117      176      0        35016   
51.60       115      172      2897     35289   
51.60       115      172      2897     35288   
52.52       117      176      2821     34657   
202574.11   117      176      2821     34656   
48.00       113      169      1917     37881   
40495.82    113      169      1917     37882   
50.34       114      170      2787     36235   
50.34       114      170      2787     36236   
49.87       114      172      1936     36512   
49.87       114      172      1936     36511   
33.90       87       121      1842     53578   
33.90       87       121      1842     53579   
33.74       84       119      1955     53756   
33.74       84       119      2004     53757   
32.47       67       96       1851     55619   
32.47       67       96       1851     55620   
33.20       68       96       2020     54480   
33.20       68       96       2020     54481   
33.08       66       95       1888     54686   
33.08       66       95       1888     54685   
33.94       67       96       1799     53365   
47665.18    67       96       1799     53364   
30.67       76       106      1817     58417   
30.67       76       106      1817     58416   
36.40       78       112      3215     50103   
36.40       78       112      3215     50103   
31.84       80       110      2423     56520   
31.84       80       110      2423     56519   
31.57       78       108      1800     57062   
31.57       78       108      1800     57063   
31.59       77       107      1852     57070   
inf         77       107      1852     57071   
32.37       78       109      1837     55739   
32.37       78       109      1837     55738   
32.09       78       108      1833     56280   
32.09       78       108      1833     56281   
32.35       79       109      1848     55835   
32.35       79       109      1848     55834   
32.69       78       108      1883     55258   
32.69       78       108      1873     55257   
33.64       79       109      1875     53838   
33.64       79       109      1879     53839   
33.23       79       109      1912     54467   
33.23       79       109      1912     54468   
33.57       78       108      1837     53952   
33.57       78       108      1837     53953   
33.53       78       109      1864     54075   
33.53       78       109      1864     54074   
34.26       80       109      1872     52915   
34.26       80       109      1872     52916   
33.53       76       108      1823     54056   
33.53       76       108      1823     54057   
34.09       78       109      1871     53241   
inf         78       109      1871     53242   
34.80       78       109      1825     52168   
34.80       78       109      1809     52167   
35.46       80       110      1814     51213   
35.46       80       110      1814     51214   
31.98       80       115      1794     56489   
31.98       80       115      1794     56488   
30.25       88       120      1879     59301   
30.25       88       120      1879     59300   
53.04       106      175      4759     34752   
43892.81    106      175      4775     34753   
45.49       109      160      1910     39916   
35606.98    109      160      1910     39917   
41.07       102      153      1882     44182   
41.07       102      153      1882     44183   
47.55       113      163      1976     38059   
38525.36    113      163      1976     38058   
40.04       99       145      1858     45412   
40.04       99       145      1858     45413   
48.15       112      165      1979     37646   
86459.29    112      165      1979     37647   
49.41       115      169      1952     36615   
453107.50   115      169      1952     36614   
46.81       107      160      1940     38836   
39538.74    107      160      1940     38835   
48.14       110      165      2028     37812   
48.14       110      165      2028     37813   
43.45       103      158      1913     41803   
43.45       103      158      1944     41804   
45.78       107      160      3365     39775   
45.78       107      160      3365     39774   
47.79       109      162      2157     38075   
49268.43    109      162      2157     38076   
47.14       110      163      3415     38584   
55206.39    110      163      3415     38583   
47.37       109      163      1868     38351   
36387.98    109      163      1868     38352   
46.29       104      159      1945     39395   
46.29       104      159      1962     39396   
43.58       103      158      1901     41757   
inf         103      158      1901     41758   
33.62       84       118      1833     53991   
33.62       84       118      1833     53992   
33.55       83       118      1867     54097   
33.55       83       118      1867     54098   
32.47       71       105      1809     55672   
inf         71       105      1809     55673   
32.53       64       94       1894     55576   
32.53       64       94       1894     55577   
32.84       64       94       1878     55120   
inf         64       94       1878     55121   
28.65       71       103      1757     62331   
inf         71       103      1757     62332   
37.32       77       110      2879     49025   
37.32       77       110      2879     49024   
31.06       76       106      1821     58025   
31.06       76       106      1821     58024   
31.20       75       106      1836     57776   
inf         75       106      1836     57777   
31.85       77       107      1783     56639   
37584.48    77       107      1783     56640   
31.38       77       106      1854     57474   
31.38       77       106      1854     57475   
31.93       76       107      1858     56586   
100464.28   76       107      1858     56587   
32.11       77       107      1832     56228   
32.11       77       107      1832     56229   
32.02       77       106      1832     56450   
32.02       77       106      1832     56451   
32.36       77       106      1835     55902   
32.36       77       106      1835     55903   
33.74       77       108      1848     53629   
33.74       77       108      1848     53628   
33.06       76       106      1819     54742   
inf         76       106      1819     54743   
33.19       76       107      1857     54567   
inf         76       107      1857     54568   
34.21       77       107      1856     53111   
34.21       77       107      1856     53112   
34.83       78       108      1831     52181   
inf         78       108      1831     52182   
34.32       77       107      1857     52970   
inf         77       107      1857     52969   
34.95       77       108      1792     52017   
34.95       77       108      1792     52018   
35.19       77       107      1868     51753   
35.19       77       107      1868     51752   
30.10       83       117      1793     59574   
inf         83       117      1793     59573   
40.62       91       137      3153     45110   
49536.14    91       137      3153     45111   
43.38       105      156      1937     41618   
43.38       105      156      1937     41619   
41.82       100      150      1934     43264   
41.82       100      150      1934     43265   
47.40       114      164      1891     38023   
120486.47   114      164      1891     38024   
43.84       105      158      2002     41361   
41261.75    105      158      2002     41362   
46.92       109      160      1930     38629   
33591.54    109      160      1930     38630   
45.30       108      160      2789     39976   
38590.30    108      160      2789     39977   
43.13       101      154      1921     42044   
inf         101      154      1906     42043   
38.64       92       134      2035     47060   
43314.17    92       134      2035     47061   
47.23       107      158      1938     38451   
37843.08    107      158      1938     38452   
47.03       108      159      1878     38575   
47.03       108      159      1878     38576   
45.57       102      156      2005     39979   
inf         102      156      2005     39980   
46.80       109      160      0        38765   
25954.71    109      160      0        38764   
43.78       95       148      1878     41646   
inf         95       148      1878     41647   
46.18       108      159      1883     39311   
46.18       108      159      1883     39310   
45.01       100      153      1906     40480   
45.01       100      153      1906     40481   
47.21       104      158      1961     38568   
607692.00   104      158      1961     38567   
48.45       108      160      2003     37552   
46722.31    108      160      2003     37551   
47.51       103      155      1918     38351   
202453.89   103      155      1918     38352   
35.82       78       117      1835     50704   
inf         78       117      1835     50705   
33.61       64       93       1817     53834   
33.61       64       93       1817     53835   
33.36       64       93       1837     54323   
33.36       64       93       1837     54324   
29.82       68       101      1867     60057   
29.82       68       101      1867     60058   
35.61       74       107      1952     51096   
35.61       74       107      1952     51095   
30.21       75       104      2493     59471   
30.21       75       104      2493     59472   
30.29       74       104      1834     59282   
30.29       74       104      1834     59281   
30.60       76       104      1821     58785   
30.60       76       104      1821     58784   
30.49       75       104      1852     59044   
inf         75       104      1852     59045   
31.39       76       106      1826     57335   
31.39       76       106      1826     57336   
31.37       75       105      1797     57485   
31.37       75       105      1797     57484   
31.29       75       105      1826     57655   
31.29       75       105      1826     57656   
31.79       75       105      1823     56872   
31.79       75       105      1849     56873   
32.15       75       105      1793     56224   
32.15       75       105      1793     56223   
32.28       75       105      1803     55944   
32.28       75       105      1803     55945   
32.49       75       105      1860     55678   
inf         75       105      1860     55679   
32.19       73       105      1829     56178   
inf         73       105      1829     56179   
33.04       74       106      1848     54793   
33.04       74       106      1848     54794   
32.96       72       105      1871     54924   
32.96       72       105      1872     54925   
33.79       74       106      1832     53647   
33.79       74       106      1832     53648   
32.82       74       106      1856     55165   
32.82       74       106      1856     55164   
29.41       83       116      1863     60838   
inf         83       116      1863     60839   
43.16       90       142      3529     42531   
33377.49    90       142      3529     42532   
46.46       113      162      2093     38840   
inf         113      162      2093     38841   
46.06       109      159      1982     39271   
inf         109      159      1982     39270   
45.00       106      157      1953     40258   
45.00       106      157      1948     40257   
45.06       104      156      1962     40133   
39364.50    104      156      1962     40132   
45.28       105      151      1890     39992   
46446.85    105      151      1900     39993   
46.84       110      157      1919     38618   
46.84       110      157      1923     38619   
42.69       96       147      1901     42368   
45269.93    96       147      1911     42369   
48.09       111      159      2937     37598   
37772.88    111      159      2937     37597   
45.73       107      156      2003     39489   
45.73       107      156      2003     39490   
46.15       105      152      1926     39292   
605176.00   105      152      1926     39293   
41.36       94       141      1937     43895   
78974.87    94       141      1937     43896   
47.07       106      154      3029     38543   
49081.30    106      154      3029     38544   
47.45       108      155      1973     38209   
302180.67   108      155      1973     38208   
45.47       102      147      0        39980   
inf         102      147      0        39981   
44.54       95       143      2014     40855   
44.54       95       143      2014     40854   
48.32       108      157      1967     37589   
1817249.00  108      157      1921     37588   
38.88       86       126      1921     46845   
42359.14    86       126      1921     46846   
43.61       94       142      1974     41733   
44405.32    94       142      1974     41732   
33.21       65       93       1839     54361   
33.21       65       93       1839     54360   
32.55       63       91       1835     55512   
95139.11    63       91       1835     55511   
32.61       64       93       1828     55393   
32.61       64       93       1830     55394   
28.65       72       102      1860     62275   
inf         72       102      1860     62276   
34.91       74       105      2775     52122   
inf         74       105      2775     52123   
30.15       75       104      1844     59509   
30.15       75       104      1844     59510   
30.42       75       103      1838     59131   
inf         75       103      1838     59132   
30.81       74       103      1883     58597   
30.81       74       103      1886     58598   
31.16       75       104      1788     57773   
31.16       75       104      1788     57772   
31.35       74       104      1843     57467   
31.35       74       104      1843     57468   
31.56       75       104      1851     57142   
inf         75       104      1851     57143   
32.12       75       104      1873     56245   
inf         75       104      1873     56246   
32.39       75       104      1842     55768   
1806791.00  75       104      1842     55769   
32.66       75       104      1817     55312   
32.66       75       104      1823     55313   
32.83       75       104      1781     55034   
32.83       75       104      1781     55035   
32.12       73       103      1802     56283   
32.12       73       103      1802     56284   
32.62       74       104      1834     55443   
32.62       74       104      1834     55442   
32.48       73       103      1869     55665   
32.48       73       103      1869     55664   
32.81       73       104      1890     55140   
32.81       73       104      1890     55139   
32.71       73       102      1864     55333   
32.71       73       102      1864     55334   
30.83       79       110      1793     58235   
inf         79       110      1793     58236   
31.60       84       114      1960     57094   
200585.56   84       114      1960     57095   
47.71       112      160      2032     37929   
40296.56    112      160      2032     37928   
43.06       102      147      1963     41855   
43.06       102      147      1963     41856   
38.00       93       142      1913     47277   
38.00       93       142      1913     47278   
40.52       93       138      1918     44697   
40255.04    93       138      1918     44698   
40.44       93       140      1968     44787   
46448.46    93       140      1954     44786   
42.50       96       146      1936     42538   
41123.09    96       146      1936     42537   
40.43       94       141      2987     44741   
45273.28    94       141      2987     44740   
42.06       96       143      2053     43043   
42123.84    96       143      2053     43042   
41.83       93       137      1981     43439   
47819.34    93       137      1981     43440   
42.20       93       140      2014     43049   
42257.91    93       140      2014     43050   
40.18       92       137      0        45187   
47851.37    92       137      0        45188   
47.42       108      153      2009     38136   
47.42       108      153      2009     38137   
43.12       95       143      1897     42057   
inf         95       143      1897     42058   
37.19       85       121      1894     48992   
107199.41   85       121      1894     48993   
40.51       90       133      1866     44917   
39582.74    90       133      1866     44918   
43.51       94       141      2217     41682   
50418.78    94       141      2217     41683   
37.44       85       121      2013     48659   
42368.53    85       121      2037     48660   
46.55       103      147      1863     39002   
46.55       103      147      1865     39003   
37.78       79       120      1885     48013   
inf         79       120      1885     48014   
32.60       63       90       1855     55410   
32.60       63       90       1855     55409   
29.98       67       98       1910     59708   
29.98       67       98       1910     59709   
30.92       72       102      1988     58153   
225232.25   72       102      1988     58154   
31.05       73       101      2531     58133   
95119.53    73       101      2531     58134   
29.48       73       100      1879     60936   
29.48       73       100      1868     60935   
29.90       73       101      1873     60050   
29.90       73       101      1873     60051   
31.09       74       101      1880     57898   
inf         74       101      1880     57899   
30.85       72       101      1881     58409   
1801977.00  72       101      1881     58410   
30.72       73       100      1833     58678   
inf         73       100      1833     58679   
31.26       73       102      1824     57653   
31.26       73       102      1824     57652   
31.11       73       100      1820     57953   
inf         73       100      1820     57954   
31.65       73       100      1881     57055   
31.65       73       100      1881     57054   
31.74       73       100      1884     56900   
31.74       73       100      1884     56901   
31.75       71       99       1881     56895   
31.75       71       99       1881     56896   
31.91       72       101      1800     56603   
31.91       72       101      1800     56602   
31.93       71       98       1879     56574   
31.93       71       98       1879     56575   
32.62       72       100      1848     55506   
32.62       72       100      1848     55505   
32.75       71       98       1806     55302   
inf         71       98       1806     55303   
31.45       76       108      1813     57146   
31.45       76       108      1813     57147   
29.44       82       112      1773     60875   
inf         82       112      1773     60876   
45.43       92       145      3517     40216   
45.43       92       145      3517     40217   
41.97       99       146      2000     42794   
inf         99       146      2000     42795   
44.60       103      144      1988     40481   
45197.78    103      144      1988     40480   
43.76       96       141      2113     41430   
46490.33    96       141      2139     41431   
41.09       92       138      1879     44079   
1815411.00  92       138      1879     44080   
43.77       97       141      2037     41354   
inf         97       141      2037     41353   
46.19       104      147      2024     39175   
41181.00    104      147      2024     39176   
43.70       98       140      1994     41373   
43.70       98       140      1994     41372   
44.00       102      146      1863     41008   
inf         102      146      1880     41009   
48.00       110      152      2055     37656   
41212.93    110      152      2055     37655   
47.56       109      147      1705     37931   
905122.00   109      147      1705     37930   
40.85       89       131      2127     44621   
40.85       89       131      2127     44622   
40.47       88       129      2059     45027   
44450.78    88       129      2059     45028   
42.43       92       136      3077     42820   
1818250.00  92       136      3077     42821   
41.72       91       132      2057     43605   
41.72       91       132      2057     43606   
38.56       85       123      1962     47160   
69941.85    85       123      1962     47159   
45.32       98       141      1953     39970   
40254.49    98       141      1937     39969   
46.19       102      144      0        39186   
25559.76    102      144      0        39187   
45.72       100      144      2014     39624   
45.72       100      144      2014     39623   
34.54       76       103      2215     52560   
inf         76       103      2275     52561   
32.81       63       87       1744     55072   
32.81       63       87       1734     55071   
28.16       67       90       1912     63407   
28.16       67       90       1929     63408   
33.73       73       104      2125     53581   
inf         73       104      2125     53582   
29.50       73       95       2227     60880   
29.50       73       95       2221     60879   
29.62       73       94       1906     60605   
inf         73       94       1906     60606   
29.58       73       93       1833     60670   
1794850.00  73       93       1833     60671   
30.13       74       93       1905     59593   
30.13       74       93       1905     59594   
30.85       74       96       1853     58295   
75024.71    74       96       1853     58296   
31.44       74       97       1940     57327   
31.44       74       97       1940     57328   
31.19       72       92       1915     57769   
31.19       72       92       1915     57770   
31.72       72       95       1874     56899   
257900.43   72       95       1893     56900   
31.47       71       92       1879     57328   
46263.90    71       92       1880     57329   
32.16       72       96       1759     56090   
69451.62    72       96       1765     56091   
32.02       71       91       2002     56443   
32.02       71       91       2002     56444   
32.42       71       93       1839     55741   
inf         71       93       1839     55740   
33.40       73       97       1893     54159   
33.40       73       97       1893     54160   
33.11       72       92       1818     54686   
33.11       72       92       1818     54687   
33.43       71       93       1846     54199   
inf         71       93       1846     54200   
30.47       76       100      1918     59022   
inf         76       100      1918     59023   
29.15       81       105      1945     61476   
29.15       81       105      1945     61477   
46.21       109      152      3129     39155   
37083.61    109      152      3129     39154   
43.35       103      141      2291     41489   
40036.20    103      141      2291     41488   
38.11       90       132      2031     47313   
inf         90       132      2031     47314   
41.52       93       137      2427     43497   
41.52       93       137      2427     43496   
42.39       96       139      0        42479   
21200.04    96       139      0        42478   
44.98       100      142      0        40176   
inf         100      142      0        40175   
43.34       99       141      2449     41542   
inf         99       141      2449     41543   
39.39       90       134      2159     45864   
39.39       90       134      2159     45865   
41.99       94       137      1971     42972   
41.99       94       137      1971     42973   
40.45       92       134      1942     44635   
40.45       92       134      1942     44634   
38.02       88       129      2041     47533   
95120.05    88       129      2041     47532   
38.30       89       129      2051     47258   
44173.22    89       129      2051     47257   
41.49       92       137      3421     43594   
27735.45    92       137      0        43595   
41.11       92       137      1986     43971   
56547.84    92       137      1986     43970   
41.35       92       137      1801     43754   
41.35       92       137      1801     43755   
39.27       89       130      1884     46132   
inf         89       130      1884     46133   
39.21       87       130      1979     46217   
64730.64    87       130      1979     46216   
41.45       94       139      0        43526   
inf         94       139      0        43527   
39.18       88       129      2073     46214   
39.18       88       129      2073     46215   
32.57       80       99       1760     55603   
inf         80       99       1760     55602   
27.39       68       86       633      64976   
27.39       68       86       633      64977   
33.89       73       98       2369     53423   
33.89       73       98       2369     53424   
31.56       74       88       1848     57196   
inf         74       88       1848     57197   
30.60       73       87       1855     58795   
30.60       73       87       1855     58796   
30.10       73       88       1808     59644   
inf         73       88       1808     59643   
29.66       72       87       1805     60531   
29.66       72       87       1805     60530   
29.81       71       86       1834     60233   
1796189.00  71       86       1834     60234   
29.81       71       86       1729     60221   
inf         71       86       1729     60222   
30.55       72       87       1855     58851   
30.55       72       87       1855     58850   
30.74       72       86       1748     58564   
30.74       72       86       1748     58563   
31.83       73       88       1742     56727   
inf         73       88       1742     56728   
32.02       71       88       1791     56378   
32.02       71       88       1791     56377   
32.55       72       89       1802     55535   
inf         72       89       1802     55536   
32.76       71       90       1844     55167   
32.76       71       90       1844     55168   
33.16       72       88       1896     54574   
33.16       72       88       1896     54573   
32.74       71       87       1865     55319   
32.74       71       87       1865     55320   
33.45       71       89       1763     54138   
inf         71       89       1763     54139   
30.69       77       100      1701     58501   
inf         77       100      1701     58502   
30.91       83       111      1973     56905   
24029.43    83       111      1973     56906   
39.35       91       134      3995     45806   
39.35       91       134      3995     45805   
39.77       93       137      2059     45233   
39.77       93       137      2059     45234   
40.58       93       135      2297     44396   
36816.39    93       135      2297     44397   
36.63       88       129      1988     49174   
36.63       88       129      1988     49173   
38.94       91       134      2101     46193   
inf         91       134      2165     46194   
38.29       90       133      1838     47077   
38.29       90       133      1838     47076   
38.50       89       131      3389     46989   
38.50       89       131      3389     46988   
41.77       94       137      2219     43133   
inf         94       137      2219     43132   
45.26       107      143      0        39658   
inf         107      143      0        39659   
37.57       87       126      2043     48150   
37.57       87       126      2043     48151   
38.03       86       125      1881     47579   
42091.12    86       125      1899     47580   
40.89       91       133      2135     44302   
39390.13    91       133      2135     44303   
42.57       94       136      2255     42455   
43073.05    94       136      2255     42454   
43.48       95       139      2083     41554   
43.48       95       139      2083     41553   
45.57       99       142      2137     39645   
44123.93    99       142      2137     39644   
41.21       91       136      0        43837   
34156.06    91       136      0        43838   
38.71       86       123      1848     46817   
50353.56    86       123      1848     46816   
43.73       95       137      1943     41385   
1810912.00  95       137      1943     41386   
38.89       87       123      1972     46683   
40361.62    87       123      1972     46682   
38.83       85       122      2024     46803   
38.83       85       122      2024     46804   
28.17       85       107      1129     63507   
28.17       85       107      1129     63506   
30.49       73       88       2077     59063   
inf         73       88       2087     59064   
29.30       73       85       1997     61182   
29.30       73       85       1997     61181   
29.57       73       85       1815     60651   
29.57       73       85       1815     60652   
30.05       73       85       1778     59779   
40826.39    73       85       1778     59778   
30.70       73       86       1694     58575   
30.70       73       86       1694     58576   
31.25       73       85       1859     57672   
inf         73       85       1859     57673   
31.69       74       86       1847     56944   
inf         74       86       1847     56945   
31.60       73       86       560      57091   
31.60       73       86       560      57092   
31.79       73       86       1703     56782   
31.79       73       86       1703     56783   
31.06       72       84       1892     58041   
31.06       72       84       1892     58040   
31.66       71       86       1830     56923   
31.66       71       86       1830     56924   
31.49       71       85       1766     57275   
31.49       71       85       1766     57274   
31.72       71       85       891      56870   
31.72       71       85       891      56871   
31.69       71       85       1678     56931   
31.69       71       85       1678     56930   
32.26       70       86       685      55930   
200659.78   70       86       1168     55931   
32.70       71       86       1863     55262   
32.70       71       86       1863     55261   
28.38       78       96       1786     62856   
28.38       78       96       1786     62855   
33.47       83       114      2125     53920   
1804672.00  83       114      2125     53921   
38.98       91       135      3079     46141   
38.98       91       135      3079     46142   
41.67       96       136      2091     43084   
20881.17    96       136      2085     43083   
38.49       90       132      2065     46715   
33938.64    90       132      2065     46716   
43.65       112      141      0        40757   
22926.31    112      141      0        40756   
41.62       95       137      3581     43118   
38258.77    95       137      3581     43119   
38.18       90       132      2002     47070   
inf         90       132      2002     47069   
35.20       86       124      2139     51059   
38291.28    86       124      2139     51060   
35.21       84       118      2145     51217   
40086.67    84       118      2145     51216   
39.57       91       135      3263     45411   
42839.69    91       135      3263     45410   
40.22       92       134      2020     44633   
40.22       92       134      2020     44634   
38.94       90       135      1692     46126   
43909.44    90       135      1692     46125   
42.91       95       136      1880     41944   
41868.47    95       136      1880     41943   
37.51       88       129      3201     48023   
37.51       88       129      3201     48022   
37.46       86       124      1894     48216   
50176.28    86       124      1894     48215   
43.98       105      141      0        40654   
24303.76    105      141      0        40653   
39.72       89       131      2167     45529   
139131.54   89       131      2167     45530   
37.06       85       120      1821     48818   
37.06       85       120      1821     48819   
42.94       93       135      0        42001   
20752.72    93       135      0        42000   
43.22       94       137      2032     41744   
40156.53    94       137      2032     41743   
41.64       106      145      0        42938   
inf         106      145      0        42939   
29.38       79       108      709      60792   
162583.55   79       108      893      60793   
31.82       73       88       3183     56653   
31.82       73       88       3183     56654   
29.85       73       84       1740     60125   
39890.09    73       84       1513     60124   
29.95       73       84       1685     59981   
29.95       73       84       1685     59980   
29.93       72       84       890      60014   
inf         72       84       890      60015   
30.44       73       84       1704     59097   
34597.29    73       84       1704     59098   
30.59       73       85       492      58731   
30.59       73       85       492      58732   
30.46       73       84       1845     58989   
30.46       73       84       1845     58988   
30.29       72       84       1895     59318   
30.29       72       84       1895     59317   
30.44       72       84       1819     59097   
30.44       72       84       1819     59098   
30.86       72       85       1716     58346   
30.86       72       85       1716     58347   
30.64       72       84       1665     58785   
30.64       72       84       1665     58786   
31.35       72       85       1931     57510   
31.35       72       85       1931     57509   
31.44       71       85       1705     57343   
inf         71       85       1705     57344   
31.19       70       84       659      57830   
inf         70       84       659      57831   
32.12       71       85       1702     56280   
32.12       71       85       1702     56281   
31.36       74       92       528      57318   
31.36       74       92       528      57317   
28.25       80       97       1497     63174   
28.25       80       97       1497     63175   
38.51       90       131      3223     46768   
36759.41    90       131      3223     46767   
40.11       95       134      1965     44637   
68865.81    95       134      1965     44636   
37.37       90       134      2085     47900   
37.37       90       134      2085     47901   
35.81       87       126      1875     50138   
1797177.00  87       126      1898     50139   
37.59       89       132      0        47800   
20222.89    89       132      0        47801   
36.97       86       126      2151     48680   
45001.78    86       126      2151     48681   
38.50       88       129      2169     46802   
42923.55    88       129      2169     46803   
34.00       83       111      2185     52941   
34.00       83       111      2185     52942   
39.27       90       132      2363     45742   
39.27       90       132      2363     45743   
39.77       91       132      2031     45280   
50072.42    91       132      2031     45279   
34.96       83       110      1878     51682   
34.96       83       110      1878     51681   
35.00       83       106      3241     51637   
35.00       83       106      3241     51638   
43.70       96       137      0        41206   
26153.71    96       137      0        41205   
43.92       94       136      1824     41059   
64455.07    94       136      1824     41058   
42.86       93       135      1845     42120   
42.86       93       135      1845     42119   
36.69       84       114      2002     49375   
36.69       84       114      2002     49374   
37.75       85       120      2207     47908   
56544.06    85       120      2207     47909   
44.67       96       136      1577     40408   
44021.59    96       136      1577     40407   
42.15       94       136      2247     42752   
42.15       94       136      2247     42751   
39.87       100      143      2281     44877   
inf         100      143      2281     44876   
40.49       120      153      2379     43684   
45421.97    120      153      2379     43685   
35.22       94       136      3147     51133   
inf         94       136      3147     51134   
36.18       83       141      2437     49391   
893932.00   83       141      2437     49390   
29.00       72       83       603      61724   
29.00       72       83       603      61725   
29.62       72       83       547      60494   
29.62       72       83       535      60493   
30.52       72       84       1759     58944   
30.52       72       84       1759     58945   
30.89       72       83       1415     58296   
30.89       72       83       1415     58295   
31.46       73       84       1909     57279   
inf         73       84       1909     57280   
32.62       73       85       510      55388   
inf         73       85       510      55389   
32.25       72       84       1050     56058   
32.25       72       84       1050     56057   
32.45       71       84       640      55694   
32.45       71       84       640      55695   
33.10       73       85       519      54654   
inf         73       85       519      54655   
33.38       72       84       603      54289   
33.38       72       84       603      54288   
32.83       72       84       480      55051   
32.83       72       84       480      55050   
32.29       70       83       551      56017   
32.29       70       83       499      56016   
32.68       71       84       656      55357   
32.68       71       84       656      55358   
33.13       70       84       596      54662   
33.13       70       84       596      54661   
31.32       73       89       634      57532   
31.32       73       89       634      57531   
29.09       81       98       1763     61411   
29.09       81       98       1763     61410   
36.24       86       123      3203     49842   
35420.06    86       123      3203     49841   
41.89       106      138      0        42526   
inf         106      138      0        42527   
36.29       87       127      1805     49562   
31552.51    87       127      1805     49563   
42.07       94       134      2197     42831   
34000.28    94       134      2197     42830   
37.58       88       126      2061     47980   
46269.05    88       126      2061     47979   
38.26       87       129      2295     47126   
56374.34    87       129      2295     47125   
41.47       93       134      2111     43356   
inf         93       134      2111     43357   
36.97       85       122      1973     48775   
1803460.00  85       122      1973     48776   
37.18       87       125      2017     48440   
inf         87       125      2017     48441   
37.08       86       126      2349     48541   
inf         86       126      2349     48542   
42.98       93       135      2455     41854   
42.98       93       135      2361     41853   
44.01       103      138      2343     40770   
44.01       103      138      2343     40771   
40.80       91       133      0        44098   
inf         91       133      0        44097   
37.66       87       126      1931     47837   
37.66       87       126      1931     47838   
42.35       93       135      685      42506   
51520.54    93       135      685      42505   
42.93       94       135      2365     41920   
40020.56    94       135      2365     41919   
41.88       92       135      2321     42983   
1802435.00  92       135      2321     42984   
38.59       88       129      3583     46713   
38.59       88       129      3583     46712   
35.04       82       101      1447     51605   
41105.05    82       101      1447     51604   
34.04       82       106      1699     52972   
inf         82       106      1699     52973   
28.06       89       106      162      63689   
28.06       89       106      162      63688   
31.58       75       93       2743     56987   
31.58       75       93       2743     56988   
28.97       72       82       551      61857   
28.97       72       82       551      61858   
29.51       72       82       547      60780   
29.51       72       82       547      60779   
29.20       72       82       550      61362   
29.20       72       82       559      61363   
29.57       72       82       515      60662   
inf         72       82       515      60663   
29.88       72       82       528      60037   
29.88       72       82       528      60038   
30.16       72       82       1698     59577   
39942.42    72       82       1698     59578   
30.45       72       82       514      59058   
30.45       72       82       514      59059   
30.89       71       83       539      58274   
30.89       71       83       539      58273   
30.99       70       83       533      58077   
30.99       70       83       555      58078   
30.90       71       83       598      58263   
30.90       71       83       598      58264   
31.23       70       83       523      57685   
inf         70       83       523      57686   
31.17       70       82       560      57841   
31.17       70       82       560      57842   
31.27       70       83       542      57639   
inf         70       83       542      57638   
32.45       71       84       562      55625   
inf         71       84       562      55626   
30.49       73       87       1818     58953   
inf         73       87       1818     58954   
27.95       80       95       610      63780   
inf         80       95       610      63781   
36.20       87       129      3081     49592   
42745.48    87       129      3081     49591   
34.01       87       128      0        52430   
34.01       87       128      0        52431   
34.75       86       123      2091     51681   
35239.20    86       123      2091     51682   
40.42       95       134      2149     44161   
33713.13    95       134      2149     44162   
39.79       91       131      2125     45066   
inf         91       131      2125     45065   
40.27       92       132      2257     44601   
40828.00    92       132      2257     44602   
41.46       96       135      2379     43168   
38944.00    96       135      2379     43167   
37.14       87       126      1863     48385   
36687.16    87       126      1863     48386   
40.67       94       135      2477     44030   
40.67       94       135      2477     44029   
38.71       89       130      2273     46510   
200080.89   89       130      2273     46511   
38.81       88       129      2329     46458   
inf         88       129      2375     46459   
37.80       88       128      0        47640   
inf         88       128      0        47641   
44.65       105      137      2421     40118   
inf         105      137      3413     40119   
37.79       85       122      2177     47794   
37.79       85       122      2251     47795   
38.86       89       128      2299     46438   
38.86       89       128      2299     46437   
39.83       90       132      2181     45260   
inf         90       132      2181     45261   
39.05       88       129      1136     46178   
48769.43    88       129      1136     46177   
37.81       86       121      2287     47833   
37.81       86       121      2287     47834   
38.36       85       118      1851     47144   
38.36       85       118      1775     47143   
38.63       93       141      2273     46240   
38.63       93       141      2273     46239   
39.46       108      148      1250     45104   
39547.67    108      148      1250     45103   
40.43       101      147      3109     44716   
36894.94    101      147      3109     44715   
39.32       103      150      2277     45485   
39.32       103      150      2277     45484   
28.93       73       82       505      61900   
28.93       73       82       505      61901   
29.17       72       82       597      61455   
29.17       72       82       597      61454   
30.56       73       85       1863     58727   
41746.26    73       85       1863     58726   
29.98       73       83       554      59852   
inf         73       83       554      59853   
29.99       72       82       577      59879   
inf         72       82       577      59880   
30.71       72       83       1858     58580   
30.71       72       83       1858     58579   
30.91       72       83       547      58263   
30.91       72       83       547      58262   
31.22       72       83       603      57760   
31.22       72       83       603      57761   
31.40       72       84       453      57355   
31.40       72       84       496      57356   
31.29       71       84       543      57564   
31.29       71       84       543      57565   
31.20       71       83       479      57708   
31.20       71       83       479      57709   
31.39       71       84       528      57373   
42887.81    71       84       528      57372   
31.37       71       83       558      57446   
31.37       71       83       558      57445   
31.69       70       82       492      56997   
31.69       70       82       492      56998   
27.92       76       91       461      63990   
27.92       76       91       461      63989   
29.57       81       97       1905     60506   
inf         81       97       1905     60507   
37.61       89       132      0        47715   
29943.97    89       132      0        47716   
32.35       84       114      2221     55327   
inf         84       114      2221     55328   
34.64       85       118      0        51958   
inf         85       118      0        51959   
37.53       89       130      2227     47858   
40869.34    89       130      2227     47857   
39.03       89       129      2259     46174   
39.03       89       129      2259     46175   
40.57       91       131      2243     44381   
inf         91       131      2243     44380   
36.55       84       119      1140     49435   
41063.18    84       119      1140     49434   
43.51       97       136      2371     41297   
39157.76    97       136      2371     41298   
37.40       84       118      799      48353   
43063.74    84       118      799      48352   
39.90       87       128      1894     45312   
47583.89    87       128      1894     45311   
38.34       86       124      681      47121   
100453.50   86       124      681      47122   
38.35       85       121      2343     47168   
38.35       85       121      2343     47167   
42.67       92       134      2389     42309   
45185.18    92       134      2373     42308   
42.05       91       133      2251     42969   
42.05       91       133      2251     42968   
37.45       84       115      1110     48396   
42159.07    84       115      1110     48397   
42.99       92       134      2409     42047   
42.99       92       134      2409     42048   
42.88       91       132      2327     42244   
47696.42    91       132      2327     42245   
46.74       99       138      653      38591   
54751.85    99       138      653      38592   
42.80       90       133      0        42271   
42.80       90       133      0        42272   
32.01       88       108      751      56217   
32.01       88       108      751      56216   
30.61       90       108      194      58825   
360200.20   90       108      194      58826   
36.76       91       118      4379     49157   
42031.51    91       118      4379     49156   
31.84       75       89       2129     56451   
31.84       75       89       2129     56450   
30.84       73       83       613      58272   
30.84       73       83       613      58273   
31.14       73       83       606      57823   
inf         73       83       606      57824   
31.46       72       83       519      57305   
31.46       72       83       519      57306   
32.13       73       84       559      56117   
32.13       73       84       559      56116   
31.61       72       83       613      57035   
31.61       72       83       613      57034   
31.69       72       83       539      56966   
31.69       72       83       539      56967   
31.56       72       83       572      57174   
inf         72       83       572      57175   
31.60       71       83       548      57115   
31.60       71       83       548      57116   
32.15       71       83       612      56175   
inf         71       83       612      56176   
32.33       71       83       544      55908   
inf         71       83       544      55909   
33.28       72       84       652      54429   
33.28       72       84       652      54430   
33.43       71       84       594      54228   
33.43       71       84       594      54229   
34.14       71       84       541      53129   
67251.93    71       84       543      53130   
33.94       70       83       535      53421   
56666.78    70       83       535      53420   
28.73       78       94       631      62170   
28.73       78       94       631      62169   
30.35       82       99       648      59059   
30.35       82       99       648      59058   
36.94       89       129      3133     48550   
44846.03    89       129      3133     48549   
39.17       91       132      1923     45763   
40766.27    91       132      1923     45762   
39.67       91       132      1889     45235   
39.67       91       132      1889     45234   
40.55       93       135      0        44158   
19296.10    93       135      0        44159   
36.57       86       126      2319     48949   
36.57       86       126      2319     48950   
33.94       81       109      2277     53058   
40935.70    81       109      2277     53059   
39.26       90       131      1804     45741   
39934.98    90       131      1804     45742   
42.67       104      138      0        41909   
23598.36    104      138      0        41910   
40.24       91       132      1892     44694   
40895.75    91       132      1892     44695   
42.45       92       133      1940     42400   
41855.35    92       133      1940     42401   
39.77       89       131      2441     45310   
44003.27    89       131      2441     45311   
40.32       90       130      2165     44754   
75189.29    90       130      2165     44753   
43.63       94       134      2229     41280   
43.63       94       134      2229     41279   
40.46       91       132      741      44436   
40.46       91       132      741      44437   
36.42       83       113      1120     49609   
42027.86    83       113      1120     49610   
41.30       92       132      2355     43712   
95048.32    92       132      2355     43711   
39.26       87       128      784      46007   
41077.64    87       128      784      46008   
41.75       91       132      856      43283   
47606.45    91       132      856      43282   
39.58       87       126      2269     45659   
39.58       87       126      2269     45658   
29.02       86       104      236      61617   
inf         86       104      236      61618   
29.77       90       108      172      60277   
29.77       90       108      172      60276   
28.82       72       83       2731     62060   
1788806.00  72       83       2731     62061   
28.16       71       81       588      63429   
28.16       71       81       588      63428   
28.81       72       81       687      62119   
28.81       72       81       687      62120   
29.26       72       82       574      61296   
29.26       72       82       574      61295   
30.22       73       83       616      59474   
30.22       73       83       616      59473   
30.79       72       83       510      58399   
inf         72       83       510      58398   
30.90       72       83       678      58269   
inf         72       83       678      58270   
31.65       72       84       536      56876   
31.65       72       84       536      56875   
31.13       71       83       552      57821   
31.13       71       83       552      57822   
31.32       71       83       555      57506   
31.32       71       83       555      57505   
31.13       72       83       552      57887   
inf         72       83       552      57888   
31.29       70       83       480      57555   
inf         70       83       480      57556   
31.79       71       83       497      56743   
31.79       71       83       497      56744   
31.50       70       83       513      57219   
31.50       70       83       513      57218   
32.07       70       83       619      56242   
32.07       70       83       619      56243   
27.74       77       93       390      64249   
27.74       77       93       390      64248   
31.73       82       101      3279     56714   
35992.40    82       101      3279     56713   
39.58       91       133      2245     45276   
128036.07   91       133      2245     45275   
36.20       88       130      2205     49609   
42808.29    88       130      2205     49608   
39.51       90       131      2301     45512   
39.51       90       131      2271     45511   
35.32       84       110      2363     51141   
50170.53    84       110      2363     51140   
38.34       89       128      3463     46965   
36066.98    89       128      3463     46966   
41.27       91       133      1066     43624   
inf         91       133      1066     43625   
35.68       83       117      0        50575   
24110.40    83       117      0        50574   
44.21       98       135      831      40739   
60143.87    98       135      831      40738   
40.97       91       134      3341     43957   
40.97       91       134      3341     43956   
36.30       83       112      2277     49765   
40152.62    83       112      2277     49766   
41.31       90       131      2349     43717   
47529.47    90       131      2349     43716   
38.23       86       121      1677     47233   
46310.62    86       121      1677     47232   
39.14       87       127      2355     46150   
39.14       87       127      2355     46151   
36.03       83       116      875      50090   
36.03       83       116      875      50091   
40.79       88       130      2195     44299   
40156.40    88       130      2195     44298   
37.35       84       118      1108     48432   
46389.13    84       118      1126     48433   
36.84       85       120      2455     48943   
36.84       85       120      2455     48944   
42.73       92       134      3481     42240   
40174.69    92       134      3481     42241   
41.69       91       132      1865     43385   
41.69       91       132      1865     43384   
38.44       110      150      0        46152   
21973.93    110      150      0        46151   
38.39       102      147      3695     46659   
inf         102      147      3695     46660   
39.04       101      149      0        46043   
24336.00    101      149      0        46042   
32.35       77       112      2327     55515   
32.35       77       112      2327     55516   
29.28       72       83       648      61168   
29.28       72       83       648      61169   
29.82       72       82       598      60154   
29.82       72       82       598      60153   
30.14       72       83       596      59546   
30.14       72       83       596      59547   
30.08       71       82       588      59686   
30.08       71       82       588      59685   
29.78       71       82       549      60258   
29.78       71       82       549      60259   
30.18       71       82       145      59546   
30.18       71       82       145      59545   
30.21       70       82       567      59434   
30.21       70       82       567      59433   
30.16       70       82       587      59585   
inf         70       82       587      59586   
31.03       71       83       560      58013   
31.03       71       83       560      58012   
31.63       70       83       648      56983   
inf         70       83       648      56984   
32.25       70       84       601      55938   
45116.78    70       84       601      55937   
32.02       69       82       509      56376   
32.02       69       82       509      56377   
32.60       69       83       504      55423   
32.60       69       83       504      55422   
31.11       72       88       643      57761   
31.11       72       88       643      57760   
28.12       80       95       2223     63350   
inf         80       95       2223     63349   
35.24       85       122      4251     51105   
36027.96    85       122      4251     51104   
36.84       89       130      3111     48472   
38041.94    89       130      3111     48473   
34.82       86       122      0        51577   
22745.58    86       122      0        51578   
34.77       86       122      2233     51661   
34.77       86       122      2233     51660   
36.65       87       128      1737     48983   
36.65       87       128      1737     48982   
39.48       90       131      2419     45535   
33323.63    90       131      2419     45536   
36.61       87       126      0        49093   
inf         87       126      0        49092   
35.56       84       123      2371     50598   
40917.25    84       123      2371     50597   
41.87       92       132      2293     43046   
50075.75    92       132      2293     43045   
35.86       82       119      2313     50223   
35.86       82       119      2313     50224   
35.35       82       113      1092     51088   
41080.52    82       113      1092     51089   
37.09       86       123      2269     48548   
35312.61    86       123      2269     48547   
40.26       90       131      2497     44705   
40940.23    90       131      2497     44704   
42.45       93       133      2133     42401   
41911.65    93       133      2133     42402   
44.06       96       136      784      40825   
42836.00    96       136      784      40824   
44.34       95       135      2371     40705   
44.34       95       135      2371     40704   
41.97       92       134      0        42909   
22268.60    92       134      0        42908   
36.77       82       111      1959     49231   
36.77       82       111      1959     49232   
44.86       95       136      2421     40213   
44.86       95       136      2421     40214   
31.00       87       106      408      57941   
inf         87       106      408      57942   
30.44       90       108      167      59027   
1796972.00  90       108      167      59028   
40.07       101      151      0        44805   
inf         101      151      0        44806   
38.00       99       148      2583     47321   
43866.54    99       148      2583     47322   
33.11       76       105      837      54166   
33.11       76       105      837      54167   
29.27       72       81       641      61279   
inf         72       81       641      61280   
30.08       72       83       634      59653   
30.08       72       83       634      59652   
30.19       72       82       546      59514   
30.19       72       82       546      59515   
30.86       72       83       612      58297   
inf         72       83       612      58298   
30.36       71       83       564      59230   
30.36       71       83       564      59229   
30.89       71       83       543      58194   
30.89       71       83       543      58195   
30.67       71       82       528      58689   
30.67       71       82       528      58688   
31.78       72       84       614      56725   
31.78       72       84       614      56726   
31.07       70       82       516      58000   
inf         70       82       516      58001   
31.51       70       83       546      57125   
31.51       70       83       546      57126   
31.04       70       83       560      58054   
31.04       70       83       560      58055   
31.69       70       83       535      56853   
31.69       70       83       535      56852   
31.09       70       83       527      57921   
31.09       70       83       522      57920   
27.25       79       93       144      65338   
1780842.00  79       93       144      65339   
34.85       85       122      0        51716   
34.85       85       122      0        51717   
38.22       90       131      1351     46956   
42741.43    90       131      1351     46957   
40.80       92       132      2235     44055   
40.80       92       132      2235     44054   
36.08       87       122      1049     49809   
47294.84    87       122      1049     49810   
42.11       95       134      2277     42636   
42.11       95       134      2277     42635   
37.85       86       124      2357     47635   
34677.83    86       124      2357     47634   
37.33       85       122      1145     48257   
37.33       85       122      1145     48258   
40.65       91       132      0        44179   
27688.51    91       132      0        44178   
36.96       84       120      1125     48833   
41971.28    84       120      1125     48834   
42.89       94       134      1821     41944   
inf         94       134      1821     41943   
38.99       87       127      796      46294   
38.99       87       127      796      46293   
38.98       86       127      2487     46352   
inf         86       127      2487     46353   
38.01       86       125      0        47477   
38.01       86       125      0        47478   
43.64       93       134      2353     41378   
43.64       93       134      2353     41377   
38.89       87       127      1814     46465   
38.89       87       127      1814     46466   
38.97       87       126      3425     46254   
38.97       87       126      3425     46255   
39.99       87       127      1073     45165   
39.99       87       127      1073     45164   
42.73       92       133      2343     42258   
39291.04    92       133      2343     42257   
41.60       89       130      2453     43501   
41.60       89       130      2453     43500   
33.56       80       95       144      54027   
33.56       80       95       144      54028   
28.26       90       107      164      63159   
inf         90       107      164      63160   
33.36       93       137      0        53795   
33.36       93       137      0        53794   
37.99       99       145      1641     47139   
42645.76    99       145      1641     47140   
28.72       73       82       1069     62275   
28.72       73       82       1069     62276   
28.74       71       81       582      62269   
28.74       71       81       582      62268   
29.05       72       81       574      61618   
29.05       72       81       574      61617   
29.57       72       82       585      60633   
29.57       72       82       585      60634   
29.79       72       82       577      60253   
29.79       72       82       577      60254   
30.14       72       82       508      59590   
30.14       72       82       531      59591   
30.41       72       82       648      59145   
30.41       72       82       648      59146   
30.84       71       82       535      58336   
42833.90    71       82       535      58337   
30.85       71       82       472      58328   
30.85       71       82       472      58329   
31.04       71       83       546      57976   
31.04       71       83       546      57975   
31.17       72       83       603      57753   
inf         72       83       603      57754   
31.24       70       82       141      57642   
inf         70       82       141      57643   
31.27       70       82       617      57655   
31.27       70       82       617      57654   
31.51       69       82       542      57253   
31.51       69       82       552      57254   
27.78       80       95       592      64056   
inf         80       95       592      64057   
32.37       83       111      3109     55491   
39056.83    83       111      3109     55490   
35.83       88       127      2279     50049   
35.83       88       127      2279     50048   
38.56       90       132      2315     46379   
inf         90       132      2315     46378   
32.69       82       104      1801     54987   
32.69       82       104      1801     54986   
34.39       83       113      3265     52380   
94849.84    83       113      3265     52381   
38.68       89       130      2323     46585   
56371.66    89       130      2323     46586   
41.90       93       134      2343     42253   
41.90       93       134      2343     42252   
39.00       89       130      0        46152   
22797.73    89       130      0        46151   
33.83       82       101      773      53351   
46316.85    82       101      773      53352   
40.96       91       131      2299     44003   
40.96       91       131      2299     44004   
41.72       91       133      1826     43186   
39166.91    91       133      1826     43185   
40.43       92       136      0        42918   
inf         92       136      0        42919   
43.69       93       133      1883     41239   
50050.94    93       133      1883     41238   
42.75       93       133      2227     42115   
42.75       93       133      2227     42116   
39.44       88       130      2181     45687   
45135.93    88       130      2181     45686   
36.57       83       111      2331     49485   
36.57       83       111      2331     49486   
40.28       89       131      2525     44889   
41106.89    89       131      2525     44890   
37.76       84       116      1701     47987   
37.76       84       116      1701     47988   
42.17       89       130      2377     42917   
46417.95    89       130      2377     42916   
34.93       88       120      2363     51410   
inf         88       120      2363     51411   
28.83       90       107      159      62046   
894691.00   90       107      159      62047   
37.72       99       146      3733     45905   
36063.24    99       146      3733     45906   
32.39       77       126      181      55206   
inf         77       126      181      55207   
29.06       72       82       612      61597   
29.06       72       82       612      61596   
29.34       72       81       567      61163   
29.34       72       81       567      61162   
30.11       72       82       622      59683   
30.11       72       82       622      59684   
30.56       73       82       551      58858   
inf         73       82       550      58857   
31.08       72       83       649      57988   
inf         72       83       649      57987   
31.42       73       83       574      57406   
inf         73       83       574      57407   
31.58       72       83       568      57047   
31.58       72       83       568      57046   
31.51       72       83       498      57227   
31.51       72       83       498      57226   
32.05       72       85       564      56231   
32.05       72       85       564      56232   
31.51       71       83       904      57206   
inf         71       83       904      57207   
31.63       70       82       544      57044   
inf         70       82       544      57045   
31.73       70       83       524      56871   
inf         70       83       524      56872   
32.28       69       83       510      55934   
32.28       69       83       510      55933   
32.38       70       83       542      55795   
inf         70       83       542      55796   
27.62       80       95       534      64345   
21952.88    80       95       534      64344   
31.60       82       103      3117     56826   
299310.17   82       103      3117     56827   
36.26       88       128      3341     49450   
34501.17    88       128      3341     49451   
39.63       93       134      0        45114   
inf         93       134      0        45115   
40.47       97       136      2297     44148   
inf         97       136      2297     44149   
34.67       83       113      1133     51873   
35978.96    83       113      1133     51874   
38.42       88       128      2275     46842   
38.42       88       128      2275     46843   
40.45       92       134      0        44260   
1793979.00  92       134      0        44261   
38.57       87       126      2331     46701   
38349.60    87       126      2331     46700   
38.89       87       128      2367     46383   
46268.36    87       128      2367     46382   
41.39       91       133      2351     43506   
inf         91       133      2351     43507   
42.43       91       132      2275     42555   
48804.81    91       132      2275     42556   
37.69       84       119      1135     47998   
inf         84       119      1135     47997   
45.26       104      137      2505     39638   
42804.98    104      137      2505     39637   
38.77       86       124      1089     46585   
inf         86       124      1089     46586   
35.80       82       109      859      50535   
inf         82       109      859      50536   
39.81       88       129      2291     45326   
36880.24    88       129      2291     45327   
44.43       95       135      614      40557   
53074.97    95       135      614      40556   
39.53       88       127      1154     45693   
43085.52    88       127      1136     45692   
38.73       85       117      1160     46786   
38.73       85       117      1160     46787   
45.47       97       135      1710     39650   
45.47       97       135      1710     39650   
29.88       89       108      815      59898   
29.88       89       108      773      59897   
30.01       87       106      520      59857   
inf         87       106      520      59858   
29.14       72       82       3323     61444   
29.14       72       82       3323     61445   
29.10       72       82       664      61447   
inf         72       82       664      61448   
29.79       73       82       628      60174   
29.79       73       82       635      60175   
30.09       72       83       524      59588   
inf         72       83       524      59589   
30.12       72       83       620      59546   
30.12       72       83       620      59547   
29.98       71       82       601      59852   
29.98       71       82       601      59853   
30.30       72       82       542      59264   
30.30       72       82       542      59263   
30.51       71       82       707      58931   
30.51       71       82       707      58932   
31.21       72       82       535      57724   
31.21       72       82       535      57725   
31.64       71       83       506      56975   
31.64       71       83       506      56976   
31.96       70       83       597      56409   
31.96       70       83       597      56408   
31.91       71       83       555      56533   
31.91       71       83       555      56534   
31.83       70       83       589      56674   
31.83       70       83       589      56675   
32.38       70       83       565      55759   
1805904.00  70       83       565      55760   
32.52       70       83       529      55553   
32.52       70       83       529      55554   
27.77       78       93       489      64234   
38779.41    78       93       489      64233   
31.96       82       112      2687     56070   
31.96       82       112      2687     56069   
36.04       89       129      2285     49589   
36.04       89       129      2285     49588   
38.56       90       131      2247     46461   
38.56       90       131      2247     46462   
37.80       89       129      2223     47507   
37.80       89       129      2223     47508   
43.07       103      135      2279     41556   
42695.88    103      135      2241     41555   
41.53       92       133      2235     43334   
39156.57    92       133      2235     43333   
36.16       84       119      2349     49794   
inf         84       119      2349     49795   
36.42       84       119      2357     49487   
36.42       84       119      2371     49488   
36.80       88       126      1771     48785   
36.80       88       126      1771     48786   
36.11       83       113      1215     49976   
36.11       83       113      1215     49975   
39.25       87       127      2407     45980   
46298.26    87       127      2407     45981   
39.46       89       130      2411     45645   
37575.38    89       130      2411     45646   
45.18       108      138      0        39576   
45.18       108      138      0        39577   
43.66       99       137      2343     41059   
43.66       99       137      2343     41058   
43.00       94       134      0        41805   
19164.34    94       134      0        41804   
38.60       87       128      0        46653   
inf         87       128      0        46654   
36.73       83       111      2297     49265   
inf         83       111      2297     49264   
36.13       82       109      1146     50003   
45187.30    82       109      1146     50004   
42.31       91       133      2371     42635   
42.31       91       133      2371     42636   
39.43       87       124      2515     45856   
120657.27   87       124      2515     45857   
31.46       91       126      3847     56670   
31.46       91       126      3847     56671   
30.31       91       112      177      58991   
inf         91       112      177      58990   
37.48       98       144      3021     47877   
44874.78    98       144      3021     47876   
33.93       89       127      1786     53044   
33.93       89       127      1786     53043   
29.55       73       83       577      60699   
29.55       73       83       577      60700   
29.62       72       82       556      60543   
38988.35    72       82       556      60542   
30.23       72       83       627      59371   
30.23       72       83       627      59372   
30.31       71       82       534      59295   
inf         71       82       534      59294   
30.91       72       83       564      58212   
30.91       72       83       564      58213   
31.07       72       83       504      57949   
31.07       72       83       504      57948   
31.61       72       83       574      56982   
31.61       72       83       574      56981   
31.65       72       83       578      56972   
48729.51    72       83       578      56971   
31.34       71       83       639      57519   
48728.14    71       83       639      57518   
31.22       70       83       631      57699   
31.22       70       83       611      57698   
31.24       70       82       608      57659   
inf         70       82       608      57660   
31.62       70       83       662      56999   
31.62       70       83       662      56998   
31.99       69       82       576      56413   
44014.80    69       82       576      56412   
28.98       74       89       139      61759   
28.98       74       89       139      61758   
28.15       80       94       613      63405   
inf         80       94       613      63406   
37.01       88       127      4727     48600   
37477.25    88       127      4727     48601   
41.01       98       136      3331     43559   
44734.95    98       136      3331     43558   
35.11       85       118      1656     51246   
35.11       85       118      1656     51245   
43.37       110      139      0        41073   
21331.86    110      139      0        41074   
39.36       91       131      2173     45640   
39.36       91       131      2173     45639   
41.72       94       133      2515     43112   
41.72       94       133      2515     43113   
42.15       94       133      2275     42680   
40035.31    94       133      2275     42681   
41.14       93       136      764      43683   
43933.71    93       136      764      43682   
35.82       82       112      1139     50439   
35.82       82       112      1139     50438   
42.99       94       133      1771     41893   
inf         94       133      1771     41894   
38.12       86       124      2465     47282   
inf         86       124      2465     47283   
40.85       90       130      786      44108   
46259.77    90       130      786      44107   
43.23       93       132      2453     41710   
43.23       93       132      2453     41709   
41.66       90       132      0        43231   
20250.93    90       132      0        43232   
42.78       92       133      1973     42160   
42.78       92       133      1973     42159   
38.59       86       127      243      46773   
38.59       86       127      243      46774   
37.85       84       118      2345     47844   
41177.64    84       118      2345     47845   
41.23       90       132      1155     43789   
41.23       90       132      1155     43790   
36.58       82       105      765      49523   
36.58       82       105      765      49522   
35.91       85       113      1826     50311   
inf         85       113      1826     50312   
27.40       88       104      135      65144   
inf         88       104      135      65145   
36.39       96       140      4263     49440   
49987.17    96       140      4263     49441   
39.81       103      151      0        44939   
39.81       103      151      0        44938   
29.48       72       83       658      60759   
29.48       72       83       658      60760   
29.33       72       81       593      61082   
inf         72       81       593      61083   
29.29       71       81       650      61218   
29.29       71       81       650      61219   
29.60       72       81       649      60634   
29.60       72       81       649      60635   
30.13       71       82       518      59553   
30.13       71       82       518      59554   
31.06       72       83       602      57915   
31.06       72       83       602      57914   
30.64       71       82       597      58763   
30.64       71       82       597      58764   
31.64       71       84       581      56912   
31.64       71       84       581      56911   
31.22       71       83       593      57693   
31.22       71       83       593      57694   
31.39       71       83       609      57426   
31.39       71       83       609      57425   
31.08       70       82       547      57998   
31.08       70       82       547      57997   
31.15       70       82       549      57874   
31.15       70       82       549      57875   
31.91       70       83       541      56511   
31.91       70       83       541      56510   
31.64       69       82       595      56986   
31.64       69       82       595      56987   
28.01       78       94       535      63596   
28.01       78       94       535      63595   
33.01       82       103      4839     54562   
37532.81    82       103      4839     54561   
41.24       105      136      0        43231   
inf         105      136      0        43230   
40.79       94       133      1773     43943   
38152.47    94       133      1773     43944   
31.97       81       100      1164     56148   
31.97       81       100      1164     56149   
35.59       85       121      2219     50504   
35952.64    85       121      2219     50503   
40.96       94       133      0        43758   
26378.71    94       133      0        43757   
42.41       97       134      0        42295   
22175.98    97       134      0        42294   
40.62       94       135      0        44058   
inf         94       135      0        44059   
37.15       86       123      1071     48478   
37.15       86       123      1071     48477   
42.35       97       135      1116     42332   
37433.52    97       135      1116     42331   
38.75       88       128      2313     46490   
40957.36    88       128      2313     46491   
39.21       88       128      2385     45951   
inf         88       128      2385     45952   
36.90       84       118      1195     48851   
41003.09    84       118      1195     48850   
41.88       91       133      2521     42036   
51302.84    91       133      2521     42035   
40.46       90       132      2401     44448   
38331.45    90       132      2401     44449   
43.06       93       133      1680     41832   
45066.65    93       133      1680     41831   
42.35       91       132      836      42592   
41954.09    91       132      836      42593   
38.58       87       127      370      46720   
46251.90    87       127      370      46719   
37.15       84       114      1920     48005   
42563.46    84       114      1920     48004   
33.15       79       96       1093     54477   
inf         79       96       1093     54478   
27.92       89       105      140      63947   
inf         89       105      140      63948   
36.74       95       139      4619     49048   
50119.58    95       139      4619     49047   
40.86       104      149      2525     43824   
inf         104      149      2525     43825   
29.22       72       82       568      60681   
29.22       72       82       568      60682   
29.60       72       82       533      60538   
29.60       72       82       533      60539   
30.07       71       82       707      59670   
30.07       71       82       707      59671   
30.40       72       82       516      59051   
30.40       72       82       516      59052   
30.17       71       82       691      59514   
inf         71       82       691      59515   
30.64       71       83       518      58668   
30.64       71       83       518      58667   
30.71       71       82       506      58571   
30.71       71       82       506      58572   
30.57       70       82       549      58822   
30.57       70       82       549      58821   
30.78       70       82       598      58475   
30.78       70       82       598      58474   
31.16       70       82       608      57750   
31.16       70       82       608      57751   
31.49       70       82       610      57166   
31.49       70       82       610      57167   
31.62       69       82       571      56942   
31.62       69       82       589      56943   
31.28       69       82       589      57627   
31.28       69       82       589      57626   
31.86       70       83       614      56626   
31.86       70       83       614      56627   
28.29       78       94       230      63048   
28.29       78       94       230      63049   
30.28       81       97       848      59159   
30.28       81       97       848      59160   
35.47       86       122      3155     50615   
39037.98    86       122      3155     50614   
41.20       98       135      3389     43424   
41.20       98       135      3305     43423   
36.71       88       130      2279     48799   
105606.41   88       130      2279     48798   
37.69       88       129      1732     47705   
37.69       88       129      1732     47704   
37.25       87       127      3391     48273   
47358.66    87       127      3391     48272   
38.70       90       130      1246     46353   
inf         90       130      1246     46352   
42.10       100      137      0        42435   
inf         100      137      0        42436   
36.41       84       118      1771     49501   
36056.54    84       118      1801     49502   
40.32       90       129      2437     44723   
40091.91    90       129      2437     44724   
39.46       87       126      1817     45825   
39309.39    87       126      1817     45826   
44.32       96       135      1805     40491   
599276.00   96       135      1805     40490   
39.44       88       130      2483     45747   
inf         88       130      2483     45748   
36.68       83       111      2415     49409   
inf         83       111      2415     49410   
43.82       95       134      1120     41122   
inf         95       134      1120     41123   
36.28       83       109      1023     49937   
inf         83       109      1023     49938   
42.98       91       133      2431     42046   
39299.17    91       133      2431     42047   
43.03       93       133      2399     41997   
50208.86    93       133      2399     41996   
37.77       84       114      3439     47989   
46484.21    84       114      3439     47988   
36.21       82       104      1215     50089   
36.21       82       104      1215     50090   
36.27       98       144      0        49193   
255183.57   98       144      0        49194   
32.80       93       130      1936     54472   
32.80       93       130      1936     54471   
40.02       103      149      5655     44901   
34596.19    103      149      5655     44900   
36.50       97       140      1104     49251   
47329.03    97       140      1104     49252   
34.78       78       111      1345     51691   
inf         78       111      1345     51692   
29.58       73       82       630      60646   
29.58       73       82       630      60645   
29.73       73       83       645      60343   
29.73       73       83       645      60342   
30.01       72       83       536      59788   
30.01       72       83       536      59789   
30.84       73       84       620      58255   
30.84       73       84       620      58256   
31.23       73       85       591      57597   
inf         73       85       591      57598   
30.79       71       83       662      58411   
30.79       71       83       662      58410   
30.96       72       83       632      58111   
inf         72       83       632      58112   
31.93       73       85       549      56401   
40023.40    73       85       549      56400   
32.09       72       84       660      56196   
45082.50    72       84       660      56197   
31.43       71       83       633      57356   
31.43       71       83       633      57357   
31.33       70       83       557      57525   
31.33       70       83       557      57524   
32.29       71       84       594      55885   
32.29       71       84       594      55886   
33.12       72       85       629      54600   
inf         72       85       629      54601   
27.01       79       93       450      65907   
27.01       79       93       450      65908   
34.45       85       111      9383     52401   
34.45       85       111      9383     52402   
32.71       85       112      2239     41909   
