       Value   Percentile   TotalCount 1/(1-Percentile)

       4.000     0.000000            1         1.00
      18.000     0.100000      1017264         1.11
      20.000     0.200000      2020380         1.25
      22.000     0.300000      3243727         1.43
      24.000     0.400000      4594784         1.67
      25.000     0.500000      5271542         2.00
      26.000     0.550000      5911211         2.22
      27.000     0.600000      6492077         2.50
      28.000     0.650000      6998595         2.86
      28.000     0.700000      6998595         3.33
      30.000     0.750000      7774920         4.00
      30.000     0.775000      7774920         4.44
      31.000     0.800000      8057622         5.00
      32.000     0.825000      8283900         5.71
      34.000     0.850000      8605568         6.67
      36.000     0.875000      8809330         8.00
      37.000     0.887500      8881443         8.89
      40.000     0.900000      9025703        10.00
      44.000     0.912500      9139672        11.43
      48.000     0.925000      9254248        13.33
      55.000     0.937500      9377734        16.00
      58.000     0.943750      9458161        17.78
      60.000     0.950000      9534559        20.00
      61.000     0.956250      9571349        22.86
      63.000     0.962500      9631053        26.67
      66.000     0.968750      9687898        32.00
      69.000     0.971875      9730452        35.56
      71.000     0.975000      9761771        40.00
      73.000     0.978125      9792433        45.71
      75.000     0.981250      9817238        53.33
      78.000     0.984375      9842536        64.00
      81.000     0.985938      9862741        71.11
      83.000     0.987500      9876755        80.00
      85.000     0.989062      9890245        91.43
      88.000     0.990625      9905306       106.67
      93.000     0.992188      9921396       128.00
      95.000     0.992969      9927470       142.22
      98.000     0.993750      9936754       160.00
     101.000     0.994531      9945398       182.86
     104.000     0.995313      9952370       213.33
     109.000     0.996094      9959042       256.00
     113.000     0.996484      9962644       284.44
     118.000     0.996875      9966654       320.00
     125.000     0.997266      9970490       365.71
     130.000     0.997656      9974753       426.67
     133.000     0.998047      9978927       512.00
     134.000     0.998242      9980448       568.89
     136.000     0.998437      9983093       640.00
     137.000     0.998633      9984193       731.43
     139.000     0.998828      9985928       853.33
     143.000     0.999023      9987898      1024.00
     146.000     0.999121      9988744      1137.78
     151.000     0.999219      9989758      1280.00
     155.000     0.999316      9990655      1462.86
     160.000     0.999414      9991693      1706.67
     167.000     0.999512      9992651      2048.00
     171.000     0.999561      9993060      2275.56
     177.000     0.999609      9993557      2560.00
     187.000     0.999658      9994037      2925.71
     206.000     0.999707      9994508      3413.33
     310.000     0.999756      9994998      4096.00
     405.000     0.999780      9995241      4551.11
     460.000     0.999805      9995483      5120.00
     526.000     0.999829      9995727      5851.43
     608.000     0.999854      9995972      6826.67
     882.000     0.999878      9996216      8192.00
    1102.000     0.999890      9996337      9102.22
    1436.000     0.999902      9996459     10240.00
    1592.000     0.999915      9996581     11702.86
    1637.000     0.999927      9996704     13653.33
    1663.000     0.999939      9996829     16384.00
    1673.000     0.999945      9996890     18204.44
    1682.000     0.999951      9996953     20480.00
    1690.000     0.999957      9997011     23405.71
    1696.000     0.999963      9997070     27306.67
    1706.000     0.999969      9997133     32768.00
    1709.000     0.999973      9997167     36408.89
    1712.000     0.999976      9997193     40960.00
    1716.000     0.999979      9997225     46811.43
    1720.000     0.999982      9997259     54613.33
    1724.000     0.999985      9997283     65536.00
    1726.000     0.999986      9997301     72817.78
    1728.000     0.999988      9997315     81920.00
    1730.000     0.999989      9997332     93622.86
    1732.000     0.999991      9997346    109226.67
    1734.000     0.999992      9997366    131072.00
    1735.000     0.999993      9997373    145635.56
    1736.000     0.999994      9997391    163840.00
    1736.000     0.999995      9997391    187245.71
    1736.000     0.999995      9997391    218453.33
    1737.000     0.999996      9997400    262144.00
    1738.000     0.999997      9997407    291271.11
    1738.000     0.999997      9997407    327680.00
    1739.000     0.999997      9997411    374491.43
    1740.000     0.999998      9997422    436906.67
    1740.000     0.999998      9997422    524288.00
    1740.000     0.999998      9997422    582542.22
    1740.000     0.999998      9997422    655360.00
    1740.000     0.999999      9997422    748982.86
    1741.000     0.999999      9997433    873813.33
    1741.000     0.999999      9997433   1048576.00
    1741.000     0.999999      9997433   1165084.44
    1741.000     0.999999      9997433   1310720.00
    1741.000     0.999999      9997433   1497965.71
    1741.000     0.999999      9997433   1747626.67
    1741.000     1.000000      9997433   2097152.00
    1741.000     1.000000      9997433   2330168.89
    1741.000     1.000000      9997433   2621440.00
    1741.000     1.000000      9997433   2995931.43
    1741.000     1.000000      9997433   3495253.33
    1741.000     1.000000      9997433   4194304.00
    1741.000     1.000000      9997433   4660337.78
    1742.000     1.000000      9997445   5242880.00
    1742.000     1.000000      9997445          inf
#[Mean    =       29.174, StdDeviation   =       45.100]
#[Max     =    26319.000, Total count    =      9997435]
#[Buckets =           22, SubBuckets     =         2048]
