       Value   Percentile   TotalCount 1/(1-Percentile)

       5.000     0.000000            4         1.00
      20.000     0.100000      6446812         1.11
      22.000     0.200000     11290313         1.25
      24.000     0.300000     16505744         1.43
      26.000     0.400000     21595764         1.67
      28.000     0.500000     26032449         2.00
      29.000     0.550000     27916252         2.22
      31.000     0.600000     31116271         2.50
      32.000     0.650000     32508156         2.86
      34.000     0.700000     35042845         3.33
      37.000     0.750000     38351943         4.00
      38.000     0.775000     39310033         4.44
      39.000     0.800000     40183076         5.00
      41.000     0.825000     41660315         5.71
      43.000     0.850000     42777675         6.67
      46.000     0.875000     43893517         8.00
      48.000     0.887500     44371872         8.89
      52.000     0.900000     44944136        10.00
      62.000     0.912500     45644190        11.43
      68.000     0.925000     46256281        13.33
      75.000     0.937500     46839732        16.00
      77.000     0.943750     47122755        17.78
      80.000     0.950000     47529912        20.00
      83.000     0.956250     47815600        22.86
      87.000     0.962500     48092418        26.67
      91.000     0.968750     48373531        32.00
      94.000     0.971875     48554810        35.56
      97.000     0.975000     48688733        40.00
     102.000     0.978125     48870839        45.71
     106.000     0.981250     49005776        53.33
     111.000     0.984375     49160744        64.00
     114.000     0.985938     49248308        71.11
     117.000     0.987500     49326178        80.00
     120.000     0.989062     49391399        91.43
     124.000     0.990625     49462247       106.67
     129.000     0.992188     49541371       128.00
     132.000     0.992969     49591956       142.22
     134.000     0.993750     49625560       160.00
     136.000     0.994531     49656820       182.86
     139.000     0.995313     49697162       213.33
     143.000     0.996094     49738217       256.00
     145.000     0.996484     49754034       284.44
     148.000     0.996875     49772966       320.00
     152.000     0.997266     49792255       365.71
     157.000     0.997656     49811554       426.67
     163.000     0.998047     49831173       512.00
     167.000     0.998242     49841152       568.89
     173.000     0.998437     49851993       640.00
     180.000     0.998633     49860983       731.43
     190.000     0.998828     49870160       853.33
     217.000     0.999023     49879901      1024.00
     239.000     0.999121     49884608      1137.78
     304.000     0.999219     49889481      1280.00
     486.000     0.999316     49894367      1462.86
     644.000     0.999414     49899231      1706.67
     958.000     0.999512     49904102      2048.00
    1281.000     0.999561     49906530      2275.56
    1566.000     0.999609     49908989      2560.00
    1649.000     0.999658     49911442      2925.71
    1697.000     0.999707     49913884      3413.33
    1734.000     0.999756     49916298      4096.00
    1752.000     0.999780     49917544      4551.11
    1769.000     0.999805     49918766      5120.00
    1786.000     0.999829     49919991      5851.43
    1804.000     0.999854     49921172      6826.67
    1823.000     0.999878     49922445      8192.00
    1832.000     0.999890     49922999      9102.22
    1843.000     0.999902     49923659     10240.00
    1854.000     0.999915     49924256     11702.86
    1866.000     0.999927     49924847     13653.33
    1879.000     0.999939     49925434     16384.00
    1887.000     0.999945     49925782     18204.44
    1893.000     0.999951     49926047     20480.00
    1901.000     0.999957     49926359     23405.71
    1909.000     0.999963     49926668     27306.67
    1918.000     0.999969     49926968     32768.00
    1923.000     0.999973     49927112     36408.89
    1929.000     0.999976     49927286     40960.00
    1935.000     0.999979     49927423     46811.43
    1941.000     0.999982     49927576     54613.33
    1947.000     0.999985     49927729     65536.00
    1950.000     0.999986     49927807     72817.78
    1953.000     0.999988     49927891     81920.00
    1956.000     0.999989     49927950     93622.86
    1960.000     0.999991     49928028    109226.67
    1963.000     0.999992     49928106    131072.00
    1965.000     0.999993     49928141    145635.56
    1967.000     0.999994     49928180    163840.00
    1969.000     0.999995     49928217    187245.71
    1971.000     0.999995     49928247    218453.33
    1973.000     0.999996     49928284    262144.00
    1974.000     0.999997     49928302    291271.11
    1975.000     0.999997     49928328    327680.00
    1976.000     0.999997     49928346    374491.43
    1977.000     0.999998     49928366    436906.67
    1978.000     0.999998     49928376    524288.00
    1979.000     0.999998     49928397    582542.22
    1979.000     0.999998     49928397    655360.00
    1980.000     0.999999     49928405    748982.86
    1981.000     0.999999     49928423    873813.33
    1982.000     0.999999     49928436   1048576.00
    1982.000     0.999999     49928436   1165084.44
    1982.000     0.999999     49928436   1310720.00
    1983.000     0.999999     49928460   1497965.71
    1983.000     0.999999     49928460   1747626.67
    1983.000     1.000000     49928460   2097152.00
    1983.000     1.000000     49928460   2330168.89
    1983.000     1.000000     49928460   2621440.00
    1983.000     1.000000     49928460   2995931.43
    1983.000     1.000000     49928460   3495253.33
    1983.000     1.000000     49928460   4194304.00
    1984.000     1.000000     49928477   4660337.78
    1984.000     1.000000     49928477          inf
#[Mean    =       35.610, StdDeviation   =       63.396]
#[Max     =    33471.000, Total count    =     49928471]
#[Buckets =           22, SubBuckets     =         2048]
