# hostname,interval,timestamp,CPU,%user,%nice,%system,%iowait,%steal,%idle
xp-GPU,1,2019-12-29 11:38:24 UTC,-1,31.62,0.00,4.27,1.76,0.00,62.36
xp-GPU,1,2019-12-29 11:38:25 UTC,-1,32.08,0.00,4.01,1.50,0.00,62.41
xp-GPU,1,2019-12-29 11:38:26 UTC,-1,32.08,0.00,4.01,1.38,0.00,62.53
xp-GPU,1,2019-12-29 11:38:27 UTC,-1,32.12,0.00,3.88,1.62,0.00,62.38
xp-GPU,1,2019-12-29 11:38:28 UTC,-1,33.33,0.00,5.14,1.38,0.00,60.15
xp-GPU,1,2019-12-29 11:38:29 UTC,-1,42.77,0.00,5.99,1.50,0.00,49.75
xp-GPU,1,2019-12-29 11:38:30 UTC,-1,30.13,0.00,5.70,9.75,0.00,54.43
xp-GPU,1,2019-12-29 11:38:31 UTC,-1,31.91,0.00,4.51,1.25,0.00,62.33
xp-GPU,1,2019-12-29 11:38:32 UTC,-1,32.12,0.00,4.14,1.25,0.00,62.48
xp-GPU,1,2019-12-29 11:38:33 UTC,-1,32.12,0.00,4.12,4.00,0.00,59.75
xp-GPU,1,2019-12-29 11:38:34 UTC,-1,32.96,0.00,6.02,2.01,0.00,59.02
xp-GPU,1,2019-12-29 11:38:35 UTC,-1,33.00,0.00,3.76,1.38,0.00,61.86
xp-GPU,1,2019-12-29 11:38:36 UTC,-1,32.67,0.00,3.87,1.37,0.00,62.09
xp-GPU,1,2019-12-29 11:38:37 UTC,-1,31.83,0.00,4.39,1.38,0.00,62.41
xp-GPU,1,2019-12-29 11:38:38 UTC,-1,32.58,0.00,3.88,3.38,0.00,60.15
xp-GPU,1,2019-12-29 11:38:39 UTC,-1,32.25,0.00,4.00,1.50,0.00,62.25
xp-GPU,1,2019-12-29 11:38:40 UTC,-1,32.38,0.00,4.12,1.38,0.00,62.12
xp-GPU,1,2019-12-29 11:38:41 UTC,-1,30.07,0.00,7.05,1.11,0.00,61.76
xp-GPU,1,2019-12-29 11:38:42 UTC,-1,32.58,0.00,4.00,1.25,0.00,62.17
xp-GPU,1,2019-12-29 11:38:43 UTC,-1,32.29,0.00,4.36,1.25,0.00,62.09
xp-GPU,1,2019-12-29 11:38:44 UTC,-1,31.80,0.00,5.22,3.35,0.00,59.63
xp-GPU,1,2019-12-29 11:38:45 UTC,-1,42.61,0.00,6.14,1.13,0.00,50.13
xp-GPU,1,2019-12-29 11:38:46 UTC,-1,34.13,0.00,6.40,5.77,0.00,53.70
xp-GPU,1,2019-12-29 11:38:47 UTC,-1,31.96,0.00,4.62,1.12,0.00,62.30
xp-GPU,1,2019-12-29 11:38:48 UTC,-1,32.54,0.00,4.38,0.88,0.00,62.20
xp-GPU,1,2019-12-29 11:38:49 UTC,-1,32.21,0.00,4.62,1.00,0.00,62.17
xp-GPU,1,2019-12-29 11:38:50 UTC,-1,31.62,0.00,5.12,0.88,0.00,62.38
xp-GPU,1,2019-12-29 11:38:51 UTC,-1,31.62,0.00,5.02,1.51,0.00,61.86
xp-GPU,1,2019-12-29 11:38:52 UTC,-1,32.00,0.00,4.98,1.00,0.00,62.02
xp-GPU,1,2019-12-29 11:38:53 UTC,-1,32.12,0.00,4.64,0.75,0.00,62.48
xp-GPU,1,2019-12-29 11:38:54 UTC,-1,32.54,0.00,4.26,3.13,0.00,60.08
xp-GPU,1,2019-12-29 11:38:55 UTC,-1,31.87,0.00,4.88,0.88,0.00,62.38
xp-GPU,1,2019-12-29 11:38:56 UTC,-1,32.29,0.00,4.74,1.00,0.00,61.97
xp-GPU,1,2019-12-29 11:38:57 UTC,-1,32.17,0.00,4.76,0.75,0.00,62.33
xp-GPU,1,2019-12-29 11:38:58 UTC,-1,31.91,0.00,4.77,0.88,0.00,62.44
xp-GPU,1,2019-12-29 11:38:59 UTC,-1,32.46,0.00,4.26,0.75,0.00,62.53
xp-GPU,1,2019-12-29 11:39:00 UTC,-1,35.25,0.00,4.75,0.88,0.00,59.13
xp-GPU,1,2019-12-29 11:39:01 UTC,-1,43.55,0.00,5.76,3.50,0.00,47.18
xp-GPU,1,2019-12-29 11:39:02 UTC,-1,32.25,0.00,7.00,4.75,0.00,56.00
xp-GPU,1,2019-12-29 11:39:03 UTC,-1,31.75,0.00,5.12,0.88,0.00,62.25
xp-GPU,1,2019-12-29 11:39:04 UTC,-1,31.91,0.00,5.01,0.75,0.00,62.33
xp-GPU,1,2019-12-29 11:39:05 UTC,-1,32.54,0.00,4.15,0.88,0.00,62.44
xp-GPU,1,2019-12-29 11:39:06 UTC,-1,33.21,0.00,4.00,0.87,0.00,61.92
xp-GPU,1,2019-12-29 11:39:07 UTC,-1,32.62,0.00,4.27,0.75,0.00,62.36
xp-GPU,1,2019-12-29 11:39:08 UTC,-1,31.91,0.00,4.88,0.88,0.00,62.33
xp-GPU,1,2019-12-29 11:39:09 UTC,-1,31.91,0.00,4.88,0.88,0.00,62.33
xp-GPU,1,2019-12-29 11:39:10 UTC,-1,32.92,0.00,4.24,0.87,0.00,61.97
xp-GPU,1,2019-12-29 11:39:11 UTC,-1,28.98,0.00,3.39,1.00,0.00,66.62
xp-GPU,1,2019-12-29 11:39:12 UTC,-1,32.33,0.00,4.51,0.75,0.00,62.41
xp-GPU,1,2019-12-29 11:39:13 UTC,-1,33.46,0.00,3.38,0.75,0.00,62.41
xp-GPU,1,2019-12-29 11:39:14 UTC,-1,32.50,0.00,4.38,0.88,0.00,62.25
xp-GPU,1,2019-12-29 11:39:15 UTC,-1,30.77,0.00,6.58,0.50,0.00,62.16
xp-GPU,1,2019-12-29 11:39:16 UTC,-1,36.47,0.00,4.14,2.38,0.00,57.02
xp-GPU,1,2019-12-29 11:39:17 UTC,-1,43.75,0.00,5.88,0.62,0.00,49.75
xp-GPU,1,2019-12-29 11:39:18 UTC,-1,31.78,0.00,6.28,4.27,0.00,57.66
xp-GPU,1,2019-12-29 11:39:19 UTC,-1,33.04,0.00,4.01,0.63,0.00,62.33
xp-GPU,1,2019-12-29 11:39:20 UTC,-1,32.46,0.00,4.51,0.63,0.00,62.41
xp-GPU,1,2019-12-29 11:39:21 UTC,-1,32.50,0.00,4.50,0.75,0.00,62.25
xp-GPU,1,2019-12-29 11:39:22 UTC,-1,32.33,0.00,4.87,0.62,0.00,62.17
xp-GPU,1,2019-12-29 11:39:23 UTC,-1,32.71,0.00,4.37,0.62,0.00,62.30
xp-GPU,1,2019-12-29 11:39:24 UTC,-1,33.37,0.00,4.11,0.62,0.00,61.89
xp-GPU,1,2019-12-29 11:39:25 UTC,-1,32.67,0.00,4.49,0.75,0.00,62.09
xp-GPU,1,2019-12-29 11:39:26 UTC,-1,33.62,0.00,3.50,0.62,0.00,62.25
xp-GPU,1,2019-12-29 11:39:27 UTC,-1,33.04,0.00,4.13,0.50,0.00,62.33
xp-GPU,1,2019-12-29 11:39:28 UTC,-1,32.83,0.00,4.14,0.63,0.00,62.41
xp-GPU,1,2019-12-29 11:39:29 UTC,-1,32.88,0.00,4.38,0.50,0.00,62.25
xp-GPU,1,2019-12-29 11:39:30 UTC,-1,31.60,0.00,6.07,0.62,0.00,61.71
xp-GPU,1,2019-12-29 11:39:31 UTC,-1,32.71,0.00,4.62,2.87,0.00,59.80
xp-GPU,1,2019-12-29 11:39:32 UTC,-1,41.45,0.00,5.12,0.62,0.00,52.81
xp-GPU,1,2019-12-29 11:39:33 UTC,-1,38.90,0.00,7.28,3.14,0.00,50.69
xp-GPU,1,2019-12-29 11:39:34 UTC,-1,31.59,0.00,6.09,0.50,0.00,61.82
xp-GPU,1,2019-12-29 11:39:35 UTC,-1,32.92,0.00,4.36,0.62,0.00,62.09
xp-GPU,1,2019-12-29 11:39:36 UTC,-1,31.75,0.00,5.38,3.25,0.00,59.62
xp-GPU,1,2019-12-29 11:39:37 UTC,-1,32.42,0.00,4.63,0.63,0.00,62.33
xp-GPU,1,2019-12-29 11:39:38 UTC,-1,33.62,0.00,3.50,0.62,0.00,62.25
xp-GPU,1,2019-12-29 11:39:39 UTC,-1,33.04,0.00,3.88,0.75,0.00,62.33
xp-GPU,1,2019-12-29 11:39:40 UTC,-1,33.21,0.00,3.76,0.63,0.00,62.41
xp-GPU,1,2019-12-29 11:39:41 UTC,-1,31.71,0.00,5.49,3.12,0.00,59.68
xp-GPU,1,2019-12-29 11:39:42 UTC,-1,32.04,0.00,5.01,0.75,0.00,62.20
xp-GPU,1,2019-12-29 11:39:43 UTC,-1,32.29,0.00,4.76,0.63,0.00,62.33
xp-GPU,1,2019-12-29 11:39:44 UTC,-1,32.26,0.00,5.33,0.62,0.00,61.79
xp-GPU,1,2019-12-29 11:39:45 UTC,-1,32.46,0.00,4.85,2.36,0.00,60.32
xp-GPU,1,2019-12-29 11:39:46 UTC,-1,32.92,0.00,4.13,0.63,0.00,62.33
xp-GPU,1,2019-12-29 11:39:47 UTC,-1,32.33,0.00,4.51,0.75,0.00,62.41
xp-GPU,1,2019-12-29 11:39:48 UTC,-1,43.18,0.00,5.38,0.63,0.00,50.81
xp-GPU,1,2019-12-29 11:39:49 UTC,-1,37.26,0.00,8.91,3.14,0.00,50.69
xp-GPU,1,2019-12-29 11:39:50 UTC,-1,31.67,0.00,5.36,0.50,0.00,62.47
xp-GPU,1,2019-12-29 11:39:51 UTC,-1,32.75,0.00,4.61,3.11,0.00,59.53
xp-GPU,1,2019-12-29 11:39:52 UTC,-1,33.17,0.00,4.01,0.50,0.00,62.33
xp-GPU,1,2019-12-29 11:39:53 UTC,-1,32.84,0.00,4.73,0.50,0.00,61.94
xp-GPU,1,2019-12-29 11:39:54 UTC,-1,32.71,0.00,4.49,0.50,0.00,62.30
xp-GPU,1,2019-12-29 11:39:55 UTC,-1,32.71,0.00,4.39,0.50,0.00,62.41
xp-GPU,1,2019-12-29 11:39:56 UTC,-1,32.71,0.00,4.49,2.00,0.00,60.80
xp-GPU,1,2019-12-29 11:39:57 UTC,-1,31.95,0.00,5.14,0.50,0.00,62.41
xp-GPU,1,2019-12-29 11:39:58 UTC,-1,31.97,0.00,5.47,0.50,0.00,62.06
xp-GPU,1,2019-12-29 11:39:59 UTC,-1,32.92,0.00,4.60,0.50,0.00,61.99
xp-GPU,1,2019-12-29 11:40:00 UTC,-1,32.83,0.00,4.49,0.62,0.00,62.05
xp-GPU,1,2019-12-29 11:40:01 UTC,-1,32.96,0.00,4.14,1.63,0.00,61.28
xp-GPU,1,2019-12-29 11:40:02 UTC,-1,32.55,0.00,5.07,0.62,0.00,61.76
xp-GPU,1,2019-12-29 11:40:03 UTC,-1,35.38,0.00,4.77,0.50,0.00,59.35
xp-GPU,1,2019-12-29 11:40:04 UTC,-1,43.43,0.00,6.26,0.50,0.00,49.81
xp-GPU,1,2019-12-29 11:40:05 UTC,-1,33.04,0.00,7.88,2.63,0.00,56.45
xp-GPU,1,2019-12-29 11:40:06 UTC,-1,32.38,0.00,4.75,1.00,0.00,61.88
xp-GPU,1,2019-12-29 11:40:07 UTC,-1,32.83,0.00,4.24,0.62,0.00,62.30
xp-GPU,1,2019-12-29 11:40:08 UTC,-1,32.83,0.00,4.26,0.50,0.00,62.41
xp-GPU,1,2019-12-29 11:40:09 UTC,-1,31.87,0.00,5.25,0.50,0.00,62.38
xp-GPU,1,2019-12-29 11:40:10 UTC,-1,32.42,0.00,4.51,0.63,0.00,62.45
xp-GPU,1,2019-12-29 11:40:11 UTC,-1,31.87,0.00,5.25,2.38,0.00,60.50
xp-GPU,1,2019-12-29 11:40:12 UTC,-1,32.58,0.00,4.74,0.50,0.00,62.17
xp-GPU,1,2019-12-29 11:40:13 UTC,-1,32.17,0.00,4.88,0.63,0.00,62.33
xp-GPU,1,2019-12-29 11:40:14 UTC,-1,32.67,0.00,4.26,0.63,0.00,62.45
xp-GPU,1,2019-12-29 11:40:15 UTC,-1,33.38,0.00,3.51,0.63,0.00,62.48
xp-GPU,1,2019-12-29 11:40:16 UTC,-1,32.83,0.00,4.24,1.12,0.00,61.80
xp-GPU,1,2019-12-29 11:40:17 UTC,-1,33.21,0.00,3.76,0.63,0.00,62.41
xp-GPU,1,2019-12-29 11:40:18 UTC,-1,32.92,0.00,4.36,0.50,0.00,62.22
xp-GPU,1,2019-12-29 11:40:19 UTC,-1,37.80,0.00,5.38,0.63,0.00,56.20
xp-GPU,1,2019-12-29 11:40:20 UTC,-1,41.66,0.00,6.52,1.38,0.00,50.44
xp-GPU,1,2019-12-29 11:40:21 UTC,-1,32.12,0.00,5.67,3.53,0.00,58.69
xp-GPU,1,2019-12-29 11:40:22 UTC,-1,32.29,0.00,4.76,0.63,0.00,62.33
xp-GPU,1,2019-12-29 11:40:23 UTC,-1,32.67,0.00,4.26,0.63,0.00,62.45
xp-GPU,1,2019-12-29 11:40:24 UTC,-1,32.58,0.00,4.49,0.75,0.00,62.17
xp-GPU,1,2019-12-29 11:40:25 UTC,-1,33.21,0.00,3.76,0.63,0.00,62.41
xp-GPU,1,2019-12-29 11:40:26 UTC,-1,32.29,0.00,4.52,2.76,0.00,60.43
xp-GPU,1,2019-12-29 11:40:27 UTC,-1,30.83,0.00,6.27,0.38,0.00,62.53
xp-GPU,1,2019-12-29 11:40:28 UTC,-1,32.88,0.00,4.12,0.62,0.00,62.38
xp-GPU,1,2019-12-29 11:40:29 UTC,-1,31.80,0.00,5.61,0.50,0.00,62.09
xp-GPU,1,2019-12-29 11:40:30 UTC,-1,32.46,0.00,4.51,0.50,0.00,62.53
xp-GPU,1,2019-12-29 11:40:31 UTC,-1,33.08,0.00,4.48,2.24,0.00,60.20
xp-GPU,1,2019-12-29 11:40:32 UTC,-1,32.58,0.00,4.39,0.50,0.00,62.53
xp-GPU,1,2019-12-29 11:40:33 UTC,-1,32.04,0.00,5.13,0.50,0.00,62.33
xp-GPU,1,2019-12-29 11:40:34 UTC,-1,32.54,0.00,4.51,0.50,0.00,62.45
xp-GPU,1,2019-12-29 11:40:35 UTC,-1,29.59,0.00,4.12,0.37,0.00,65.92
xp-GPU,1,2019-12-29 11:40:36 UTC,-1,5.03,0.00,2.14,2.39,0.00,90.45
xp-GPU,1,2019-12-29 11:40:37 UTC,-1,0.00,0.00,0.13,0.00,0.00,99.87
xp-GPU,1,2019-12-29 11:40:38 UTC,-1,0.00,0.00,0.00,0.00,0.00,100.00
xp-GPU,1,2019-12-29 11:40:39 UTC,-1,0.00,0.00,0.13,0.00,0.00,99.87
xp-GPU,1,2019-12-29 11:40:40 UTC,-1,0.12,0.00,0.12,0.00,0.00,99.75
xp-GPU,1,2019-12-29 11:40:41 UTC,-1,0.00,0.00,0.00,1.38,0.00,98.62
xp-GPU,1,2019-12-29 11:40:42 UTC,-1,0.12,0.00,0.00,0.00,0.00,99.88
xp-GPU,1,2019-12-29 11:40:43 UTC,-1,0.12,0.00,0.25,0.00,0.00,99.63
xp-GPU,1,2019-12-29 11:40:44 UTC,-1,0.00,0.00,0.00,0.00,0.00,100.00
xp-GPU,1,2019-12-29 11:40:45 UTC,-1,0.00,0.00,0.12,0.00,0.00,99.88
xp-GPU,1,2019-12-29 11:40:46 UTC,-1,0.00,0.00,0.00,2.63,0.00,97.37
xp-GPU,1,2019-12-29 11:40:47 UTC,-1,0.12,0.00,0.12,0.00,0.00,99.75
xp-GPU,1,2019-12-29 11:40:48 UTC,-1,0.12,0.00,0.12,0.00,0.00,99.75
xp-GPU,1,2019-12-29 11:40:49 UTC,-1,0.00,0.00,0.00,0.00,0.00,100.00
xp-GPU,1,2019-12-29 11:40:50 UTC,-1,0.00,0.00,0.13,0.00,0.00,99.87
xp-GPU,1,2019-12-29 11:40:51 UTC,-1,0.13,0.00,0.50,4.64,0.00,94.73
xp-GPU,1,2019-12-29 11:40:52 UTC,-1,0.00,0.00,0.13,0.00,0.00,99.87
xp-GPU,1,2019-12-29 11:40:53 UTC,-1,0.00,0.00,0.12,0.00,0.00,99.88
xp-GPU,1,2019-12-29 11:40:54 UTC,-1,0.12,0.00,0.12,0.00,0.00,99.75
xp-GPU,1,2019-12-29 11:40:55 UTC,-1,0.00,0.00,0.12,0.00,0.00,99.88
xp-GPU,1,2019-12-29 11:40:56 UTC,-1,0.00,0.00,0.00,2.75,0.00,97.25
xp-GPU,1,2019-12-29 11:40:57 UTC,-1,0.00,0.00,0.13,0.00,0.00,99.87
xp-GPU,1,2019-12-29 11:40:58 UTC,-1,0.12,0.00,0.12,0.00,0.00,99.75
xp-GPU,1,2019-12-29 11:40:59 UTC,-1,0.00,0.00,0.12,0.00,0.00,99.88
xp-GPU,1,2019-12-29 11:41:00 UTC,-1,0.38,0.00,0.12,0.00,0.00,99.50
xp-GPU,1,2019-12-29 11:41:01 UTC,-1,0.00,0.00,0.13,2.63,0.00,97.25
xp-GPU,1,2019-12-29 11:41:02 UTC,-1,0.00,0.00,0.00,0.00,0.00,100.00
xp-GPU,1,2019-12-29 11:41:03 UTC,-1,0.12,0.00,0.25,0.00,0.00,99.63
xp-GPU,1,2019-12-29 11:41:04 UTC,-1,0.00,0.00,0.12,0.00,0.00,99.88
xp-GPU,1,2019-12-29 11:41:05 UTC,-1,0.63,0.00,0.00,0.00,0.00,99.37
xp-GPU,1,2019-12-29 11:41:06 UTC,-1,0.25,0.00,0.37,2.75,0.00,96.63
xp-GPU,1,2019-12-29 11:41:07 UTC,-1,0.00,0.00,0.13,0.00,0.00,99.87
xp-GPU,1,2019-12-29 11:41:08 UTC,-1,0.50,0.00,0.00,0.00,0.00,99.50
xp-GPU,1,2019-12-29 11:41:09 UTC,-1,0.12,0.00,0.12,0.00,0.00,99.75
xp-GPU,1,2019-12-29 11:41:10 UTC,-1,0.13,0.00,0.13,0.00,0.00,99.75
xp-GPU,1,2019-12-29 11:41:11 UTC,-1,0.00,0.00,0.00,2.63,0.00,97.37
xp-GPU,1,2019-12-29 11:41:12 UTC,-1,0.37,0.00,0.12,0.00,0.00,99.50
xp-GPU,1,2019-12-29 11:41:13 UTC,-1,0.38,0.00,0.13,0.00,0.00,99.50
xp-GPU,1,2019-12-29 11:41:14 UTC,-1,0.25,0.00,0.00,0.00,0.00,99.75
xp-GPU,1,2019-12-29 11:41:15 UTC,-1,0.25,0.00,0.12,0.00,0.00,99.63
xp-GPU,1,2019-12-29 11:41:16 UTC,-1,0.12,0.00,0.12,0.25,0.00,99.50
xp-GPU,1,2019-12-29 11:41:17 UTC,-1,0.00,0.00,0.13,0.00,0.00,99.87
xp-GPU,1,2019-12-29 11:41:18 UTC,-1,0.13,0.00,0.00,0.00,0.00,99.87
xp-GPU,1,2019-12-29 11:41:19 UTC,-1,0.13,0.00,0.00,0.00,0.00,99.87
xp-GPU,1,2019-12-29 11:41:20 UTC,-1,0.12,0.00,0.12,0.00,0.00,99.75
xp-GPU,1,2019-12-29 11:41:21 UTC,-1,0.13,0.00,0.00,2.63,0.00,97.24
xp-GPU,1,2019-12-29 11:41:22 UTC,-1,0.25,0.00,0.12,0.00,0.00,99.63
xp-GPU,1,2019-12-29 11:41:23 UTC,-1,0.12,0.00,0.12,0.00,0.00,99.75
xp-GPU,1,2019-12-29 11:41:24 UTC,-1,0.12,0.00,0.12,0.00,0.00,99.75
xp-GPU,1,2019-12-29 11:41:25 UTC,-1,0.25,0.00,0.12,0.00,0.00,99.62
xp-GPU,1,2019-12-29 11:41:26 UTC,-1,0.12,0.00,0.12,2.62,0.00,97.12
xp-GPU,1,2019-12-29 11:41:27 UTC,-1,0.00,0.00,0.13,0.00,0.00,99.87
xp-GPU,1,2019-12-29 11:41:28 UTC,-1,0.25,0.00,0.25,0.00,0.00,99.50
xp-GPU,1,2019-12-29 11:41:29 UTC,-1,0.13,0.00,0.00,0.00,0.00,99.87
xp-GPU,1,2019-12-29 11:41:30 UTC,-1,0.37,0.00,0.12,0.00,0.00,99.50
xp-GPU,1,2019-12-29 11:41:31 UTC,-1,0.25,0.00,0.13,2.63,0.00,97.00
xp-GPU,1,2019-12-29 11:41:33 UTC,-1,0.00,0.00,0.12,0.00,0.00,99.88
xp-GPU,1,2019-12-29 11:41:34 UTC,-1,0.00,0.00,0.12,0.00,0.00,99.88
xp-GPU,1,2019-12-29 11:41:34 UTC,-1,0.12,0.00,0.00,0.00,0.00,99.88
xp-GPU,1,2019-12-29 11:41:36 UTC,-1,0.13,0.00,0.13,0.00,0.00,99.75
xp-GPU,1,2019-12-29 11:41:37 UTC,-1,0.12,0.00,0.12,2.75,0.00,97.00
xp-GPU,1,2019-12-29 11:41:38 UTC,-1,0.12,0.00,0.00,0.00,0.00,99.88
xp-GPU,1,2019-12-29 11:41:39 UTC,-1,0.00,0.00,0.00,0.00,0.00,100.00
xp-GPU,1,2019-12-29 11:41:39 UTC,-1,0.12,0.00,0.12,0.00,0.00,99.75
xp-GPU,1,2019-12-29 11:41:41 UTC,-1,0.00,0.00,0.12,0.00,0.00,99.88
xp-GPU,1,2019-12-29 11:41:42 UTC,-1,0.13,0.00,0.13,0.00,0.00,99.75
xp-GPU,1,2019-12-29 11:41:43 UTC,-1,0.00,0.00,0.13,0.00,0.00,99.87
xp-GPU,1,2019-12-29 11:41:43 UTC,-1,0.25,0.00,0.13,0.00,0.00,99.62
xp-GPU,1,2019-12-29 11:41:45 UTC,-1,0.12,0.00,0.12,0.00,0.00,99.75
xp-GPU,1,2019-12-29 11:41:46 UTC,-1,0.25,0.00,0.12,0.00,0.00,99.62
xp-GPU,1,2019-12-29 11:41:47 UTC,-1,0.00,0.00,0.12,2.75,0.00,97.12
xp-GPU,1,2019-12-29 11:41:48 UTC,-1,0.38,0.00,0.00,0.00,0.00,99.62
xp-GPU,1,2019-12-29 11:41:49 UTC,-1,0.00,0.00,0.13,0.00,0.00,99.87
xp-GPU,1,2019-12-29 11:41:50 UTC,-1,0.25,0.00,0.00,0.00,0.00,99.75
xp-GPU,1,2019-12-29 11:41:51 UTC,-1,0.00,0.00,0.13,0.00,0.00,99.87
xp-GPU,1,2019-12-29 11:41:52 UTC,-1,0.13,0.00,0.00,2.63,0.00,97.25
xp-GPU,1,2019-12-29 11:41:53 UTC,-1,0.25,0.00,0.00,0.00,0.00,99.75
xp-GPU,1,2019-12-29 11:41:54 UTC,-1,0.00,0.00,0.25,0.00,0.00,99.75
xp-GPU,1,2019-12-29 11:41:55 UTC,-1,0.13,0.00,0.00,0.00,0.00,99.87
xp-GPU,1,2019-12-29 11:41:56 UTC,-1,0.00,0.00,0.12,0.00,0.00,99.88
xp-GPU,1,2019-12-29 11:41:57 UTC,-1,0.25,0.00,0.12,2.62,0.00,97.00
xp-GPU,1,2019-12-29 11:41:58 UTC,-1,0.00,0.00,0.00,0.00,0.00,100.00
xp-GPU,1,2019-12-29 11:41:59 UTC,-1,0.13,0.00,0.00,0.00,0.00,99.87
xp-GPU,1,2019-12-29 11:42:00 UTC,-1,0.25,0.00,0.25,0.00,0.00,99.50
xp-GPU,1,2019-12-29 11:42:01 UTC,-1,0.25,0.00,0.13,0.00,0.00,99.62
xp-GPU,1,2019-12-29 11:42:02 UTC,-1,0.12,0.00,0.12,2.75,0.00,97.00
xp-GPU,1,2019-12-29 11:42:03 UTC,-1,0.13,0.00,0.00,0.00,0.00,99.87
xp-GPU,1,2019-12-29 11:42:04 UTC,-1,0.00,0.00,0.00,0.00,0.00,100.00
xp-GPU,1,2019-12-29 11:42:05 UTC,-1,0.00,0.00,0.25,0.00,0.00,99.75
xp-GPU,1,2019-12-29 11:42:06 UTC,-1,0.13,0.00,0.00,0.00,0.00,99.87
xp-GPU,1,2019-12-29 11:42:07 UTC,-1,0.00,0.00,0.13,2.63,0.00,97.25
xp-GPU,1,2019-12-29 11:42:08 UTC,-1,0.00,0.00,0.00,0.00,0.00,100.00
xp-GPU,1,2019-12-29 11:42:09 UTC,-1,0.12,0.00,0.12,0.00,0.00,99.75
xp-GPU,1,2019-12-29 11:42:10 UTC,-1,0.12,0.00,0.00,0.00,0.00,99.88
xp-GPU,1,2019-12-29 11:42:11 UTC,-1,0.00,0.00,0.00,0.00,0.00,100.00
xp-GPU,1,2019-12-29 11:42:12 UTC,-1,0.25,0.00,0.12,0.12,0.00,99.50
xp-GPU,1,2019-12-29 11:42:13 UTC,-1,0.00,0.00,0.12,0.00,0.00,99.88
xp-GPU,1,2019-12-29 11:42:14 UTC,-1,0.00,0.00,0.12,0.00,0.00,99.88
xp-GPU,1,2019-12-29 11:42:15 UTC,-1,0.13,0.00,0.00,0.00,0.00,99.87
xp-GPU,1,2019-12-29 11:42:16 UTC,-1,0.00,0.00,0.00,0.00,0.00,100.00
xp-GPU,1,2019-12-29 11:42:17 UTC,-1,0.12,0.00,0.00,0.12,0.00,99.75
xp-GPU,1,2019-12-29 11:42:18 UTC,-1,0.00,0.00,0.13,0.00,0.00,99.87
xp-GPU,1,2019-12-29 11:42:19 UTC,-1,0.25,0.00,0.00,0.00,0.00,99.75
xp-GPU,1,2019-12-29 11:42:20 UTC,-1,0.00,0.00,0.12,0.00,0.00,99.88
xp-GPU,1,2019-12-29 11:42:21 UTC,-1,0.25,0.00,0.12,0.00,0.00,99.63
xp-GPU,1,2019-12-29 11:42:22 UTC,-1,0.00,0.00,0.12,2.62,0.00,97.25
xp-GPU,1,2019-12-29 11:42:23 UTC,-1,0.12,0.00,0.12,0.00,0.00,99.75
xp-GPU,1,2019-12-29 11:42:24 UTC,-1,0.00,0.00,0.25,0.00,0.00,99.75
xp-GPU,1,2019-12-29 11:42:25 UTC,-1,0.12,0.00,0.12,0.00,0.00,99.75
xp-GPU,1,2019-12-29 11:42:26 UTC,-1,0.62,0.00,0.12,1.12,0.00,98.12
xp-GPU,1,2019-12-29 11:42:27 UTC,-1,0.12,0.00,0.12,0.12,0.00,99.62
xp-GPU,1,2019-12-29 11:42:28 UTC,-1,0.00,0.00,0.12,0.00,0.00,99.88
xp-GPU,1,2019-12-29 11:42:29 UTC,-1,0.00,0.00,0.00,0.00,0.00,100.00
xp-GPU,1,2019-12-29 11:42:30 UTC,-1,0.12,0.00,0.12,0.00,0.00,99.75
xp-GPU,1,2019-12-29 11:42:31 UTC,-1,0.12,0.00,0.00,0.00,0.00,99.88
xp-GPU,1,2019-12-29 11:42:32 UTC,-1,0.00,0.00,0.12,2.75,0.00,97.12
xp-GPU,1,2019-12-29 11:42:33 UTC,-1,0.12,0.00,0.00,0.00,0.00,99.88
xp-GPU,1,2019-12-29 11:42:34 UTC,-1,0.12,0.00,0.00,0.00,0.00,99.88
xp-GPU,1,2019-12-29 11:42:35 UTC,-1,0.00,0.00,0.00,0.00,0.00,100.00
xp-GPU,1,2019-12-29 11:42:36 UTC,-1,0.12,0.00,0.12,0.00,0.00,99.75
xp-GPU,1,2019-12-29 11:42:37 UTC,-1,0.00,0.00,0.00,2.63,0.00,97.37
xp-GPU,1,2019-12-29 11:42:38 UTC,-1,0.00,0.00,0.12,0.00,0.00,99.88
xp-GPU,1,2019-12-29 11:42:39 UTC,-1,0.12,0.00,0.00,0.00,0.00,99.88
xp-GPU,1,2019-12-29 11:42:40 UTC,-1,0.00,0.00,0.25,0.00,0.00,99.75
xp-GPU,1,2019-12-29 11:42:41 UTC,-1,0.13,0.00,0.00,0.00,0.00,99.87
xp-GPU,1,2019-12-29 11:42:42 UTC,-1,0.00,0.00,0.00,2.63,0.00,97.37
xp-GPU,1,2019-12-29 11:42:43 UTC,-1,0.12,0.00,0.00,0.00,0.00,99.88
xp-GPU,1,2019-12-29 11:42:44 UTC,-1,0.00,0.00,0.13,0.00,0.00,99.87
xp-GPU,1,2019-12-29 11:42:45 UTC,-1,0.12,0.00,0.00,0.00,0.00,99.88
xp-GPU,1,2019-12-29 11:42:46 UTC,-1,0.12,0.00,0.00,0.00,0.00,99.88
xp-GPU,1,2019-12-29 11:42:47 UTC,-1,0.00,0.00,0.12,2.75,0.00,97.12
xp-GPU,1,2019-12-29 11:42:48 UTC,-1,0.25,0.00,0.12,0.00,0.00,99.63
xp-GPU,1,2019-12-29 11:42:49 UTC,-1,0.12,0.00,0.00,0.00,0.00,99.88
xp-GPU,1,2019-12-29 11:42:50 UTC,-1,0.13,0.00,0.13,0.00,0.00,99.75
xp-GPU,1,2019-12-29 11:42:51 UTC,-1,0.00,0.00,0.00,0.00,0.00,100.00
xp-GPU,1,2019-12-29 11:42:52 UTC,-1,0.12,0.00,0.25,2.62,0.00,97.00
xp-GPU,1,2019-12-29 11:42:53 UTC,-1,0.13,0.00,0.00,0.00,0.00,99.87
xp-GPU,1,2019-12-29 11:42:54 UTC,-1,0.12,0.00,0.00,0.00,0.00,99.88
xp-GPU,1,2019-12-29 11:42:55 UTC,-1,0.12,0.00,0.25,0.00,0.00,99.63
xp-GPU,1,2019-12-29 11:42:56 UTC,-1,0.00,0.00,0.00,0.00,0.00,100.00
xp-GPU,1,2019-12-29 11:42:57 UTC,-1,0.13,0.00,0.00,2.75,0.00,97.12
xp-GPU,1,2019-12-29 11:42:58 UTC,-1,0.00,0.00,0.13,0.00,0.00,99.87
xp-GPU,1,2019-12-29 11:42:59 UTC,-1,0.25,0.00,0.00,0.00,0.00,99.75
xp-GPU,1,2019-12-29 11:43:00 UTC,-1,0.12,0.00,0.12,1.12,0.00,98.62
xp-GPU,1,2019-12-29 11:43:01 UTC,-1,0.25,0.00,0.12,1.38,0.00,98.25
xp-GPU,1,2019-12-29 11:43:02 UTC,-1,0.00,0.00,0.13,0.00,0.00,99.87
xp-GPU,1,2019-12-29 11:43:03 UTC,-1,0.00,0.00,0.12,0.00,0.00,99.88
xp-GPU,1,2019-12-29 11:43:04 UTC,-1,0.12,0.00,0.00,0.00,0.00,99.88
xp-GPU,1,2019-12-29 11:43:05 UTC,-1,0.00,0.00,0.13,0.00,0.00,99.87
xp-GPU,1,2019-12-29 11:43:06 UTC,-1,0.13,0.00,0.00,1.38,0.00,98.50
xp-GPU,1,2019-12-29 11:43:07 UTC,-1,0.00,0.00,0.13,0.00,0.00,99.87
