# hostname,interval,timestamp,CPU,%user,%nice,%system,%iowait,%steal,%idle
xp-GPU,1,2019-12-29 12:04:33 UTC,-1,0.12,0.00,0.12,0.00,0.00,99.75
xp-GPU,1,2019-12-29 12:04:34 UTC,-1,0.00,0.00,0.00,0.00,0.00,100.00
xp-GPU,1,2019-12-29 12:04:35 UTC,-1,0.12,0.00,0.25,0.00,0.00,99.63
xp-GPU,1,2019-12-29 12:04:36 UTC,-1,0.00,0.00,0.12,0.00,0.00,99.88
xp-GPU,1,2019-12-29 12:04:37 UTC,-1,0.00,0.00,0.00,0.75,0.00,99.25
xp-GPU,1,2019-12-29 12:04:38 UTC,-1,9.24,0.00,1.62,2.12,0.00,87.02
xp-GPU,1,2019-12-29 12:04:39 UTC,-1,11.76,0.00,0.88,0.00,0.00,87.36
xp-GPU,1,2019-12-29 12:04:40 UTC,-1,11.88,0.00,0.75,0.00,0.00,87.38
xp-GPU,1,2019-12-29 12:04:41 UTC,-1,11.75,0.00,1.00,0.00,0.00,87.25
xp-GPU,1,2019-12-29 12:04:42 UTC,-1,11.51,0.00,1.13,0.50,0.00,86.86
xp-GPU,1,2019-12-29 12:04:43 UTC,-1,11.50,0.00,1.38,0.38,0.00,86.75
xp-GPU,1,2019-12-29 12:04:44 UTC,-1,11.62,0.00,1.12,0.00,0.00,87.25
xp-GPU,1,2019-12-29 12:04:45 UTC,-1,11.72,0.00,1.25,0.00,0.00,87.03
xp-GPU,1,2019-12-29 12:04:46 UTC,-1,11.72,0.00,1.12,0.00,0.00,87.16
xp-GPU,1,2019-12-29 12:04:47 UTC,-1,11.49,0.00,1.37,2.00,0.00,85.14
xp-GPU,1,2019-12-29 12:04:48 UTC,-1,12.02,0.00,1.88,1.25,0.00,84.86
xp-GPU,1,2019-12-29 12:04:49 UTC,-1,11.64,0.00,1.00,0.00,0.00,87.36
xp-GPU,1,2019-12-29 12:04:50 UTC,-1,11.62,0.00,1.25,0.00,0.00,87.12
xp-GPU,1,2019-12-29 12:04:51 UTC,-1,11.64,0.00,1.00,0.00,0.00,87.36
xp-GPU,1,2019-12-29 12:04:52 UTC,-1,11.60,0.00,1.25,0.00,0.00,87.16
xp-GPU,1,2019-12-29 12:04:53 UTC,-1,11.76,0.00,1.00,0.38,0.00,86.86
xp-GPU,1,2019-12-29 12:04:54 UTC,-1,11.72,0.00,1.25,0.00,0.00,87.03
xp-GPU,1,2019-12-29 12:04:55 UTC,-1,11.79,0.00,0.88,0.00,0.00,87.33
xp-GPU,1,2019-12-29 12:04:56 UTC,-1,20.97,0.00,3.62,0.00,0.00,75.41
xp-GPU,1,2019-12-29 12:04:57 UTC,-1,16.46,0.00,3.27,2.14,0.00,78.14
xp-GPU,1,2019-12-29 12:04:58 UTC,-1,11.39,0.00,1.38,0.88,0.00,86.36
xp-GPU,1,2019-12-29 12:04:59 UTC,-1,11.50,0.00,1.25,1.50,0.00,85.75
xp-GPU,1,2019-12-29 12:05:00 UTC,-1,12.14,0.00,1.38,0.00,0.00,86.48
xp-GPU,1,2019-12-29 12:05:01 UTC,-1,11.76,0.00,1.25,2.25,0.00,84.73
xp-GPU,1,2019-12-29 12:05:02 UTC,-1,11.47,0.00,1.50,0.00,0.00,87.03
xp-GPU,1,2019-12-29 12:05:03 UTC,-1,11.75,0.00,0.88,0.00,0.00,87.38
xp-GPU,1,2019-12-29 12:05:04 UTC,-1,11.90,0.00,0.75,1.50,0.00,85.84
xp-GPU,1,2019-12-29 12:05:05 UTC,-1,11.39,0.00,1.25,0.00,0.00,87.36
xp-GPU,1,2019-12-29 12:05:06 UTC,-1,11.62,0.00,1.00,0.00,0.00,87.38
xp-GPU,1,2019-12-29 12:05:07 UTC,-1,11.36,0.00,1.50,0.00,0.00,87.14
xp-GPU,1,2019-12-29 12:05:08 UTC,-1,11.76,0.00,0.88,0.00,0.00,87.36
xp-GPU,1,2019-12-29 12:05:09 UTC,-1,11.38,0.00,1.12,0.50,0.00,87.00
xp-GPU,1,2019-12-29 12:05:10 UTC,-1,11.51,0.00,1.13,0.00,0.00,87.36
xp-GPU,1,2019-12-29 12:05:11 UTC,-1,11.75,0.00,0.88,0.00,0.00,87.38
xp-GPU,1,2019-12-29 12:05:12 UTC,-1,11.53,0.00,1.00,0.00,0.00,87.47
xp-GPU,1,2019-12-29 12:05:13 UTC,-1,11.49,0.00,1.25,0.00,0.00,87.27
xp-GPU,1,2019-12-29 12:05:14 UTC,-1,18.15,0.00,2.13,0.25,0.00,79.47
xp-GPU,1,2019-12-29 12:05:15 UTC,-1,19.85,0.00,3.02,2.01,0.00,75.13
xp-GPU,1,2019-12-29 12:05:16 UTC,-1,21.15,0.00,4.01,0.75,0.00,74.09
xp-GPU,1,2019-12-29 12:05:17 UTC,-1,21.53,0.00,2.88,0.75,0.00,74.84
xp-GPU,1,2019-12-29 12:05:18 UTC,-1,21.53,0.00,2.88,0.75,0.00,74.84
xp-GPU,1,2019-12-29 12:05:19 UTC,-1,21.97,0.00,2.75,3.00,0.00,72.28
xp-GPU,1,2019-12-29 12:05:20 UTC,-1,22.14,0.00,2.86,0.75,0.00,74.25
xp-GPU,1,2019-12-29 12:05:21 UTC,-1,21.22,0.00,3.50,0.75,0.00,74.53
xp-GPU,1,2019-12-29 12:05:22 UTC,-1,14.02,0.00,3.13,0.13,0.00,82.73
xp-GPU,1,2019-12-29 12:05:23 UTC,-1,11.25,0.00,1.38,0.00,0.00,87.38
xp-GPU,1,2019-12-29 12:05:24 UTC,-1,10.96,0.00,1.87,0.50,0.00,86.67
xp-GPU,1,2019-12-29 12:05:25 UTC,-1,11.65,0.00,0.88,0.00,0.00,87.47
xp-GPU,1,2019-12-29 12:05:26 UTC,-1,11.62,0.00,1.00,0.00,0.00,87.38
xp-GPU,1,2019-12-29 12:05:27 UTC,-1,11.53,0.00,1.00,0.00,0.00,87.47
xp-GPU,1,2019-12-29 12:05:28 UTC,-1,11.49,0.00,1.25,0.00,0.00,87.27
xp-GPU,1,2019-12-29 12:05:29 UTC,-1,11.75,0.00,0.88,0.00,0.00,87.38
xp-GPU,1,2019-12-29 12:05:30 UTC,-1,11.01,0.00,1.63,2.38,0.00,84.98
xp-GPU,1,2019-12-29 12:05:31 UTC,-1,11.53,0.00,1.00,0.00,0.00,87.47
xp-GPU,1,2019-12-29 12:05:32 UTC,-1,16.71,0.00,2.62,0.00,0.00,80.67
xp-GPU,1,2019-12-29 12:05:33 UTC,-1,20.88,0.00,2.77,1.13,0.00,75.22
xp-GPU,1,2019-12-29 12:05:34 UTC,-1,11.51,0.00,2.00,1.00,0.00,85.48
xp-GPU,1,2019-12-29 12:05:35 UTC,-1,11.39,0.00,1.13,2.38,0.00,85.11
xp-GPU,1,2019-12-29 12:05:36 UTC,-1,11.14,0.00,1.50,0.00,0.00,87.36
xp-GPU,1,2019-12-29 12:05:37 UTC,-1,11.50,0.00,1.12,0.00,0.00,87.38
xp-GPU,1,2019-12-29 12:05:38 UTC,-1,11.75,0.00,1.00,0.00,0.00,87.25
xp-GPU,1,2019-12-29 12:05:39 UTC,-1,11.14,0.00,1.38,0.00,0.00,87.48
xp-GPU,1,2019-12-29 12:05:40 UTC,-1,11.39,0.00,1.13,2.38,0.00,85.11
xp-GPU,1,2019-12-29 12:05:41 UTC,-1,11.74,0.00,1.00,0.00,0.00,87.27
xp-GPU,1,2019-12-29 12:05:42 UTC,-1,11.26,0.00,1.38,0.00,0.00,87.36
xp-GPU,1,2019-12-29 12:05:43 UTC,-1,11.50,0.00,1.12,0.00,0.00,87.38
xp-GPU,1,2019-12-29 12:05:44 UTC,-1,11.26,0.00,1.38,0.00,0.00,87.36
xp-GPU,1,2019-12-29 12:05:45 UTC,-1,11.50,0.00,1.25,2.38,0.00,84.88
xp-GPU,1,2019-12-29 12:05:46 UTC,-1,11.39,0.00,1.13,0.00,0.00,87.48
xp-GPU,1,2019-12-29 12:05:47 UTC,-1,11.61,0.00,1.12,0.00,0.00,87.27
xp-GPU,1,2019-12-29 12:05:48 UTC,-1,11.76,0.00,0.88,0.00,0.00,87.36
xp-GPU,1,2019-12-29 12:05:49 UTC,-1,11.49,0.00,1.25,0.00,0.00,87.27
xp-GPU,1,2019-12-29 12:05:50 UTC,-1,16.15,0.00,1.75,2.50,0.00,79.60
xp-GPU,1,2019-12-29 12:05:51 UTC,-1,21.83,0.00,2.89,0.25,0.00,75.03
xp-GPU,1,2019-12-29 12:05:52 UTC,-1,19.62,0.00,4.25,2.25,0.00,73.88
xp-GPU,1,2019-12-29 12:05:53 UTC,-1,21.05,0.00,3.26,0.75,0.00,74.94
xp-GPU,1,2019-12-29 12:05:54 UTC,-1,21.20,0.00,3.14,0.63,0.00,75.03
xp-GPU,1,2019-12-29 12:05:55 UTC,-1,21.65,0.00,2.88,3.13,0.00,72.34
xp-GPU,1,2019-12-29 12:05:56 UTC,-1,22.06,0.00,2.51,0.63,0.00,74.81
xp-GPU,1,2019-12-29 12:05:57 UTC,-1,21.71,0.00,2.63,0.63,0.00,75.03
xp-GPU,1,2019-12-29 12:05:58 UTC,-1,21.93,0.00,2.51,0.75,0.00,74.81
xp-GPU,1,2019-12-29 12:05:59 UTC,-1,21.96,0.00,2.38,0.63,0.00,75.03
xp-GPU,1,2019-12-29 12:06:00 UTC,-1,21.93,0.00,2.51,3.13,0.00,72.43
xp-GPU,1,2019-12-29 12:06:01 UTC,-1,21.96,0.00,2.38,0.75,0.00,74.91
xp-GPU,1,2019-12-29 12:06:02 UTC,-1,12.88,0.00,2.62,0.00,0.00,84.50
xp-GPU,1,2019-12-29 12:06:03 UTC,-1,11.76,0.00,0.75,0.00,0.00,87.48
xp-GPU,1,2019-12-29 12:06:04 UTC,-1,11.62,0.00,1.12,0.00,0.00,87.25
xp-GPU,1,2019-12-29 12:06:05 UTC,-1,11.49,0.00,1.12,2.50,0.00,84.89
xp-GPU,1,2019-12-29 12:06:06 UTC,-1,11.50,0.00,1.25,0.00,0.00,87.25
xp-GPU,1,2019-12-29 12:06:07 UTC,-1,11.74,0.00,1.12,0.00,0.00,87.14
xp-GPU,1,2019-12-29 12:06:08 UTC,-1,12.64,0.00,1.38,0.00,0.00,85.98
xp-GPU,1,2019-12-29 12:06:09 UTC,-1,22.28,0.00,3.00,0.00,0.00,74.72
xp-GPU,1,2019-12-29 12:06:10 UTC,-1,13.84,0.00,3.87,3.87,0.00,78.43
xp-GPU,1,2019-12-29 12:06:11 UTC,-1,11.12,0.00,1.50,0.00,0.00,87.38
xp-GPU,1,2019-12-29 12:06:12 UTC,-1,11.50,0.00,1.12,0.00,0.00,87.38
xp-GPU,1,2019-12-29 12:06:13 UTC,-1,11.76,0.00,0.88,0.00,0.00,87.36
xp-GPU,1,2019-12-29 12:06:14 UTC,-1,11.38,0.00,1.38,0.00,0.00,87.25
xp-GPU,1,2019-12-29 12:06:15 UTC,-1,11.38,0.00,1.25,0.75,0.00,86.62
xp-GPU,1,2019-12-29 12:06:16 UTC,-1,11.15,0.00,1.38,0.00,0.00,87.47
xp-GPU,1,2019-12-29 12:06:17 UTC,-1,11.62,0.00,1.00,0.00,0.00,87.38
xp-GPU,1,2019-12-29 12:06:18 UTC,-1,11.61,0.00,1.12,0.00,0.00,87.27
xp-GPU,1,2019-12-29 12:06:19 UTC,-1,11.03,0.00,1.50,0.00,0.00,87.47
xp-GPU,1,2019-12-29 12:06:20 UTC,-1,11.24,0.00,1.50,0.00,0.00,87.27
xp-GPU,1,2019-12-29 12:06:21 UTC,-1,11.38,0.00,1.25,2.50,0.00,84.88
xp-GPU,1,2019-12-29 12:06:22 UTC,-1,11.75,0.00,1.00,0.00,0.00,87.25
xp-GPU,1,2019-12-29 12:06:23 UTC,-1,10.76,0.00,1.75,0.00,0.00,87.48
xp-GPU,1,2019-12-29 12:06:24 UTC,-1,12.00,0.00,0.62,0.00,0.00,87.38
xp-GPU,1,2019-12-29 12:06:25 UTC,-1,11.26,0.00,1.38,0.00,0.00,87.36
xp-GPU,1,2019-12-29 12:06:26 UTC,-1,12.52,0.00,1.75,0.13,0.00,85.61
xp-GPU,1,2019-12-29 12:06:27 UTC,-1,22.12,0.00,3.12,0.00,0.00,74.75
xp-GPU,1,2019-12-29 12:06:28 UTC,-1,19.22,0.00,4.15,2.39,0.00,74.25
xp-GPU,1,2019-12-29 12:06:29 UTC,-1,21.80,0.00,2.63,0.75,0.00,74.81
xp-GPU,1,2019-12-29 12:06:30 UTC,-1,21.80,0.00,2.76,0.63,0.00,74.81
xp-GPU,1,2019-12-29 12:06:31 UTC,-1,22.03,0.00,2.50,1.00,0.00,74.47
xp-GPU,1,2019-12-29 12:06:32 UTC,-1,22.06,0.00,2.51,0.75,0.00,74.69
xp-GPU,1,2019-12-29 12:06:33 UTC,-1,21.83,0.00,2.51,0.63,0.00,75.03
xp-GPU,1,2019-12-29 12:06:34 UTC,-1,22.40,0.00,2.38,0.63,0.00,74.59
xp-GPU,1,2019-12-29 12:06:35 UTC,-1,21.30,0.00,3.01,0.75,0.00,74.94
xp-GPU,1,2019-12-29 12:06:36 UTC,-1,22.43,0.00,2.13,1.13,0.00,74.31
xp-GPU,1,2019-12-29 12:06:37 UTC,-1,22.00,0.00,2.75,0.62,0.00,74.62
xp-GPU,1,2019-12-29 12:06:38 UTC,-1,19.92,0.00,4.51,0.63,0.00,74.94
xp-GPU,1,2019-12-29 12:06:39 UTC,-1,21.57,0.00,3.24,0.62,0.00,74.56
xp-GPU,1,2019-12-29 12:06:40 UTC,-1,21.80,0.00,2.63,0.63,0.00,74.94
xp-GPU,1,2019-12-29 12:06:41 UTC,-1,21.47,0.00,3.12,2.62,0.00,72.78
xp-GPU,1,2019-12-29 12:06:42 UTC,-1,21.53,0.00,2.88,1.00,0.00,74.59
xp-GPU,1,2019-12-29 12:06:43 UTC,-1,22.03,0.00,2.50,0.63,0.00,74.84
xp-GPU,1,2019-12-29 12:06:44 UTC,-1,22.11,0.00,2.86,0.62,0.00,74.41
xp-GPU,1,2019-12-29 12:06:45 UTC,-1,25.81,0.00,3.51,0.75,0.00,69.92
xp-GPU,1,2019-12-29 12:06:46 UTC,-1,32.33,0.00,4.87,0.62,0.00,62.17
xp-GPU,1,2019-12-29 12:06:47 UTC,-1,21.45,0.00,4.74,3.49,0.00,70.32
xp-GPU,1,2019-12-29 12:06:48 UTC,-1,21.65,0.00,2.75,0.63,0.00,74.97
xp-GPU,1,2019-12-29 12:06:49 UTC,-1,20.72,0.00,4.00,0.62,0.00,74.66
xp-GPU,1,2019-12-29 12:06:50 UTC,-1,21.40,0.00,3.00,0.75,0.00,74.84
xp-GPU,1,2019-12-29 12:06:51 UTC,-1,22.28,0.00,2.13,0.63,0.00,74.97
xp-GPU,1,2019-12-29 12:06:52 UTC,-1,21.30,0.00,3.13,0.63,0.00,74.94
xp-GPU,1,2019-12-29 12:06:53 UTC,-1,21.68,0.00,2.76,0.63,0.00,74.94
xp-GPU,1,2019-12-29 12:06:54 UTC,-1,16.12,0.00,1.75,0.38,0.00,81.75
xp-GPU,1,2019-12-29 12:06:55 UTC,-1,11.62,0.00,1.12,0.00,0.00,87.25
xp-GPU,1,2019-12-29 12:06:56 UTC,-1,11.50,0.00,1.12,0.00,0.00,87.38
xp-GPU,1,2019-12-29 12:06:57 UTC,-1,11.15,0.00,1.38,0.75,0.00,86.72
xp-GPU,1,2019-12-29 12:06:58 UTC,-1,11.50,0.00,1.12,0.00,0.00,87.38
xp-GPU,1,2019-12-29 12:06:59 UTC,-1,11.39,0.00,1.25,0.00,0.00,87.36
xp-GPU,1,2019-12-29 12:07:00 UTC,-1,11.88,0.00,1.00,0.00,0.00,87.12
xp-GPU,1,2019-12-29 12:07:01 UTC,-1,11.62,0.00,1.12,0.00,0.00,87.25
xp-GPU,1,2019-12-29 12:07:02 UTC,-1,11.38,0.00,1.12,2.50,0.00,85.00
xp-GPU,1,2019-12-29 12:07:03 UTC,-1,11.75,0.00,1.00,0.00,0.00,87.25
xp-GPU,1,2019-12-29 12:07:04 UTC,-1,19.15,0.00,2.50,0.00,0.00,78.35
xp-GPU,1,2019-12-29 12:07:05 UTC,-1,19.55,0.00,4.14,2.13,0.00,74.19
xp-GPU,1,2019-12-29 12:07:06 UTC,-1,21.45,0.00,3.37,0.62,0.00,74.56
xp-GPU,1,2019-12-29 12:07:07 UTC,-1,21.62,0.00,2.88,1.12,0.00,74.38
xp-GPU,1,2019-12-29 12:07:08 UTC,-1,21.88,0.00,2.75,0.62,0.00,74.75
xp-GPU,1,2019-12-29 12:07:09 UTC,-1,21.47,0.00,3.25,0.62,0.00,74.66
xp-GPU,1,2019-12-29 12:07:10 UTC,-1,21.38,0.00,3.38,0.62,0.00,74.62
xp-GPU,1,2019-12-29 12:07:11 UTC,-1,21.07,0.00,3.62,0.75,0.00,74.56
xp-GPU,1,2019-12-29 12:07:12 UTC,-1,21.22,0.00,3.75,0.62,0.00,74.41
xp-GPU,1,2019-12-29 12:07:13 UTC,-1,22.51,0.00,2.49,2.61,0.00,72.39
xp-GPU,1,2019-12-29 12:07:14 UTC,-1,21.47,0.00,3.37,0.62,0.00,74.53
xp-GPU,1,2019-12-29 12:07:15 UTC,-1,20.22,0.00,4.37,0.62,0.00,74.78
xp-GPU,1,2019-12-29 12:07:16 UTC,-1,21.53,0.00,3.00,0.63,0.00,74.84
xp-GPU,1,2019-12-29 12:07:17 UTC,-1,21.19,0.00,4.09,0.50,0.00,74.23
xp-GPU,1,2019-12-29 12:07:18 UTC,-1,21.23,0.00,3.02,1.26,0.00,74.50
xp-GPU,1,2019-12-29 12:07:19 UTC,-1,21.62,0.00,2.88,3.25,0.00,72.25
xp-GPU,1,2019-12-29 12:07:20 UTC,-1,21.85,0.00,2.75,0.75,0.00,74.66
xp-GPU,1,2019-12-29 12:07:21 UTC,-1,21.28,0.00,3.25,0.63,0.00,74.84
xp-GPU,1,2019-12-29 12:07:22 UTC,-1,23.96,0.00,3.39,0.75,0.00,71.89
xp-GPU,1,2019-12-29 12:07:23 UTC,-1,32.67,0.00,4.61,0.50,0.00,62.22
xp-GPU,1,2019-12-29 12:07:24 UTC,-1,21.80,0.00,5.01,3.38,0.00,69.80
xp-GPU,1,2019-12-29 12:07:25 UTC,-1,21.70,0.00,3.24,0.50,0.00,74.56
xp-GPU,1,2019-12-29 12:07:26 UTC,-1,21.80,0.00,2.63,0.63,0.00,74.94
xp-GPU,1,2019-12-29 12:07:27 UTC,-1,21.45,0.00,3.49,0.62,0.00,74.44
xp-GPU,1,2019-12-29 12:07:28 UTC,-1,21.09,0.00,3.97,0.74,0.00,74.19
xp-GPU,1,2019-12-29 12:07:29 UTC,-1,21.80,0.00,2.63,1.75,0.00,73.81
xp-GPU,1,2019-12-29 12:07:30 UTC,-1,21.60,0.00,3.12,0.62,0.00,74.66
xp-GPU,1,2019-12-29 12:07:31 UTC,-1,22.12,0.00,2.38,0.75,0.00,74.75
xp-GPU,1,2019-12-29 12:07:32 UTC,-1,21.62,0.00,3.00,0.62,0.00,74.75
xp-GPU,1,2019-12-29 12:07:33 UTC,-1,21.65,0.00,2.88,0.63,0.00,74.84
xp-GPU,1,2019-12-29 12:07:34 UTC,-1,21.72,0.00,3.00,3.00,0.00,72.28
xp-GPU,1,2019-12-29 12:07:35 UTC,-1,21.43,0.00,3.01,0.63,0.00,74.94
xp-GPU,1,2019-12-29 12:07:36 UTC,-1,12.39,0.00,1.75,0.13,0.00,85.73
xp-GPU,1,2019-12-29 12:07:37 UTC,-1,11.38,0.00,1.25,0.00,0.00,87.38
xp-GPU,1,2019-12-29 12:07:38 UTC,-1,11.12,0.00,1.50,0.00,0.00,87.38
xp-GPU,1,2019-12-29 12:07:39 UTC,-1,11.26,0.00,1.38,1.38,0.00,85.98
xp-GPU,1,2019-12-29 12:07:40 UTC,-1,11.24,0.00,1.50,0.00,0.00,87.27
xp-GPU,1,2019-12-29 12:07:41 UTC,-1,18.40,0.00,2.38,0.00,0.00,79.22
xp-GPU,1,2019-12-29 12:07:42 UTC,-1,19.75,0.00,3.40,2.01,0.00,74.84
xp-GPU,1,2019-12-29 12:07:43 UTC,-1,21.83,0.00,2.76,0.75,0.00,74.65
xp-GPU,1,2019-12-29 12:07:44 UTC,-1,21.90,0.00,2.63,2.38,0.00,73.09
xp-GPU,1,2019-12-29 12:07:45 UTC,-1,22.31,0.00,2.01,0.75,0.00,74.94
xp-GPU,1,2019-12-29 12:07:46 UTC,-1,21.80,0.00,2.63,0.63,0.00,74.94
xp-GPU,1,2019-12-29 12:07:47 UTC,-1,22.15,0.00,2.50,0.63,0.00,74.72
xp-GPU,1,2019-12-29 12:07:48 UTC,-1,21.62,0.00,3.00,0.75,0.00,74.62
xp-GPU,1,2019-12-29 12:07:49 UTC,-1,21.90,0.00,2.75,1.25,0.00,74.09
xp-GPU,1,2019-12-29 12:07:50 UTC,-1,22.15,0.00,2.38,0.63,0.00,74.84
xp-GPU,1,2019-12-29 12:07:51 UTC,-1,21.97,0.00,2.75,0.62,0.00,74.66
xp-GPU,1,2019-12-29 12:07:52 UTC,-1,20.62,0.00,4.00,0.62,0.00,74.75
xp-GPU,1,2019-12-29 12:07:53 UTC,-1,21.47,0.00,3.25,0.62,0.00,74.66
xp-GPU,1,2019-12-29 12:07:54 UTC,-1,22.36,0.00,2.61,2.98,0.00,72.05
xp-GPU,1,2019-12-29 12:07:55 UTC,-1,21.53,0.00,3.00,0.63,0.00,74.84
xp-GPU,1,2019-12-29 12:07:56 UTC,-1,21.20,0.00,3.49,0.62,0.00,74.69
xp-GPU,1,2019-12-29 12:07:57 UTC,-1,21.58,0.00,2.76,0.63,0.00,75.03
xp-GPU,1,2019-12-29 12:07:58 UTC,-1,21.68,0.00,2.63,0.63,0.00,75.06
xp-GPU,1,2019-12-29 12:07:59 UTC,-1,21.70,0.00,3.24,0.62,0.00,74.44
xp-GPU,1,2019-12-29 12:08:00 UTC,-1,30.68,0.00,5.09,2.98,0.00,61.24
xp-GPU,1,2019-12-29 12:08:01 UTC,-1,26.90,0.00,6.35,2.99,0.00,63.76
xp-GPU,1,2019-12-29 12:08:02 UTC,-1,21.28,0.00,3.25,0.63,0.00,74.84
xp-GPU,1,2019-12-29 12:08:03 UTC,-1,21.20,0.00,3.62,0.62,0.00,74.56
xp-GPU,1,2019-12-29 12:08:04 UTC,-1,21.67,0.00,3.11,0.62,0.00,74.60
xp-GPU,1,2019-12-29 12:08:05 UTC,-1,21.43,0.00,3.01,1.63,0.00,73.93
xp-GPU,1,2019-12-29 12:08:06 UTC,-1,21.88,0.00,2.75,0.62,0.00,74.75
xp-GPU,1,2019-12-29 12:08:07 UTC,-1,21.80,0.00,2.63,0.63,0.00,74.94
xp-GPU,1,2019-12-29 12:08:08 UTC,-1,21.42,0.00,3.36,0.62,0.00,74.60
xp-GPU,1,2019-12-29 12:08:09 UTC,-1,21.75,0.00,2.75,0.75,0.00,74.75
xp-GPU,1,2019-12-29 12:08:10 UTC,-1,21.78,0.00,2.88,0.63,0.00,74.72
xp-GPU,1,2019-12-29 12:08:11 UTC,-1,21.71,0.00,2.63,0.63,0.00,75.03
xp-GPU,1,2019-12-29 12:08:12 UTC,-1,21.90,0.00,2.50,0.63,0.00,74.97
xp-GPU,1,2019-12-29 12:08:13 UTC,-1,21.03,0.00,3.38,0.75,0.00,74.84
xp-GPU,1,2019-12-29 12:08:14 UTC,-1,21.15,0.00,3.38,0.63,0.00,74.84
xp-GPU,1,2019-12-29 12:08:15 UTC,-1,21.35,0.00,3.25,0.62,0.00,74.78
xp-GPU,1,2019-12-29 12:08:16 UTC,-1,13.78,0.00,1.75,0.13,0.00,84.34
xp-GPU,1,2019-12-29 12:08:17 UTC,-1,11.14,0.00,1.50,0.00,0.00,87.36
xp-GPU,1,2019-12-29 12:08:18 UTC,-1,11.89,0.00,1.00,0.00,0.00,87.11
xp-GPU,1,2019-12-29 12:08:19 UTC,-1,22.38,0.00,2.88,0.00,0.00,74.75
xp-GPU,1,2019-12-29 12:08:20 UTC,-1,19.42,0.00,4.01,3.63,0.00,72.93
xp-GPU,1,2019-12-29 12:08:21 UTC,-1,21.96,0.00,2.51,0.63,0.00,74.91
xp-GPU,1,2019-12-29 12:08:22 UTC,-1,22.03,0.00,2.50,0.63,0.00,74.84
xp-GPU,1,2019-12-29 12:08:23 UTC,-1,21.95,0.00,2.87,0.62,0.00,74.56
xp-GPU,1,2019-12-29 12:08:24 UTC,-1,21.70,0.00,3.24,0.62,0.00,74.44
xp-GPU,1,2019-12-29 12:08:25 UTC,-1,21.50,0.00,2.88,3.12,0.00,72.50
xp-GPU,1,2019-12-29 12:08:26 UTC,-1,21.98,0.00,2.39,0.63,0.00,75.00
xp-GPU,1,2019-12-29 12:08:27 UTC,-1,21.88,0.00,2.62,0.75,0.00,74.75
xp-GPU,1,2019-12-29 12:08:28 UTC,-1,21.43,0.00,3.01,0.63,0.00,74.94
xp-GPU,1,2019-12-29 12:08:29 UTC,-1,21.68,0.00,2.76,0.63,0.00,74.94
xp-GPU,1,2019-12-29 12:08:30 UTC,-1,20.60,0.00,4.24,3.00,0.00,72.16
xp-GPU,1,2019-12-29 12:08:31 UTC,-1,21.02,0.00,3.98,0.62,0.00,74.38
xp-GPU,1,2019-12-29 12:08:32 UTC,-1,21.60,0.00,3.00,0.62,0.00,74.78
xp-GPU,1,2019-12-29 12:08:33 UTC,-1,21.83,0.00,2.51,0.63,0.00,75.03
xp-GPU,1,2019-12-29 12:08:34 UTC,-1,22.12,0.00,2.50,0.62,0.00,74.75
xp-GPU,1,2019-12-29 12:08:35 UTC,-1,21.45,0.00,3.24,3.12,0.00,72.19
xp-GPU,1,2019-12-29 12:08:36 UTC,-1,21.62,0.00,3.00,0.62,0.00,74.75
xp-GPU,1,2019-12-29 12:08:37 UTC,-1,23.60,0.00,2.87,0.62,0.00,72.91
xp-GPU,1,2019-12-29 12:08:38 UTC,-1,32.46,0.00,4.51,0.63,0.00,62.41
xp-GPU,1,2019-12-29 12:08:39 UTC,-1,23.68,0.00,5.26,2.88,0.00,68.17
xp-GPU,1,2019-12-29 12:08:40 UTC,-1,21.33,0.00,3.01,0.63,0.00,75.03
xp-GPU,1,2019-12-29 12:08:41 UTC,-1,22.03,0.00,2.50,3.00,0.00,72.47
xp-GPU,1,2019-12-29 12:08:42 UTC,-1,21.78,0.00,2.75,0.63,0.00,74.84
xp-GPU,1,2019-12-29 12:08:43 UTC,-1,21.30,0.00,3.13,0.63,0.00,74.94
xp-GPU,1,2019-12-29 12:08:44 UTC,-1,21.73,0.00,3.58,0.74,0.00,73.95
xp-GPU,1,2019-12-29 12:08:45 UTC,-1,20.85,0.00,3.87,0.62,0.00,74.66
xp-GPU,1,2019-12-29 12:08:46 UTC,-1,21.18,0.00,3.26,2.63,0.00,72.93
xp-GPU,1,2019-12-29 12:08:47 UTC,-1,21.74,0.00,3.23,0.62,0.00,74.41
xp-GPU,1,2019-12-29 12:08:48 UTC,-1,21.78,0.00,2.75,0.63,0.00,74.84
xp-GPU,1,2019-12-29 12:08:49 UTC,-1,21.40,0.00,3.00,0.63,0.00,74.97
xp-GPU,1,2019-12-29 12:08:50 UTC,-1,21.27,0.00,3.61,0.75,0.00,74.38
xp-GPU,1,2019-12-29 12:08:51 UTC,-1,21.65,0.00,2.88,2.63,0.00,72.84
xp-GPU,1,2019-12-29 12:08:52 UTC,-1,21.70,0.00,3.12,0.62,0.00,74.56
xp-GPU,1,2019-12-29 12:08:53 UTC,-1,22.15,0.00,2.25,0.75,0.00,74.84
xp-GPU,1,2019-12-29 12:08:54 UTC,-1,21.25,0.00,3.25,0.62,0.00,74.88
xp-GPU,1,2019-12-29 12:08:55 UTC,-1,21.92,0.00,2.99,0.62,0.00,74.47
xp-GPU,1,2019-12-29 12:08:56 UTC,-1,21.60,0.00,2.62,2.62,0.00,73.16
xp-GPU,1,2019-12-29 12:08:57 UTC,-1,21.78,0.00,3.00,0.00,0.00,75.22
xp-GPU,1,2019-12-29 12:08:58 UTC,-1,19.70,0.00,3.76,2.26,0.00,74.28
xp-GPU,1,2019-12-29 12:08:59 UTC,-1,21.25,0.00,3.25,0.75,0.00,74.75
xp-GPU,1,2019-12-29 12:09:00 UTC,-1,21.90,0.00,2.75,0.63,0.00,74.72
xp-GPU,1,2019-12-29 12:09:01 UTC,-1,21.43,0.00,2.88,3.13,0.00,72.56
xp-GPU,1,2019-12-29 12:09:02 UTC,-1,22.15,0.00,2.50,0.63,0.00,74.72
xp-GPU,1,2019-12-29 12:09:03 UTC,-1,21.55,0.00,2.76,0.75,0.00,74.94
xp-GPU,1,2019-12-29 12:09:04 UTC,-1,21.71,0.00,2.63,0.63,0.00,75.03
xp-GPU,1,2019-12-29 12:09:05 UTC,-1,21.72,0.00,3.00,0.62,0.00,74.66
xp-GPU,1,2019-12-29 12:09:06 UTC,-1,21.70,0.00,2.99,3.12,0.00,72.19
xp-GPU,1,2019-12-29 12:09:07 UTC,-1,21.75,0.00,3.00,0.62,0.00,74.62
xp-GPU,1,2019-12-29 12:09:08 UTC,-1,20.32,0.00,5.08,0.50,0.00,74.10
xp-GPU,1,2019-12-29 12:09:09 UTC,-1,21.35,0.00,3.25,0.62,0.00,74.78
xp-GPU,1,2019-12-29 12:09:10 UTC,-1,21.10,0.00,3.50,0.75,0.00,74.66
xp-GPU,1,2019-12-29 12:09:11 UTC,-1,21.65,0.00,2.88,3.00,0.00,72.47
xp-GPU,1,2019-12-29 12:09:12 UTC,-1,21.35,0.00,3.37,0.62,0.00,74.66
xp-GPU,1,2019-12-29 12:09:13 UTC,-1,21.50,0.00,3.00,0.75,0.00,74.75
xp-GPU,1,2019-12-29 12:09:14 UTC,-1,21.78,0.00,2.75,0.63,0.00,74.84
xp-GPU,1,2019-12-29 12:09:15 UTC,-1,21.72,0.00,3.37,0.62,0.00,74.28
xp-GPU,1,2019-12-29 12:09:16 UTC,-1,32.58,0.00,4.39,2.13,0.00,60.90
xp-GPU,1,2019-12-29 12:09:17 UTC,-1,24.44,0.00,5.36,2.99,0.00,67.21
xp-GPU,1,2019-12-29 12:09:18 UTC,-1,21.60,0.00,3.25,0.62,0.00,74.53
xp-GPU,1,2019-12-29 12:09:19 UTC,-1,21.09,0.00,3.97,0.62,0.00,74.32
xp-GPU,1,2019-12-29 12:09:20 UTC,-1,21.65,0.00,2.88,0.63,0.00,74.84
xp-GPU,1,2019-12-29 12:09:21 UTC,-1,21.12,0.00,3.38,4.62,0.00,70.88
xp-GPU,1,2019-12-29 12:09:22 UTC,-1,21.50,0.00,3.12,0.75,0.00,74.62
xp-GPU,1,2019-12-29 12:09:23 UTC,-1,21.88,0.00,2.75,0.50,0.00,74.88
xp-GPU,1,2019-12-29 12:09:24 UTC,-1,21.64,0.00,3.23,0.75,0.00,74.38
xp-GPU,1,2019-12-29 12:09:25 UTC,-1,21.90,0.00,2.63,0.63,0.00,74.84
xp-GPU,1,2019-12-29 12:09:26 UTC,-1,21.80,0.00,2.63,0.63,0.00,74.94
xp-GPU,1,2019-12-29 12:09:27 UTC,-1,21.28,0.00,3.25,0.63,0.00,74.84
xp-GPU,1,2019-12-29 12:09:28 UTC,-1,21.85,0.00,2.75,0.75,0.00,74.66
xp-GPU,1,2019-12-29 12:09:29 UTC,-1,22.06,0.00,2.38,0.63,0.00,74.94
xp-GPU,1,2019-12-29 12:09:30 UTC,-1,21.62,0.00,3.00,0.62,0.00,74.75
xp-GPU,1,2019-12-29 12:09:31 UTC,-1,22.00,0.00,2.50,1.75,0.00,73.75
xp-GPU,1,2019-12-29 12:09:32 UTC,-1,21.68,0.00,2.76,0.63,0.00,74.94
xp-GPU,1,2019-12-29 12:09:33 UTC,-1,22.12,0.00,2.38,0.62,0.00,74.88
xp-GPU,1,2019-12-29 12:09:34 UTC,-1,22.57,0.00,4.61,0.50,0.00,72.32
xp-GPU,1,2019-12-29 12:09:35 UTC,-1,31.08,0.00,3.76,0.63,0.00,64.54
xp-GPU,1,2019-12-29 12:09:36 UTC,-1,19.62,0.00,4.00,4.75,0.00,71.62
xp-GPU,1,2019-12-29 12:09:37 UTC,-1,21.33,0.00,3.01,0.63,0.00,75.03
xp-GPU,1,2019-12-29 12:09:38 UTC,-1,21.47,0.00,3.12,0.75,0.00,74.66
xp-GPU,1,2019-12-29 12:09:39 UTC,-1,21.55,0.00,2.88,0.63,0.00,74.94
xp-GPU,1,2019-12-29 12:09:40 UTC,-1,21.09,0.00,3.97,0.74,0.00,74.19
xp-GPU,1,2019-12-29 12:09:41 UTC,-1,21.79,0.00,3.24,2.99,0.00,71.98
xp-GPU,1,2019-12-29 12:09:42 UTC,-1,22.31,0.00,2.26,0.63,0.00,74.81
xp-GPU,1,2019-12-29 12:09:43 UTC,-1,22.21,0.00,2.01,0.75,0.00,75.03
xp-GPU,1,2019-12-29 12:09:44 UTC,-1,20.90,0.00,3.63,0.75,0.00,74.72
xp-GPU,1,2019-12-29 12:09:45 UTC,-1,22.81,0.00,1.63,0.63,0.00,74.94
xp-GPU,1,2019-12-29 12:09:46 UTC,-1,20.40,0.00,3.88,3.00,0.00,72.72
xp-GPU,1,2019-12-29 12:09:47 UTC,-1,21.93,0.00,2.63,0.50,0.00,74.94
xp-GPU,1,2019-12-29 12:09:48 UTC,-1,21.68,0.00,2.76,0.63,0.00,74.94
xp-GPU,1,2019-12-29 12:09:49 UTC,-1,21.78,0.00,2.75,0.63,0.00,74.84
xp-GPU,1,2019-12-29 12:09:50 UTC,-1,22.00,0.00,2.50,0.75,0.00,74.75
xp-GPU,1,2019-12-29 12:09:51 UTC,-1,21.88,0.00,2.62,3.00,0.00,72.50
xp-GPU,1,2019-12-29 12:09:52 UTC,-1,22.03,0.00,2.38,0.75,0.00,74.84
xp-GPU,1,2019-12-29 12:09:53 UTC,-1,25.22,0.00,3.98,0.50,0.00,70.31
xp-GPU,1,2019-12-29 12:09:54 UTC,-1,32.21,0.00,4.64,0.75,0.00,62.41
xp-GPU,1,2019-12-29 12:09:55 UTC,-1,21.64,0.00,4.78,3.27,0.00,70.31
xp-GPU,1,2019-12-29 12:09:56 UTC,-1,21.47,0.00,3.12,0.62,0.00,74.78
xp-GPU,1,2019-12-29 12:09:57 UTC,-1,21.07,0.00,4.21,2.97,0.00,71.75
xp-GPU,1,2019-12-29 12:09:58 UTC,-1,21.57,0.00,3.24,0.75,0.00,74.44
xp-GPU,1,2019-12-29 12:09:59 UTC,-1,22.40,0.00,2.00,0.63,0.00,74.97
xp-GPU,1,2019-12-29 12:10:00 UTC,-1,21.05,0.00,3.63,0.50,0.00,74.81
xp-GPU,1,2019-12-29 12:10:01 UTC,-1,21.97,0.00,2.50,0.75,0.00,74.78
xp-GPU,1,2019-12-29 12:10:02 UTC,-1,21.17,0.00,3.74,0.62,0.00,74.47
xp-GPU,1,2019-12-29 12:10:03 UTC,-1,21.33,0.00,3.01,0.63,0.00,75.03
xp-GPU,1,2019-12-29 12:10:04 UTC,-1,21.85,0.00,2.87,0.62,0.00,74.66
xp-GPU,1,2019-12-29 12:10:05 UTC,-1,21.82,0.00,2.87,0.62,0.00,74.69
xp-GPU,1,2019-12-29 12:10:06 UTC,-1,21.45,0.00,3.37,0.62,0.00,74.56
xp-GPU,1,2019-12-29 12:10:07 UTC,-1,20.95,0.00,3.74,1.87,0.00,73.44
xp-GPU,1,2019-12-29 12:10:08 UTC,-1,21.80,0.00,2.63,1.63,0.00,73.93
xp-GPU,1,2019-12-29 12:10:09 UTC,-1,21.60,0.00,3.12,0.62,0.00,74.66
xp-GPU,1,2019-12-29 12:10:10 UTC,-1,22.07,0.00,2.74,0.62,0.00,74.56
xp-GPU,1,2019-12-29 12:10:11 UTC,-1,21.99,0.00,3.11,0.62,0.00,74.29
xp-GPU,1,2019-12-29 12:10:12 UTC,-1,23.12,0.00,3.12,0.62,0.00,73.12
xp-GPU,1,2019-12-29 12:10:13 UTC,-1,23.90,0.00,2.88,1.25,0.00,71.96
xp-GPU,1,2019-12-29 12:10:14 UTC,-1,19.28,0.00,4.73,2.36,0.00,73.63
xp-GPU,1,2019-12-29 12:10:15 UTC,-1,22.21,0.00,2.26,0.63,0.00,74.91
xp-GPU,1,2019-12-29 12:10:16 UTC,-1,21.86,0.00,3.35,0.62,0.00,74.16
xp-GPU,1,2019-12-29 12:10:17 UTC,-1,21.78,0.00,2.75,0.63,0.00,74.84
xp-GPU,1,2019-12-29 12:10:18 UTC,-1,22.18,0.00,2.26,0.75,0.00,74.81
xp-GPU,1,2019-12-29 12:10:19 UTC,-1,21.80,0.00,2.63,3.01,0.00,72.56
xp-GPU,1,2019-12-29 12:10:20 UTC,-1,21.34,0.00,3.97,0.62,0.00,74.07
xp-GPU,1,2019-12-29 12:10:21 UTC,-1,21.95,0.00,2.87,0.75,0.00,74.44
xp-GPU,1,2019-12-29 12:10:22 UTC,-1,21.58,0.00,2.89,0.63,0.00,74.91
xp-GPU,1,2019-12-29 12:10:23 UTC,-1,21.58,0.00,2.76,0.75,0.00,74.91
xp-GPU,1,2019-12-29 12:10:24 UTC,-1,20.50,0.00,4.25,2.25,0.00,73.00
xp-GPU,1,2019-12-29 12:10:25 UTC,-1,21.14,0.00,4.20,0.62,0.00,74.04
xp-GPU,1,2019-12-29 12:10:26 UTC,-1,21.33,0.00,3.01,0.63,0.00,75.03
xp-GPU,1,2019-12-29 12:10:27 UTC,-1,21.72,0.00,2.87,0.62,0.00,74.78
xp-GPU,1,2019-12-29 12:10:28 UTC,-1,21.65,0.00,2.88,0.63,0.00,74.84
xp-GPU,1,2019-12-29 12:10:29 UTC,-1,21.07,0.00,4.09,1.61,0.00,73.23
xp-GPU,1,2019-12-29 12:10:30 UTC,-1,20.80,0.00,4.11,0.50,0.00,74.60
xp-GPU,1,2019-12-29 12:10:31 UTC,-1,23.11,0.00,3.48,0.75,0.00,72.67
xp-GPU,1,2019-12-29 12:10:32 UTC,-1,31.87,0.00,5.25,0.62,0.00,62.25
xp-GPU,1,2019-12-29 12:10:33 UTC,-1,23.98,0.00,6.46,2.86,0.00,66.71
xp-GPU,1,2019-12-29 12:10:34 UTC,-1,21.50,0.00,3.12,2.62,0.00,72.75
xp-GPU,1,2019-12-29 12:10:35 UTC,-1,21.32,0.00,3.49,0.62,0.00,74.56
xp-GPU,1,2019-12-29 12:10:36 UTC,-1,22.06,0.00,2.38,0.63,0.00,74.94
xp-GPU,1,2019-12-29 12:10:37 UTC,-1,21.82,0.00,2.87,0.62,0.00,74.69
xp-GPU,1,2019-12-29 12:10:38 UTC,-1,21.38,0.00,3.25,0.62,0.00,74.75
xp-GPU,1,2019-12-29 12:10:39 UTC,-1,21.50,0.00,3.12,0.62,0.00,74.75
xp-GPU,1,2019-12-29 12:10:40 UTC,-1,21.81,0.00,3.47,2.35,0.00,72.37
xp-GPU,1,2019-12-29 12:10:41 UTC,-1,21.53,0.00,3.00,0.63,0.00,74.84
xp-GPU,1,2019-12-29 12:10:42 UTC,-1,21.72,0.00,2.87,0.75,0.00,74.66
xp-GPU,1,2019-12-29 12:10:43 UTC,-1,21.72,0.00,3.00,0.62,0.00,74.66
xp-GPU,1,2019-12-29 12:10:44 UTC,-1,21.39,0.00,3.48,0.62,0.00,74.50
xp-GPU,1,2019-12-29 12:10:45 UTC,-1,21.50,0.00,3.00,2.50,0.00,73.00
xp-GPU,1,2019-12-29 12:10:46 UTC,-1,21.78,0.00,2.88,0.50,0.00,74.84
xp-GPU,1,2019-12-29 12:10:47 UTC,-1,21.79,0.00,2.74,0.75,0.00,74.72
xp-GPU,1,2019-12-29 12:10:48 UTC,-1,12.48,0.00,1.12,0.00,0.00,86.39
xp-GPU,1,2019-12-29 12:10:49 UTC,-1,11.39,0.00,1.25,0.00,0.00,87.36
xp-GPU,1,2019-12-29 12:10:50 UTC,-1,15.50,0.00,1.88,3.25,0.00,79.38
xp-GPU,1,2019-12-29 12:10:51 UTC,-1,22.31,0.00,2.88,0.00,0.00,74.81
xp-GPU,1,2019-12-29 12:10:52 UTC,-1,19.17,0.00,3.88,2.63,0.00,74.31
xp-GPU,1,2019-12-29 12:10:53 UTC,-1,21.92,0.00,3.24,0.62,0.00,74.22
xp-GPU,1,2019-12-29 12:10:54 UTC,-1,21.17,0.00,3.61,0.75,0.00,74.47
xp-GPU,1,2019-12-29 12:10:55 UTC,-1,21.85,0.00,3.12,2.12,0.00,72.91
xp-GPU,1,2019-12-29 12:10:56 UTC,-1,21.47,0.00,3.25,0.75,0.00,74.53
xp-GPU,1,2019-12-29 12:10:57 UTC,-1,22.00,0.00,2.75,0.62,0.00,74.62
xp-GPU,1,2019-12-29 12:10:58 UTC,-1,21.35,0.00,3.37,0.75,0.00,74.53
xp-GPU,1,2019-12-29 12:10:59 UTC,-1,21.70,0.00,3.24,0.62,0.00,74.44
xp-GPU,1,2019-12-29 12:11:00 UTC,-1,21.51,0.00,4.08,1.48,0.00,72.93
xp-GPU,1,2019-12-29 12:11:01 UTC,-1,22.04,0.00,2.99,0.62,0.00,74.35
xp-GPU,1,2019-12-29 12:11:02 UTC,-1,20.57,0.00,4.36,0.50,0.00,74.56
xp-GPU,1,2019-12-29 12:11:03 UTC,-1,21.88,0.00,2.62,0.62,0.00,74.88
xp-GPU,1,2019-12-29 12:11:04 UTC,-1,21.68,0.00,2.76,0.63,0.00,74.94
xp-GPU,1,2019-12-29 12:11:05 UTC,-1,21.30,0.00,3.13,3.01,0.00,72.56
xp-GPU,1,2019-12-29 12:11:06 UTC,-1,22.50,0.00,2.00,0.62,0.00,74.88
xp-GPU,1,2019-12-29 12:11:07 UTC,-1,21.65,0.00,3.00,0.63,0.00,74.72
xp-GPU,1,2019-12-29 12:11:08 UTC,-1,21.92,0.00,2.86,0.62,0.00,74.60
xp-GPU,1,2019-12-29 12:11:09 UTC,-1,29.46,0.00,4.62,0.62,0.00,65.29
xp-GPU,1,2019-12-29 12:11:10 UTC,-1,28.36,0.00,5.02,5.40,0.00,61.23
xp-GPU,1,2019-12-29 12:11:11 UTC,-1,21.49,0.00,3.48,0.62,0.00,74.41
xp-GPU,1,2019-12-29 12:11:12 UTC,-1,21.25,0.00,3.38,0.62,0.00,74.75
xp-GPU,1,2019-12-29 12:11:13 UTC,-1,21.25,0.00,3.38,0.62,0.00,74.75
xp-GPU,1,2019-12-29 12:11:14 UTC,-1,21.47,0.00,3.12,0.62,0.00,74.78
xp-GPU,1,2019-12-29 12:11:15 UTC,-1,21.50,0.00,3.12,0.62,0.00,74.75
xp-GPU,1,2019-12-29 12:11:16 UTC,-1,21.00,0.00,3.50,2.88,0.00,72.62
xp-GPU,1,2019-12-29 12:11:17 UTC,-1,21.52,0.00,3.36,0.62,0.00,74.50
xp-GPU,1,2019-12-29 12:11:18 UTC,-1,21.65,0.00,2.88,0.63,0.00,74.84
xp-GPU,1,2019-12-29 12:11:19 UTC,-1,21.18,0.00,3.13,0.63,0.00,75.06
xp-GPU,1,2019-12-29 12:11:20 UTC,-1,21.65,0.00,2.75,0.63,0.00,74.97
xp-GPU,1,2019-12-29 12:11:21 UTC,-1,21.90,0.00,2.50,3.13,0.00,72.47
xp-GPU,1,2019-12-29 12:11:22 UTC,-1,21.85,0.00,2.87,0.62,0.00,74.66
xp-GPU,1,2019-12-29 12:11:23 UTC,-1,21.83,0.00,2.63,0.63,0.00,74.91
xp-GPU,1,2019-12-29 12:11:24 UTC,-1,21.88,0.00,2.62,0.62,0.00,74.88
xp-GPU,1,2019-12-29 12:11:25 UTC,-1,21.10,0.00,3.62,0.62,0.00,74.66
xp-GPU,1,2019-12-29 12:11:26 UTC,-1,21.65,0.00,2.75,3.13,0.00,72.47
xp-GPU,1,2019-12-29 12:11:27 UTC,-1,21.65,0.00,2.88,0.63,0.00,74.84
xp-GPU,1,2019-12-29 12:11:28 UTC,-1,28.66,0.00,3.50,0.75,0.00,67.08
xp-GPU,1,2019-12-29 12:11:29 UTC,-1,28.23,0.00,4.14,3.26,0.00,64.37
xp-GPU,1,2019-12-29 12:11:30 UTC,-1,21.30,0.00,3.88,0.75,0.00,74.06
xp-GPU,1,2019-12-29 12:11:31 UTC,-1,22.31,0.00,2.26,2.88,0.00,72.56
xp-GPU,1,2019-12-29 12:11:32 UTC,-1,21.58,0.00,2.76,0.75,0.00,74.91
xp-GPU,1,2019-12-29 12:11:33 UTC,-1,21.86,0.00,2.51,0.63,0.00,75.00
xp-GPU,1,2019-12-29 12:11:34 UTC,-1,21.68,0.00,2.76,0.75,0.00,74.81
xp-GPU,1,2019-12-29 12:11:35 UTC,-1,22.18,0.00,2.26,0.75,0.00,74.81
xp-GPU,1,2019-12-29 12:11:36 UTC,-1,21.58,0.00,2.89,3.26,0.00,72.27
xp-GPU,1,2019-12-29 12:11:37 UTC,-1,21.30,0.00,3.13,0.63,0.00,74.94
xp-GPU,1,2019-12-29 12:11:38 UTC,-1,21.28,0.00,3.25,0.75,0.00,74.72
xp-GPU,1,2019-12-29 12:11:39 UTC,-1,22.03,0.00,2.50,0.63,0.00,74.84
xp-GPU,1,2019-12-29 12:11:40 UTC,-1,20.50,0.00,4.00,0.62,0.00,74.88
xp-GPU,1,2019-12-29 12:11:41 UTC,-1,21.62,0.00,3.00,2.50,0.00,72.88
xp-GPU,1,2019-12-29 12:11:42 UTC,-1,21.38,0.00,3.38,0.50,0.00,74.75
xp-GPU,1,2019-12-29 12:11:43 UTC,-1,21.22,0.00,3.37,0.75,0.00,74.66
xp-GPU,1,2019-12-29 12:11:44 UTC,-1,21.88,0.00,2.75,0.50,0.00,74.88
xp-GPU,1,2019-12-29 12:11:45 UTC,-1,21.75,0.00,2.88,0.62,0.00,74.75
xp-GPU,1,2019-12-29 12:11:46 UTC,-1,22.31,0.00,2.01,0.88,0.00,74.81
xp-GPU,1,2019-12-29 12:11:47 UTC,-1,29.50,0.00,4.25,0.62,0.00,65.62
xp-GPU,1,2019-12-29 12:11:48 UTC,-1,29.54,0.00,5.13,2.75,0.00,62.58
xp-GPU,1,2019-12-29 12:11:49 UTC,-1,20.97,0.00,3.75,0.75,0.00,74.53
xp-GPU,1,2019-12-29 12:11:50 UTC,-1,21.90,0.00,2.63,0.50,0.00,74.97
xp-GPU,1,2019-12-29 12:11:51 UTC,-1,21.43,0.00,3.13,0.63,0.00,74.81
xp-GPU,1,2019-12-29 12:11:52 UTC,-1,21.79,0.00,2.86,1.49,0.00,73.85
xp-GPU,1,2019-12-29 12:11:53 UTC,-1,21.67,0.00,3.24,0.62,0.00,74.47
xp-GPU,1,2019-12-29 12:11:54 UTC,-1,21.75,0.00,2.75,0.62,0.00,74.88
xp-GPU,1,2019-12-29 12:11:55 UTC,-1,21.47,0.00,3.25,0.62,0.00,74.66
xp-GPU,1,2019-12-29 12:11:56 UTC,-1,21.47,0.00,3.25,0.62,0.00,74.66
xp-GPU,1,2019-12-29 12:11:57 UTC,-1,21.62,0.00,3.00,2.50,0.00,72.88
xp-GPU,1,2019-12-29 12:11:58 UTC,-1,21.12,0.00,3.50,0.62,0.00,74.75
xp-GPU,1,2019-12-29 12:11:59 UTC,-1,22.28,0.00,2.13,0.63,0.00,74.97
xp-GPU,1,2019-12-29 12:12:00 UTC,-1,21.88,0.00,2.88,0.62,0.00,74.62
xp-GPU,1,2019-12-29 12:12:01 UTC,-1,22.00,0.00,2.50,0.62,0.00,74.88
xp-GPU,1,2019-12-29 12:12:02 UTC,-1,21.40,0.00,3.13,0.63,0.00,74.84
xp-GPU,1,2019-12-29 12:12:03 UTC,-1,21.45,0.00,3.24,1.00,0.00,74.31
xp-GPU,1,2019-12-29 12:12:04 UTC,-1,21.43,0.00,3.01,0.63,0.00,74.94
xp-GPU,1,2019-12-29 12:12:05 UTC,-1,22.03,0.00,2.50,0.63,0.00,74.84
xp-GPU,1,2019-12-29 12:12:06 UTC,-1,30.00,0.00,4.25,0.62,0.00,65.12
xp-GPU,1,2019-12-29 12:12:07 UTC,-1,25.28,0.00,4.63,2.38,0.00,67.71
xp-GPU,1,2019-12-29 12:12:08 UTC,-1,21.50,0.00,3.12,2.12,0.00,73.25
xp-GPU,1,2019-12-29 12:12:09 UTC,-1,21.25,0.00,3.50,0.62,0.00,74.62
xp-GPU,1,2019-12-29 12:12:10 UTC,-1,22.06,0.00,2.38,0.75,0.00,74.81
xp-GPU,1,2019-12-29 12:12:11 UTC,-1,21.53,0.00,3.00,0.63,0.00,74.84
xp-GPU,1,2019-12-29 12:12:12 UTC,-1,21.65,0.00,2.88,0.75,0.00,74.72
xp-GPU,1,2019-12-29 12:12:13 UTC,-1,21.46,0.00,2.89,3.26,0.00,72.40
xp-GPU,1,2019-12-29 12:12:14 UTC,-1,21.53,0.00,3.13,0.63,0.00,74.72
xp-GPU,1,2019-12-29 12:12:15 UTC,-1,21.90,0.00,2.50,0.75,0.00,74.84
xp-GPU,1,2019-12-29 12:12:16 UTC,-1,21.20,0.00,3.14,0.63,0.00,75.03
xp-GPU,1,2019-12-29 12:12:17 UTC,-1,20.03,0.00,4.51,0.50,0.00,74.97
xp-GPU,1,2019-12-29 12:12:18 UTC,-1,21.00,0.00,3.62,1.62,0.00,73.75
xp-GPU,1,2019-12-29 12:12:19 UTC,-1,21.45,0.00,3.12,0.75,0.00,74.69
xp-GPU,1,2019-12-29 12:12:20 UTC,-1,21.55,0.00,3.01,0.63,0.00,74.81
xp-GPU,1,2019-12-29 12:12:21 UTC,-1,21.97,0.00,2.62,0.62,0.00,74.78
xp-GPU,1,2019-12-29 12:12:22 UTC,-1,21.80,0.00,2.63,0.63,0.00,74.94
xp-GPU,1,2019-12-29 12:12:23 UTC,-1,21.78,0.00,2.88,3.13,0.00,72.22
xp-GPU,1,2019-12-29 12:12:24 UTC,-1,21.75,0.00,3.25,0.75,0.00,74.25
xp-GPU,1,2019-12-29 12:12:25 UTC,-1,32.54,0.00,4.38,0.63,0.00,62.45
xp-GPU,1,2019-12-29 12:12:26 UTC,-1,26.63,0.00,4.77,5.78,0.00,62.81
xp-GPU,1,2019-12-29 12:12:27 UTC,-1,21.03,0.00,3.50,0.63,0.00,74.84
xp-GPU,1,2019-12-29 12:12:28 UTC,-1,22.14,0.00,2.86,0.75,0.00,74.25
xp-GPU,1,2019-12-29 12:12:29 UTC,-1,21.78,0.00,2.63,0.75,0.00,74.84
xp-GPU,1,2019-12-29 12:12:30 UTC,-1,21.78,0.00,2.75,0.63,0.00,74.84
xp-GPU,1,2019-12-29 12:12:31 UTC,-1,21.30,0.00,3.01,0.63,0.00,75.06
xp-GPU,1,2019-12-29 12:12:32 UTC,-1,21.50,0.00,3.00,0.75,0.00,74.75
xp-GPU,1,2019-12-29 12:12:33 UTC,-1,21.50,0.00,3.12,1.00,0.00,74.38
xp-GPU,1,2019-12-29 12:12:34 UTC,-1,21.96,0.00,2.38,0.63,0.00,75.03
xp-GPU,1,2019-12-29 12:12:35 UTC,-1,21.61,0.00,3.35,0.75,0.00,74.29
xp-GPU,1,2019-12-29 12:12:36 UTC,-1,21.72,0.00,3.00,0.50,0.00,74.78
xp-GPU,1,2019-12-29 12:12:37 UTC,-1,21.88,0.00,2.62,0.75,0.00,74.75
xp-GPU,1,2019-12-29 12:12:38 UTC,-1,21.75,0.00,2.88,3.00,0.00,72.38
xp-GPU,1,2019-12-29 12:12:39 UTC,-1,21.90,0.00,2.63,0.63,0.00,74.84
xp-GPU,1,2019-12-29 12:12:40 UTC,-1,21.52,0.00,3.11,0.50,0.00,74.88
xp-GPU,1,2019-12-29 12:12:41 UTC,-1,18.12,0.00,2.00,0.50,0.00,79.38
xp-GPU,1,2019-12-29 12:12:42 UTC,-1,11.38,0.00,1.25,0.00,0.00,87.38
xp-GPU,1,2019-12-29 12:12:43 UTC,-1,14.64,0.00,1.38,2.50,0.00,81.48
xp-GPU,1,2019-12-29 12:12:44 UTC,-1,21.85,0.00,3.50,0.00,0.00,74.66
xp-GPU,1,2019-12-29 12:12:45 UTC,-1,19.10,0.00,3.89,2.51,0.00,74.50
xp-GPU,1,2019-12-29 12:12:46 UTC,-1,21.79,0.00,3.24,0.62,0.00,74.35
xp-GPU,1,2019-12-29 12:12:47 UTC,-1,21.47,0.00,3.12,0.75,0.00,74.66
xp-GPU,1,2019-12-29 12:12:48 UTC,-1,21.82,0.00,2.99,2.99,0.00,72.19
xp-GPU,1,2019-12-29 12:12:49 UTC,-1,21.35,0.00,3.25,0.62,0.00,74.78
xp-GPU,1,2019-12-29 12:12:50 UTC,-1,22.38,0.00,2.25,0.75,0.00,74.62
xp-GPU,1,2019-12-29 12:12:51 UTC,-1,22.06,0.00,2.38,0.63,0.00,74.94
xp-GPU,1,2019-12-29 12:12:52 UTC,-1,21.70,0.00,3.12,0.62,0.00,74.56
xp-GPU,1,2019-12-29 12:12:53 UTC,-1,22.12,0.00,2.50,2.75,0.00,72.62
xp-GPU,1,2019-12-29 12:12:54 UTC,-1,22.28,0.00,2.25,0.75,0.00,74.72
xp-GPU,1,2019-12-29 12:12:55 UTC,-1,20.18,0.00,4.26,0.63,0.00,74.94
xp-GPU,1,2019-12-29 12:12:56 UTC,-1,21.81,0.00,3.35,0.62,0.00,74.23
xp-GPU,1,2019-12-29 12:12:57 UTC,-1,20.47,0.00,4.59,0.62,0.00,74.32
xp-GPU,1,2019-12-29 12:12:58 UTC,-1,21.10,0.00,3.50,2.75,0.00,72.66
xp-GPU,1,2019-12-29 12:12:59 UTC,-1,21.12,0.00,3.50,0.62,0.00,74.75
xp-GPU,1,2019-12-29 12:13:00 UTC,-1,21.75,0.00,2.88,0.62,0.00,74.75
xp-GPU,1,2019-12-29 12:13:01 UTC,-1,21.25,0.00,3.25,0.62,0.00,74.88
xp-GPU,1,2019-12-29 12:13:02 UTC,-1,29.50,0.00,4.25,0.62,0.00,65.62
xp-GPU,1,2019-12-29 12:13:03 UTC,-1,28.57,0.00,4.76,5.01,0.00,61.65
xp-GPU,1,2019-12-29 12:13:04 UTC,-1,20.88,0.00,4.38,0.62,0.00,74.12
xp-GPU,1,2019-12-29 12:13:05 UTC,-1,21.85,0.00,2.87,0.62,0.00,74.66
xp-GPU,1,2019-12-29 12:13:06 UTC,-1,21.80,0.00,2.51,0.75,0.00,74.94
xp-GPU,1,2019-12-29 12:13:07 UTC,-1,21.59,0.00,3.47,0.62,0.00,74.32
xp-GPU,1,2019-12-29 12:13:08 UTC,-1,20.90,0.00,3.98,2.99,0.00,72.14
xp-GPU,1,2019-12-29 12:13:09 UTC,-1,21.40,0.00,3.00,0.75,0.00,74.84
xp-GPU,1,2019-12-29 12:13:10 UTC,-1,21.54,0.00,3.11,0.75,0.00,74.60
xp-GPU,1,2019-12-29 12:13:11 UTC,-1,21.35,0.00,3.37,0.62,0.00,74.66
xp-GPU,1,2019-12-29 12:13:12 UTC,-1,22.25,0.00,2.25,0.75,0.00,74.75
xp-GPU,1,2019-12-29 12:13:13 UTC,-1,21.45,0.00,3.24,2.74,0.00,72.57
xp-GPU,1,2019-12-29 12:13:14 UTC,-1,21.68,0.00,2.63,0.75,0.00,74.94
xp-GPU,1,2019-12-29 12:13:15 UTC,-1,21.55,0.00,2.76,0.63,0.00,75.06
xp-GPU,1,2019-12-29 12:13:16 UTC,-1,21.30,0.00,3.01,0.75,0.00,74.94
xp-GPU,1,2019-12-29 12:13:17 UTC,-1,21.35,0.00,3.25,0.75,0.00,74.66
xp-GPU,1,2019-12-29 12:13:18 UTC,-1,21.05,0.00,3.61,3.11,0.00,72.23
xp-GPU,1,2019-12-29 12:13:19 UTC,-1,21.78,0.00,2.75,0.63,0.00,74.84
xp-GPU,1,2019-12-29 12:13:20 UTC,-1,22.10,0.00,2.50,0.75,0.00,74.66
xp-GPU,1,2019-12-29 12:13:21 UTC,-1,30.04,0.00,4.13,0.63,0.00,65.21
xp-GPU,1,2019-12-29 12:13:22 UTC,-1,26.98,0.00,5.27,2.89,0.00,64.87
xp-GPU,1,2019-12-29 12:13:23 UTC,-1,21.78,0.00,2.63,2.38,0.00,73.22
xp-GPU,1,2019-12-29 12:13:24 UTC,-1,21.82,0.00,3.12,0.62,0.00,74.44
xp-GPU,1,2019-12-29 12:13:25 UTC,-1,21.83,0.00,2.63,0.63,0.00,74.91
xp-GPU,1,2019-12-29 12:13:26 UTC,-1,21.68,0.00,2.76,0.75,0.00,74.81
xp-GPU,1,2019-12-29 12:13:27 UTC,-1,21.62,0.00,3.00,0.62,0.00,74.75
xp-GPU,1,2019-12-29 12:13:28 UTC,-1,21.67,0.00,3.11,1.12,0.00,74.10
xp-GPU,1,2019-12-29 12:13:29 UTC,-1,21.57,0.00,3.24,0.62,0.00,74.56
xp-GPU,1,2019-12-29 12:13:30 UTC,-1,22.22,0.00,2.50,0.75,0.00,74.53
xp-GPU,1,2019-12-29 12:13:31 UTC,-1,21.60,0.00,3.12,0.62,0.00,74.66
xp-GPU,1,2019-12-29 12:13:32 UTC,-1,20.80,0.00,4.11,0.62,0.00,74.47
xp-GPU,1,2019-12-29 12:13:33 UTC,-1,21.57,0.00,3.24,2.12,0.00,73.07
xp-GPU,1,2019-12-29 12:13:34 UTC,-1,21.70,0.00,2.99,0.62,0.00,74.69
xp-GPU,1,2019-12-29 12:13:35 UTC,-1,21.88,0.00,2.75,0.62,0.00,74.75
xp-GPU,1,2019-12-29 12:13:36 UTC,-1,21.60,0.00,3.00,0.62,0.00,74.78
xp-GPU,1,2019-12-29 12:13:37 UTC,-1,21.50,0.00,3.12,0.62,0.00,74.75
xp-GPU,1,2019-12-29 12:13:38 UTC,-1,21.40,0.00,3.00,1.00,0.00,74.59
xp-GPU,1,2019-12-29 12:13:39 UTC,-1,21.67,0.00,3.24,0.75,0.00,74.35
xp-GPU,1,2019-12-29 12:13:40 UTC,-1,27.62,0.00,4.50,0.62,0.00,67.25
xp-GPU,1,2019-12-29 12:13:41 UTC,-1,30.12,0.00,4.88,2.38,0.00,62.62
xp-GPU,1,2019-12-29 12:13:42 UTC,-1,21.40,0.00,4.01,1.25,0.00,73.34
xp-GPU,1,2019-12-29 12:13:43 UTC,-1,21.37,0.00,3.60,0.62,0.00,74.41
xp-GPU,1,2019-12-29 12:13:44 UTC,-1,21.79,0.00,3.11,2.24,0.00,72.85
xp-GPU,1,2019-12-29 12:13:45 UTC,-1,21.88,0.00,2.88,0.50,0.00,74.75
xp-GPU,1,2019-12-29 12:13:46 UTC,-1,21.30,0.00,3.49,0.75,0.00,74.47
xp-GPU,1,2019-12-29 12:13:47 UTC,-1,21.39,0.00,3.48,0.62,0.00,74.50
xp-GPU,1,2019-12-29 12:13:48 UTC,-1,21.67,0.00,3.24,0.62,0.00,74.47
xp-GPU,1,2019-12-29 12:13:49 UTC,-1,21.85,0.00,2.87,2.50,0.00,72.78
xp-GPU,1,2019-12-29 12:13:50 UTC,-1,22.25,0.00,2.50,1.12,0.00,74.12
xp-GPU,1,2019-12-29 12:13:51 UTC,-1,21.49,0.00,3.48,0.62,0.00,74.41
xp-GPU,1,2019-12-29 12:13:52 UTC,-1,21.40,0.00,3.00,0.75,0.00,74.84
xp-GPU,1,2019-12-29 12:13:53 UTC,-1,21.90,0.00,2.63,0.63,0.00,74.84
xp-GPU,1,2019-12-29 12:13:54 UTC,-1,21.60,0.00,3.12,0.62,0.00,74.66
xp-GPU,1,2019-12-29 12:13:55 UTC,-1,21.62,0.00,3.00,2.25,0.00,73.12
xp-GPU,1,2019-12-29 12:13:56 UTC,-1,20.90,0.00,3.38,0.75,0.00,74.97
xp-GPU,1,2019-12-29 12:13:57 UTC,-1,22.12,0.00,2.62,0.50,0.00,74.75
xp-GPU,1,2019-12-29 12:13:58 UTC,-1,21.60,0.00,3.00,0.62,0.00,74.78
xp-GPU,1,2019-12-29 12:13:59 UTC,-1,27.78,0.00,4.13,0.63,0.00,67.46
xp-GPU,1,2019-12-29 12:14:00 UTC,-1,30.65,0.00,3.77,2.51,0.00,63.07
xp-GPU,1,2019-12-29 12:14:01 UTC,-1,21.67,0.00,4.48,2.49,0.00,71.36
xp-GPU,1,2019-12-29 12:14:02 UTC,-1,21.47,0.00,3.12,0.75,0.00,74.66
xp-GPU,1,2019-12-29 12:14:03 UTC,-1,21.53,0.00,3.13,0.63,0.00,74.72
xp-GPU,1,2019-12-29 12:14:04 UTC,-1,21.53,0.00,3.00,0.75,0.00,74.72
xp-GPU,1,2019-12-29 12:14:05 UTC,-1,21.80,0.00,2.76,0.63,0.00,74.81
xp-GPU,1,2019-12-29 12:14:06 UTC,-1,21.75,0.00,3.00,0.62,0.00,74.62
xp-GPU,1,2019-12-29 12:14:07 UTC,-1,21.90,0.00,2.63,0.75,0.00,74.72
xp-GPU,1,2019-12-29 12:14:08 UTC,-1,21.88,0.00,2.88,0.62,0.00,74.62
xp-GPU,1,2019-12-29 12:14:09 UTC,-1,21.97,0.00,2.62,0.75,0.00,74.66
xp-GPU,1,2019-12-29 12:14:10 UTC,-1,21.65,0.00,3.00,0.63,0.00,74.72
xp-GPU,1,2019-12-29 12:14:11 UTC,-1,20.50,0.00,4.25,0.62,0.00,74.62
xp-GPU,1,2019-12-29 12:14:12 UTC,-1,21.52,0.00,3.36,0.62,0.00,74.50
xp-GPU,1,2019-12-29 12:14:13 UTC,-1,21.56,0.00,3.72,0.50,0.00,74.23
xp-GPU,1,2019-12-29 12:14:14 UTC,-1,21.22,0.00,3.97,0.62,0.00,74.19
xp-GPU,1,2019-12-29 12:14:15 UTC,-1,21.47,0.00,3.12,0.62,0.00,74.78
xp-GPU,1,2019-12-29 12:14:16 UTC,-1,21.95,0.00,2.87,3.12,0.00,72.07
xp-GPU,1,2019-12-29 12:14:17 UTC,-1,22.12,0.00,2.50,0.62,0.00,74.75
xp-GPU,1,2019-12-29 12:14:18 UTC,-1,31.50,0.00,4.00,0.62,0.00,63.88
xp-GPU,1,2019-12-29 12:14:19 UTC,-1,27.39,0.00,5.28,2.51,0.00,64.82
xp-GPU,1,2019-12-29 12:14:20 UTC,-1,21.52,0.00,3.23,0.75,0.00,74.50
xp-GPU,1,2019-12-29 12:14:21 UTC,-1,21.60,0.00,3.25,3.00,0.00,72.16
xp-GPU,1,2019-12-29 12:14:22 UTC,-1,22.00,0.00,2.50,0.75,0.00,74.75
xp-GPU,1,2019-12-29 12:14:23 UTC,-1,21.79,0.00,3.11,0.62,0.00,74.47
xp-GPU,1,2019-12-29 12:14:24 UTC,-1,21.61,0.00,3.35,0.62,0.00,74.41
xp-GPU,1,2019-12-29 12:14:25 UTC,-1,21.85,0.00,2.87,0.62,0.00,74.66
xp-GPU,1,2019-12-29 12:14:26 UTC,-1,21.60,0.00,3.12,1.75,0.00,73.53
xp-GPU,1,2019-12-29 12:14:27 UTC,-1,21.49,0.00,3.48,0.62,0.00,74.41
xp-GPU,1,2019-12-29 12:14:28 UTC,-1,21.28,0.00,3.25,0.63,0.00,74.84
xp-GPU,1,2019-12-29 12:14:29 UTC,-1,21.02,0.00,3.98,0.62,0.00,74.38
xp-GPU,1,2019-12-29 12:14:30 UTC,-1,21.45,0.00,3.24,0.62,0.00,74.69
xp-GPU,1,2019-12-29 12:14:31 UTC,-1,21.57,0.00,3.24,3.24,0.00,71.95
xp-GPU,1,2019-12-29 12:14:32 UTC,-1,21.78,0.00,2.88,0.50,0.00,74.84
xp-GPU,1,2019-12-29 12:14:33 UTC,-1,21.45,0.00,3.24,0.75,0.00,74.56
xp-GPU,1,2019-12-29 12:14:34 UTC,-1,21.67,0.00,3.11,0.62,0.00,74.60
xp-GPU,1,2019-12-29 12:14:35 UTC,-1,21.29,0.00,3.96,0.62,0.00,74.13
xp-GPU,1,2019-12-29 12:14:36 UTC,-1,21.23,0.00,5.06,2.35,0.00,71.36
xp-GPU,1,2019-12-29 12:14:37 UTC,-1,31.87,0.00,5.25,0.62,0.00,62.25
xp-GPU,1,2019-12-29 12:14:38 UTC,-1,24.84,0.00,5.02,3.01,0.00,67.13
xp-GPU,1,2019-12-29 12:14:39 UTC,-1,21.97,0.00,2.75,0.62,0.00,74.66
xp-GPU,1,2019-12-29 12:14:40 UTC,-1,21.38,0.00,3.12,0.75,0.00,74.75
xp-GPU,1,2019-12-29 12:14:41 UTC,-1,22.03,0.00,2.50,3.00,0.00,72.47
xp-GPU,1,2019-12-29 12:14:42 UTC,-1,21.57,0.00,3.24,0.62,0.00,74.56
xp-GPU,1,2019-12-29 12:14:43 UTC,-1,22.01,0.00,2.99,0.62,0.00,74.38
xp-GPU,1,2019-12-29 12:14:44 UTC,-1,21.14,0.00,3.73,0.75,0.00,74.38
xp-GPU,1,2019-12-29 12:14:45 UTC,-1,21.72,0.00,3.12,0.62,0.00,74.53
xp-GPU,1,2019-12-29 12:14:46 UTC,-1,21.62,0.00,2.88,3.00,0.00,72.50
xp-GPU,1,2019-12-29 12:14:47 UTC,-1,21.32,0.00,3.49,0.62,0.00,74.56
xp-GPU,1,2019-12-29 12:14:48 UTC,-1,21.70,0.00,2.99,0.75,0.00,74.56
xp-GPU,1,2019-12-29 12:14:49 UTC,-1,20.72,0.00,4.00,0.62,0.00,74.66
xp-GPU,1,2019-12-29 12:14:50 UTC,-1,20.85,0.00,3.52,0.50,0.00,75.13
xp-GPU,1,2019-12-29 12:14:51 UTC,-1,22.31,0.00,2.01,3.13,0.00,72.56
xp-GPU,1,2019-12-29 12:14:52 UTC,-1,21.46,0.00,3.60,0.62,0.00,74.32
xp-GPU,1,2019-12-29 12:14:53 UTC,-1,21.92,0.00,2.99,0.62,0.00,74.47
xp-GPU,1,2019-12-29 12:14:54 UTC,-1,21.95,0.00,2.74,0.62,0.00,74.69
xp-GPU,1,2019-12-29 12:14:55 UTC,-1,24.25,0.00,3.00,0.62,0.00,72.12
xp-GPU,1,2019-12-29 12:14:56 UTC,-1,33.25,0.00,3.76,0.63,0.00,62.36
xp-GPU,1,2019-12-29 12:14:57 UTC,-1,23.06,0.00,5.14,3.13,0.00,68.67
xp-GPU,1,2019-12-29 12:14:58 UTC,-1,21.78,0.00,2.75,0.63,0.00,74.84
xp-GPU,1,2019-12-29 12:14:59 UTC,-1,21.28,0.00,3.25,0.63,0.00,74.84
xp-GPU,1,2019-12-29 12:15:00 UTC,-1,21.38,0.00,3.25,0.75,0.00,74.62
xp-GPU,1,2019-12-29 12:15:01 UTC,-1,22.50,0.00,2.38,0.62,0.00,74.50
xp-GPU,1,2019-12-29 12:15:02 UTC,-1,21.45,0.00,3.37,2.87,0.00,72.32
xp-GPU,1,2019-12-29 12:15:03 UTC,-1,21.65,0.00,2.75,0.63,0.00,74.97
xp-GPU,1,2019-12-29 12:15:04 UTC,-1,21.78,0.00,2.88,0.50,0.00,74.84
xp-GPU,1,2019-12-29 12:15:05 UTC,-1,21.30,0.00,3.36,0.75,0.00,74.60
xp-GPU,1,2019-12-29 12:15:06 UTC,-1,21.32,0.00,3.49,0.62,0.00,74.56
xp-GPU,1,2019-12-29 12:15:07 UTC,-1,21.56,0.00,3.59,1.12,0.00,73.73
xp-GPU,1,2019-12-29 12:15:08 UTC,-1,21.88,0.00,2.75,0.62,0.00,74.75
xp-GPU,1,2019-12-29 12:15:09 UTC,-1,21.31,0.00,3.84,0.62,0.00,74.23
xp-GPU,1,2019-12-29 12:15:10 UTC,-1,21.60,0.00,3.12,0.62,0.00,74.66
xp-GPU,1,2019-12-29 12:15:11 UTC,-1,21.40,0.00,3.13,0.63,0.00,74.84
xp-GPU,1,2019-12-29 12:15:12 UTC,-1,21.14,0.00,3.73,0.62,0.00,74.50
xp-GPU,1,2019-12-29 12:15:13 UTC,-1,22.10,0.00,2.62,2.87,0.00,72.41
xp-GPU,1,2019-12-29 12:15:14 UTC,-1,26.22,0.00,3.62,0.75,0.00,69.41
xp-GPU,1,2019-12-29 12:15:15 UTC,-1,32.21,0.00,4.76,0.63,0.00,62.41
xp-GPU,1,2019-12-29 12:15:16 UTC,-1,21.42,0.00,5.23,2.86,0.00,70.49
xp-GPU,1,2019-12-29 12:15:17 UTC,-1,21.67,0.00,3.24,0.75,0.00,74.35
xp-GPU,1,2019-12-29 12:15:18 UTC,-1,22.17,0.00,2.74,0.62,0.00,74.47
xp-GPU,1,2019-12-29 12:15:19 UTC,-1,21.97,0.00,2.87,1.50,0.00,73.66
xp-GPU,1,2019-12-29 12:15:20 UTC,-1,22.11,0.00,2.98,0.62,0.00,74.29
xp-GPU,1,2019-12-29 12:15:21 UTC,-1,21.62,0.00,3.00,0.75,0.00,74.62
xp-GPU,1,2019-12-29 12:15:22 UTC,-1,21.54,0.00,3.49,0.62,0.00,74.35
xp-GPU,1,2019-12-29 12:15:23 UTC,-1,21.54,0.00,3.24,0.75,0.00,74.47
xp-GPU,1,2019-12-29 12:15:24 UTC,-1,22.19,0.00,2.74,1.50,0.00,73.57
xp-GPU,1,2019-12-29 12:15:25 UTC,-1,21.56,0.00,3.72,0.74,0.00,73.98
xp-GPU,1,2019-12-29 12:15:26 UTC,-1,22.29,0.00,2.74,0.62,0.00,74.35
xp-GPU,1,2019-12-29 12:15:27 UTC,-1,21.79,0.00,3.11,0.62,0.00,74.47
xp-GPU,1,2019-12-29 12:15:28 UTC,-1,20.65,0.00,4.60,0.50,0.00,74.25
xp-GPU,1,2019-12-29 12:15:29 UTC,-1,21.90,0.00,2.50,4.26,0.00,71.34
xp-GPU,1,2019-12-29 12:15:30 UTC,-1,21.32,0.00,3.49,0.62,0.00,74.56
xp-GPU,1,2019-12-29 12:15:31 UTC,-1,21.38,0.00,3.25,0.62,0.00,74.75
xp-GPU,1,2019-12-29 12:15:32 UTC,-1,21.61,0.00,3.35,0.62,0.00,74.41
xp-GPU,1,2019-12-29 12:15:33 UTC,-1,28.09,0.00,4.49,0.62,0.00,66.79
xp-GPU,1,2019-12-29 12:15:34 UTC,-1,29.74,0.00,4.52,4.02,0.00,61.73
xp-GPU,1,2019-12-29 12:15:35 UTC,-1,21.53,0.00,4.13,1.25,0.00,73.09
xp-GPU,1,2019-12-29 12:15:36 UTC,-1,21.40,0.00,3.13,0.50,0.00,74.97
xp-GPU,1,2019-12-29 12:15:37 UTC,-1,21.35,0.00,3.37,0.62,0.00,74.66
xp-GPU,1,2019-12-29 12:15:38 UTC,-1,21.39,0.00,3.48,0.62,0.00,74.50
xp-GPU,1,2019-12-29 12:15:39 UTC,-1,21.88,0.00,2.62,1.88,0.00,73.62
xp-GPU,1,2019-12-29 12:15:40 UTC,-1,21.72,0.00,3.00,0.62,0.00,74.66
xp-GPU,1,2019-12-29 12:15:41 UTC,-1,21.62,0.00,4.18,0.61,0.00,73.59
xp-GPU,1,2019-12-29 12:15:42 UTC,-1,21.85,0.00,2.75,0.62,0.00,74.78
xp-GPU,1,2019-12-29 12:15:43 UTC,-1,21.60,0.00,3.12,0.62,0.00,74.66
xp-GPU,1,2019-12-29 12:15:44 UTC,-1,21.80,0.00,2.51,0.63,0.00,75.06
xp-GPU,1,2019-12-29 12:15:45 UTC,-1,21.62,0.00,2.88,0.75,0.00,74.75
xp-GPU,1,2019-12-29 12:15:46 UTC,-1,22.10,0.00,2.62,0.62,0.00,74.66
xp-GPU,1,2019-12-29 12:15:47 UTC,-1,22.29,0.00,2.49,0.62,0.00,74.60
xp-GPU,1,2019-12-29 12:15:48 UTC,-1,21.40,0.00,3.00,0.63,0.00,74.97
xp-GPU,1,2019-12-29 12:15:49 UTC,-1,22.00,0.00,2.50,0.75,0.00,74.75
xp-GPU,1,2019-12-29 12:15:50 UTC,-1,21.75,0.00,2.88,2.38,0.00,73.00
xp-GPU,1,2019-12-29 12:15:51 UTC,-1,21.42,0.00,3.36,0.62,0.00,74.60
xp-GPU,1,2019-12-29 12:15:52 UTC,-1,27.03,0.00,3.75,0.63,0.00,68.59
xp-GPU,1,2019-12-29 12:15:53 UTC,-1,32.37,0.00,4.02,1.13,0.00,62.48
xp-GPU,1,2019-12-29 12:15:54 UTC,-1,33.96,0.00,6.04,3.40,0.00,56.60
xp-GPU,1,2019-12-29 12:15:55 UTC,-1,22.11,0.00,2.86,1.12,0.00,73.91
xp-GPU,1,2019-12-29 12:15:56 UTC,-1,21.84,0.00,3.35,0.62,0.00,74.19
xp-GPU,1,2019-12-29 12:15:57 UTC,-1,21.72,0.00,2.87,0.75,0.00,74.66
xp-GPU,1,2019-12-29 12:15:58 UTC,-1,21.39,0.00,3.48,0.75,0.00,74.38
xp-GPU,1,2019-12-29 12:15:59 UTC,-1,21.47,0.00,3.37,0.50,0.00,74.66
xp-GPU,1,2019-12-29 12:16:00 UTC,-1,21.61,0.00,3.48,3.23,0.00,71.68
xp-GPU,1,2019-12-29 12:16:01 UTC,-1,21.88,0.00,2.88,0.62,0.00,74.62
xp-GPU,1,2019-12-29 12:16:02 UTC,-1,21.92,0.00,2.99,0.62,0.00,74.47
xp-GPU,1,2019-12-29 12:16:03 UTC,-1,21.72,0.00,2.87,0.75,0.00,74.66
xp-GPU,1,2019-12-29 12:16:04 UTC,-1,21.79,0.00,3.11,0.75,0.00,74.35
xp-GPU,1,2019-12-29 12:16:05 UTC,-1,21.47,0.00,3.25,1.12,0.00,74.16
xp-GPU,1,2019-12-29 12:16:06 UTC,-1,21.70,0.00,3.12,0.62,0.00,74.56
xp-GPU,1,2019-12-29 12:16:07 UTC,-1,21.60,0.00,3.12,0.75,0.00,74.53
xp-GPU,1,2019-12-29 12:16:08 UTC,-1,19.45,0.00,5.49,0.37,0.00,74.69
xp-GPU,1,2019-12-29 12:16:09 UTC,-1,21.35,0.00,3.12,0.75,0.00,74.78
xp-GPU,1,2019-12-29 12:16:10 UTC,-1,21.38,0.00,3.38,1.88,0.00,73.38
xp-GPU,1,2019-12-29 12:16:11 UTC,-1,28.16,0.00,3.25,0.63,0.00,67.96
xp-GPU,1,2019-12-29 12:16:12 UTC,-1,31.05,0.00,4.61,2.00,0.00,62.34
xp-GPU,1,2019-12-29 12:16:13 UTC,-1,21.03,0.00,4.51,1.75,0.00,72.72
xp-GPU,1,2019-12-29 12:16:14 UTC,-1,21.95,0.00,2.99,0.62,0.00,74.44
xp-GPU,1,2019-12-29 12:16:15 UTC,-1,21.97,0.00,2.62,2.00,0.00,73.41
xp-GPU,1,2019-12-29 12:16:16 UTC,-1,22.12,0.00,2.62,0.50,0.00,74.75
xp-GPU,1,2019-12-29 12:16:17 UTC,-1,21.57,0.00,3.12,0.62,0.00,74.69
xp-GPU,1,2019-12-29 12:16:18 UTC,-1,21.39,0.00,3.48,0.62,0.00,74.50
xp-GPU,1,2019-12-29 12:16:19 UTC,-1,20.92,0.00,4.21,0.74,0.00,74.13
xp-GPU,1,2019-12-29 12:16:20 UTC,-1,21.75,0.00,2.88,3.12,0.00,72.25
xp-GPU,1,2019-12-29 12:16:21 UTC,-1,21.84,0.00,3.23,0.62,0.00,74.32
xp-GPU,1,2019-12-29 12:16:22 UTC,-1,21.57,0.00,3.24,0.62,0.00,74.56
xp-GPU,1,2019-12-29 12:16:23 UTC,-1,21.47,0.00,3.12,0.62,0.00,74.78
xp-GPU,1,2019-12-29 12:16:24 UTC,-1,21.77,0.00,3.23,0.62,0.00,74.38
xp-GPU,1,2019-12-29 12:16:25 UTC,-1,21.72,0.00,2.87,3.25,0.00,72.16
xp-GPU,1,2019-12-29 12:16:26 UTC,-1,21.42,0.00,3.36,0.62,0.00,74.60
xp-GPU,1,2019-12-29 12:16:27 UTC,-1,21.85,0.00,2.87,0.62,0.00,74.66
xp-GPU,1,2019-12-29 12:16:28 UTC,-1,21.83,0.00,2.51,0.63,0.00,75.03
xp-GPU,1,2019-12-29 12:16:29 UTC,-1,21.64,0.00,3.23,0.62,0.00,74.50
xp-GPU,1,2019-12-29 12:16:30 UTC,-1,28.00,0.00,2.88,3.12,0.00,66.00
xp-GPU,1,2019-12-29 12:16:31 UTC,-1,31.83,0.00,4.64,1.13,0.00,62.41
xp-GPU,1,2019-12-29 12:16:32 UTC,-1,38.77,0.00,6.40,3.39,0.00,51.44
xp-GPU,1,2019-12-29 12:16:33 UTC,-1,41.30,0.00,6.26,2.00,0.00,50.44
xp-GPU,1,2019-12-29 12:16:34 UTC,-1,27.08,0.00,2.77,0.88,0.00,69.27
xp-GPU,1,2019-12-29 12:16:35 UTC,-1,21.58,0.00,2.76,3.01,0.00,72.65
xp-GPU,1,2019-12-29 12:16:36 UTC,-1,21.35,0.00,3.37,0.62,0.00,74.66
xp-GPU,1,2019-12-29 12:16:37 UTC,-1,21.83,0.00,2.63,0.63,0.00,74.91
xp-GPU,1,2019-12-29 12:16:38 UTC,-1,21.50,0.00,3.00,0.62,0.00,74.88
xp-GPU,1,2019-12-29 12:16:39 UTC,-1,21.53,0.00,3.00,0.75,0.00,74.72
xp-GPU,1,2019-12-29 12:16:40 UTC,-1,21.95,0.00,2.99,0.62,0.00,74.44
xp-GPU,1,2019-12-29 12:16:41 UTC,-1,22.71,0.00,1.63,0.63,0.00,75.03
xp-GPU,1,2019-12-29 12:16:42 UTC,-1,21.68,0.00,2.63,0.75,0.00,74.94
xp-GPU,1,2019-12-29 12:16:43 UTC,-1,21.45,0.00,3.12,0.75,0.00,74.69
xp-GPU,1,2019-12-29 12:16:44 UTC,-1,21.85,0.00,3.00,0.50,0.00,74.66
xp-GPU,1,2019-12-29 12:16:45 UTC,-1,21.62,0.00,2.75,2.38,0.00,73.25
xp-GPU,1,2019-12-29 12:16:46 UTC,-1,21.60,0.00,3.12,0.62,0.00,74.66
xp-GPU,1,2019-12-29 12:16:47 UTC,-1,20.07,0.00,4.61,0.50,0.00,74.81
xp-GPU,1,2019-12-29 12:16:48 UTC,-1,21.25,0.00,3.25,0.62,0.00,74.88
xp-GPU,1,2019-12-29 12:16:49 UTC,-1,26.47,0.00,3.75,0.62,0.00,69.16
xp-GPU,1,2019-12-29 12:16:50 UTC,-1,32.54,0.00,4.74,0.62,0.00,62.09
xp-GPU,1,2019-12-29 12:16:51 UTC,-1,21.36,0.00,4.52,4.65,0.00,69.47
xp-GPU,1,2019-12-29 12:16:52 UTC,-1,21.90,0.00,2.63,1.13,0.00,74.34
xp-GPU,1,2019-12-29 12:16:53 UTC,-1,21.02,0.00,3.86,0.62,0.00,74.50
xp-GPU,1,2019-12-29 12:16:54 UTC,-1,21.79,0.00,3.11,0.62,0.00,74.47
xp-GPU,1,2019-12-29 12:16:55 UTC,-1,20.85,0.00,3.75,0.62,0.00,74.78
xp-GPU,1,2019-12-29 12:16:56 UTC,-1,21.55,0.00,2.76,0.75,0.00,74.94
xp-GPU,1,2019-12-29 12:16:57 UTC,-1,21.85,0.00,2.75,2.00,0.00,73.41
xp-GPU,1,2019-12-29 12:16:58 UTC,-1,21.37,0.00,3.73,0.62,0.00,74.29
xp-GPU,1,2019-12-29 12:16:59 UTC,-1,21.55,0.00,2.76,0.63,0.00,75.06
xp-GPU,1,2019-12-29 12:17:00 UTC,-1,21.67,0.00,3.24,0.62,0.00,74.47
xp-GPU,1,2019-12-29 12:17:01 UTC,-1,21.82,0.00,2.99,1.75,0.00,73.44
xp-GPU,1,2019-12-29 12:17:02 UTC,-1,21.36,0.00,4.20,1.23,0.00,73.21
xp-GPU,1,2019-12-29 12:17:03 UTC,-1,21.31,0.00,3.84,0.74,0.00,74.10
xp-GPU,1,2019-12-29 12:17:04 UTC,-1,22.31,0.00,2.01,0.63,0.00,75.06
xp-GPU,1,2019-12-29 12:17:05 UTC,-1,21.32,0.00,3.49,0.50,0.00,74.69
xp-GPU,1,2019-12-29 12:17:06 UTC,-1,21.50,0.00,3.00,0.75,0.00,74.75
xp-GPU,1,2019-12-29 12:17:07 UTC,-1,21.30,0.00,3.13,3.13,0.00,72.43
xp-GPU,1,2019-12-29 12:17:08 UTC,-1,21.45,0.00,3.24,0.62,0.00,74.69
xp-GPU,1,2019-12-29 12:17:09 UTC,-1,30.36,0.00,4.96,0.62,0.00,64.06
xp-GPU,1,2019-12-29 12:17:10 UTC,-1,30.90,0.00,5.28,3.14,0.00,60.68
xp-GPU,1,2019-12-29 12:17:11 UTC,-1,41.80,0.00,6.01,1.88,0.00,50.31
xp-GPU,1,2019-12-29 12:17:12 UTC,-1,41.29,0.00,7.09,3.36,0.00,48.26
xp-GPU,1,2019-12-29 12:17:13 UTC,-1,41.70,0.00,6.24,1.87,0.00,50.19
xp-GPU,1,2019-12-29 12:17:14 UTC,-1,42.43,0.00,5.38,2.00,0.00,50.19
xp-GPU,1,2019-12-29 12:17:15 UTC,-1,43.43,0.00,4.26,2.00,0.00,50.31
xp-GPU,1,2019-12-29 12:17:16 UTC,-1,41.62,0.00,6.25,2.00,0.00,50.12
xp-GPU,1,2019-12-29 12:17:17 UTC,-1,41.88,0.00,6.12,3.88,0.00,48.12
xp-GPU,1,2019-12-29 12:17:18 UTC,-1,42.70,0.00,5.12,1.87,0.00,50.31
xp-GPU,1,2019-12-29 12:17:19 UTC,-1,42.26,0.00,4.53,2.01,0.00,51.19
xp-GPU,1,2019-12-29 12:17:20 UTC,-1,21.97,0.00,2.62,0.75,0.00,74.66
xp-GPU,1,2019-12-29 12:17:21 UTC,-1,21.83,0.00,2.63,0.63,0.00,74.91
xp-GPU,1,2019-12-29 12:17:22 UTC,-1,21.93,0.00,2.38,0.75,0.00,74.94
xp-GPU,1,2019-12-29 12:17:23 UTC,-1,21.90,0.00,2.75,1.50,0.00,73.84
xp-GPU,1,2019-12-29 12:17:24 UTC,-1,21.71,0.00,2.63,0.75,0.00,74.91
xp-GPU,1,2019-12-29 12:17:25 UTC,-1,21.24,0.00,3.85,0.62,0.00,74.29
xp-GPU,1,2019-12-29 12:17:26 UTC,-1,17.96,0.00,7.11,0.37,0.00,74.56
xp-GPU,1,2019-12-29 12:17:27 UTC,-1,21.64,0.00,3.36,0.62,0.00,74.38
xp-GPU,1,2019-12-29 12:17:28 UTC,-1,21.75,0.00,2.88,3.12,0.00,72.25
xp-GPU,1,2019-12-29 12:17:29 UTC,-1,29.07,0.00,3.88,0.63,0.00,66.42
xp-GPU,1,2019-12-29 12:17:30 UTC,-1,29.96,0.00,4.74,2.87,0.00,62.42
xp-GPU,1,2019-12-29 12:17:31 UTC,-1,21.42,0.00,4.73,0.62,0.00,73.23
xp-GPU,1,2019-12-29 12:17:32 UTC,-1,21.22,0.00,3.37,0.62,0.00,74.78
xp-GPU,1,2019-12-29 12:17:33 UTC,-1,21.35,0.00,3.25,0.87,0.00,74.53
xp-GPU,1,2019-12-29 12:17:34 UTC,-1,21.22,0.00,3.50,0.62,0.00,74.66
xp-GPU,1,2019-12-29 12:17:35 UTC,-1,21.67,0.00,3.11,0.62,0.00,74.60
xp-GPU,1,2019-12-29 12:17:36 UTC,-1,21.12,0.00,3.98,0.62,0.00,74.29
xp-GPU,1,2019-12-29 12:17:37 UTC,-1,21.46,0.00,3.60,0.62,0.00,74.32
xp-GPU,1,2019-12-29 12:17:38 UTC,-1,21.35,0.00,3.37,3.12,0.00,72.16
xp-GPU,1,2019-12-29 12:17:39 UTC,-1,20.92,0.00,3.86,0.62,0.00,74.60
xp-GPU,1,2019-12-29 12:17:40 UTC,-1,21.85,0.00,2.87,0.62,0.00,74.66
xp-GPU,1,2019-12-29 12:17:41 UTC,-1,21.60,0.00,3.00,0.62,0.00,74.78
xp-GPU,1,2019-12-29 12:17:42 UTC,-1,21.57,0.00,3.24,0.62,0.00,74.56
xp-GPU,1,2019-12-29 12:17:43 UTC,-1,21.47,0.00,3.12,1.12,0.00,74.28
xp-GPU,1,2019-12-29 12:17:44 UTC,-1,21.82,0.00,2.99,0.62,0.00,74.56
xp-GPU,1,2019-12-29 12:17:45 UTC,-1,21.49,0.00,3.48,0.62,0.00,74.41
xp-GPU,1,2019-12-29 12:17:46 UTC,-1,22.17,0.00,2.62,0.62,0.00,74.60
xp-GPU,1,2019-12-29 12:17:47 UTC,-1,21.17,0.00,3.61,0.62,0.00,74.60
xp-GPU,1,2019-12-29 12:17:48 UTC,-1,26.75,0.00,4.12,2.00,0.00,67.12
xp-GPU,1,2019-12-29 12:17:49 UTC,-1,31.12,0.00,4.77,1.38,0.00,62.74
xp-GPU,1,2019-12-29 12:17:50 UTC,-1,38.32,0.00,7.04,3.02,0.00,51.63
xp-GPU,1,2019-12-29 12:17:51 UTC,-1,42.20,0.00,5.87,1.87,0.00,50.06
xp-GPU,1,2019-12-29 12:17:52 UTC,-1,43.21,0.00,5.35,1.62,0.00,49.81
xp-GPU,1,2019-12-29 12:17:53 UTC,-1,41.26,0.00,5.28,3.14,0.00,50.31
xp-GPU,1,2019-12-29 12:17:54 UTC,-1,41.52,0.00,5.36,2.74,0.00,50.37
xp-GPU,1,2019-12-29 12:17:55 UTC,-1,43.38,0.00,4.50,1.88,0.00,50.25
xp-GPU,1,2019-12-29 12:17:56 UTC,-1,41.41,0.00,5.77,2.13,0.00,50.69
xp-GPU,1,2019-12-29 12:17:57 UTC,-1,41.79,0.00,5.97,2.11,0.00,50.12
xp-GPU,1,2019-12-29 12:17:58 UTC,-1,42.18,0.00,4.88,4.51,0.00,48.44
xp-GPU,1,2019-12-29 12:17:59 UTC,-1,42.18,0.00,6.01,1.75,0.00,50.06
xp-GPU,1,2019-12-29 12:18:00 UTC,-1,40.32,0.00,5.74,1.75,0.00,52.18
xp-GPU,1,2019-12-29 12:18:01 UTC,-1,22.32,0.00,3.12,0.75,0.00,73.82
xp-GPU,1,2019-12-29 12:18:02 UTC,-1,21.84,0.00,3.47,0.62,0.00,74.07
xp-GPU,1,2019-12-29 12:18:03 UTC,-1,21.78,0.00,2.63,1.13,0.00,74.47
xp-GPU,1,2019-12-29 12:18:04 UTC,-1,22.11,0.00,2.26,0.63,0.00,75.00
xp-GPU,1,2019-12-29 12:18:05 UTC,-1,21.90,0.00,2.63,0.75,0.00,74.72
xp-GPU,1,2019-12-29 12:18:06 UTC,-1,17.14,0.00,9.30,0.37,0.00,73.19
xp-GPU,1,2019-12-29 12:18:07 UTC,-1,22.00,0.00,2.50,0.62,0.00,74.88
xp-GPU,1,2019-12-29 12:18:08 UTC,-1,22.03,0.00,2.50,2.63,0.00,72.84
xp-GPU,1,2019-12-29 12:18:09 UTC,-1,31.04,0.00,4.76,0.63,0.00,63.58
xp-GPU,1,2019-12-29 12:18:10 UTC,-1,26.69,0.00,5.76,2.76,0.00,64.79
xp-GPU,1,2019-12-29 12:18:11 UTC,-1,21.75,0.00,2.88,0.62,0.00,74.75
xp-GPU,1,2019-12-29 12:18:12 UTC,-1,21.25,0.00,3.38,0.62,0.00,74.75
xp-GPU,1,2019-12-29 12:18:13 UTC,-1,21.44,0.00,3.59,1.12,0.00,73.85
xp-GPU,1,2019-12-29 12:18:14 UTC,-1,21.62,0.00,3.00,0.62,0.00,74.75
xp-GPU,1,2019-12-29 12:18:15 UTC,-1,21.61,0.00,3.35,0.62,0.00,74.41
xp-GPU,1,2019-12-29 12:18:16 UTC,-1,21.95,0.00,2.87,0.62,0.00,74.56
xp-GPU,1,2019-12-29 12:18:17 UTC,-1,21.49,0.00,3.35,0.75,0.00,74.41
xp-GPU,1,2019-12-29 12:18:18 UTC,-1,21.42,0.00,3.61,2.12,0.00,72.85
xp-GPU,1,2019-12-29 12:18:19 UTC,-1,21.70,0.00,2.99,0.62,0.00,74.69
xp-GPU,1,2019-12-29 12:18:20 UTC,-1,22.00,0.00,2.62,0.62,0.00,74.75
xp-GPU,1,2019-12-29 12:18:21 UTC,-1,21.92,0.00,2.74,0.75,0.00,74.60
xp-GPU,1,2019-12-29 12:18:22 UTC,-1,21.68,0.00,2.76,0.63,0.00,74.94
xp-GPU,1,2019-12-29 12:18:23 UTC,-1,21.78,0.00,2.88,2.50,0.00,72.84
xp-GPU,1,2019-12-29 12:18:24 UTC,-1,21.62,0.00,2.88,0.75,0.00,74.75
xp-GPU,1,2019-12-29 12:18:25 UTC,-1,21.75,0.00,2.75,0.62,0.00,74.88
xp-GPU,1,2019-12-29 12:18:26 UTC,-1,21.96,0.00,2.38,0.63,0.00,75.03
xp-GPU,1,2019-12-29 12:18:27 UTC,-1,23.69,0.00,3.24,0.62,0.00,72.44
xp-GPU,1,2019-12-29 12:18:28 UTC,-1,32.88,0.00,4.48,1.74,0.00,60.90
xp-GPU,1,2019-12-29 12:18:29 UTC,-1,34.67,0.00,6.63,3.38,0.00,55.32
xp-GPU,1,2019-12-29 12:18:30 UTC,-1,42.55,0.00,5.76,1.75,0.00,49.94
xp-GPU,1,2019-12-29 12:18:31 UTC,-1,41.43,0.00,6.51,1.88,0.00,50.19
xp-GPU,1,2019-12-29 12:18:32 UTC,-1,42.00,0.00,5.88,1.75,0.00,50.38
xp-GPU,1,2019-12-29 12:18:33 UTC,-1,41.50,0.00,6.38,2.00,0.00,50.12
xp-GPU,1,2019-12-29 12:18:34 UTC,-1,42.46,0.00,5.15,1.88,0.00,50.50
xp-GPU,1,2019-12-29 12:18:35 UTC,-1,42.14,0.00,5.86,2.00,0.00,50.00
xp-GPU,1,2019-12-29 12:18:36 UTC,-1,42.66,0.00,5.02,2.01,0.00,50.31
xp-GPU,1,2019-12-29 12:18:37 UTC,-1,42.95,0.00,4.99,2.00,0.00,50.06
xp-GPU,1,2019-12-29 12:18:38 UTC,-1,42.16,0.00,5.40,2.76,0.00,49.69
xp-GPU,1,2019-12-29 12:18:39 UTC,-1,41.85,0.00,5.51,2.13,0.00,50.50
xp-GPU,1,2019-12-29 12:18:40 UTC,-1,41.38,0.00,5.12,2.38,0.00,51.12
xp-GPU,1,2019-12-29 12:18:41 UTC,-1,22.76,0.00,2.99,0.75,0.00,73.51
xp-GPU,1,2019-12-29 12:18:42 UTC,-1,21.79,0.00,3.11,0.62,0.00,74.47
xp-GPU,1,2019-12-29 12:18:43 UTC,-1,21.72,0.00,2.87,0.75,0.00,74.66
xp-GPU,1,2019-12-29 12:18:44 UTC,-1,22.38,0.00,2.25,0.62,0.00,74.75
xp-GPU,1,2019-12-29 12:18:45 UTC,-1,21.10,0.00,3.62,0.62,0.00,74.66
xp-GPU,1,2019-12-29 12:18:46 UTC,-1,18.23,0.00,6.74,0.37,0.00,74.66
xp-GPU,1,2019-12-29 12:18:47 UTC,-1,21.60,0.00,3.00,0.62,0.00,74.78
xp-GPU,1,2019-12-29 12:18:48 UTC,-1,26.78,0.00,3.50,1.13,0.00,68.59
xp-GPU,1,2019-12-29 12:18:49 UTC,-1,32.08,0.00,4.14,1.00,0.00,62.78
xp-GPU,1,2019-12-29 12:18:50 UTC,-1,20.90,0.00,5.47,2.61,0.00,71.02
xp-GPU,1,2019-12-29 12:18:51 UTC,-1,21.99,0.00,3.23,0.50,0.00,74.29
xp-GPU,1,2019-12-29 12:18:52 UTC,-1,21.62,0.00,2.88,0.62,0.00,74.88
xp-GPU,1,2019-12-29 12:18:53 UTC,-1,21.60,0.00,3.00,3.25,0.00,72.16
xp-GPU,1,2019-12-29 12:18:54 UTC,-1,22.15,0.00,2.50,0.63,0.00,74.72
xp-GPU,1,2019-12-29 12:18:55 UTC,-1,21.65,0.00,2.75,0.63,0.00,74.97
xp-GPU,1,2019-12-29 12:18:56 UTC,-1,21.47,0.00,3.25,0.62,0.00,74.66
xp-GPU,1,2019-12-29 12:18:57 UTC,-1,21.75,0.00,2.75,0.62,0.00,74.88
xp-GPU,1,2019-12-29 12:18:58 UTC,-1,21.72,0.00,3.00,2.12,0.00,73.16
xp-GPU,1,2019-12-29 12:18:59 UTC,-1,22.03,0.00,2.38,0.63,0.00,74.97
xp-GPU,1,2019-12-29 12:19:00 UTC,-1,21.70,0.00,3.12,0.75,0.00,74.44
xp-GPU,1,2019-12-29 12:19:01 UTC,-1,22.07,0.00,2.74,0.50,0.00,74.69
xp-GPU,1,2019-12-29 12:19:02 UTC,-1,21.00,0.00,3.50,0.75,0.00,74.75
xp-GPU,1,2019-12-29 12:19:03 UTC,-1,21.67,0.00,3.24,2.12,0.00,72.98
xp-GPU,1,2019-12-29 12:19:04 UTC,-1,22.04,0.00,2.74,0.62,0.00,74.60
xp-GPU,1,2019-12-29 12:19:05 UTC,-1,21.23,0.00,3.02,0.63,0.00,75.13
xp-GPU,1,2019-12-29 12:19:06 UTC,-1,21.78,0.00,2.75,0.63,0.00,74.84
xp-GPU,1,2019-12-29 12:19:07 UTC,-1,26.41,0.00,2.75,0.63,0.00,70.21
xp-GPU,1,2019-12-29 12:19:08 UTC,-1,32.42,0.00,4.51,0.63,0.00,62.45
xp-GPU,1,2019-12-29 12:19:09 UTC,-1,34.55,0.00,7.04,7.04,0.00,51.38
xp-GPU,1,2019-12-29 12:19:10 UTC,-1,42.00,0.00,6.25,1.75,0.00,50.00
xp-GPU,1,2019-12-29 12:19:11 UTC,-1,41.45,0.00,6.49,1.87,0.00,50.19
xp-GPU,1,2019-12-29 12:19:12 UTC,-1,41.75,0.00,6.38,1.88,0.00,50.00
xp-GPU,1,2019-12-29 12:19:13 UTC,-1,41.45,0.00,5.99,2.25,0.00,50.31
xp-GPU,1,2019-12-29 12:19:14 UTC,-1,43.05,0.00,4.76,4.13,0.00,48.06
xp-GPU,1,2019-12-29 12:19:15 UTC,-1,41.98,0.00,5.89,1.88,0.00,50.25
xp-GPU,1,2019-12-29 12:19:16 UTC,-1,43.22,0.00,4.52,2.14,0.00,50.13
xp-GPU,1,2019-12-29 12:19:17 UTC,-1,41.71,0.00,5.40,2.26,0.00,50.63
xp-GPU,1,2019-12-29 12:19:18 UTC,-1,42.86,0.00,4.76,2.01,0.00,50.38
xp-GPU,1,2019-12-29 12:19:19 UTC,-1,41.53,0.00,5.52,2.51,0.00,50.44
xp-GPU,1,2019-12-29 12:19:20 UTC,-1,42.36,0.00,5.39,2.38,0.00,49.87
xp-GPU,1,2019-12-29 12:19:21 UTC,-1,42.75,0.00,5.62,1.75,0.00,49.88
xp-GPU,1,2019-12-29 12:19:22 UTC,-1,24.72,0.00,3.25,1.12,0.00,70.91
xp-GPU,1,2019-12-29 12:19:23 UTC,-1,22.12,0.00,2.62,0.62,0.00,74.62
xp-GPU,1,2019-12-29 12:19:24 UTC,-1,21.90,0.00,2.50,0.75,0.00,74.84
xp-GPU,1,2019-12-29 12:19:25 UTC,-1,21.54,0.00,3.36,0.62,0.00,74.47
xp-GPU,1,2019-12-29 12:19:26 UTC,-1,17.63,0.00,8.81,0.24,0.00,73.32
xp-GPU,1,2019-12-29 12:19:27 UTC,-1,21.79,0.00,2.99,0.62,0.00,74.60
xp-GPU,1,2019-12-29 12:19:28 UTC,-1,26.00,0.00,3.00,0.62,0.00,70.38
xp-GPU,1,2019-12-29 12:19:29 UTC,-1,33.04,0.00,4.47,0.62,0.00,61.86
xp-GPU,1,2019-12-29 12:19:30 UTC,-1,20.95,0.00,4.89,3.64,0.00,70.51
xp-GPU,1,2019-12-29 12:19:31 UTC,-1,21.90,0.00,2.50,0.63,0.00,74.97
xp-GPU,1,2019-12-29 12:19:32 UTC,-1,21.10,0.00,3.50,0.62,0.00,74.78
xp-GPU,1,2019-12-29 12:19:33 UTC,-1,21.92,0.00,2.86,0.62,0.00,74.60
xp-GPU,1,2019-12-29 12:19:34 UTC,-1,21.47,0.00,3.25,0.62,0.00,74.66
xp-GPU,1,2019-12-29 12:19:35 UTC,-1,21.72,0.00,3.00,2.25,0.00,73.03
xp-GPU,1,2019-12-29 12:19:36 UTC,-1,21.70,0.00,3.12,0.50,0.00,74.69
xp-GPU,1,2019-12-29 12:19:37 UTC,-1,21.97,0.00,2.75,0.62,0.00,74.66
xp-GPU,1,2019-12-29 12:19:38 UTC,-1,21.27,0.00,3.61,0.62,0.00,74.50
xp-GPU,1,2019-12-29 12:19:39 UTC,-1,21.92,0.00,2.99,0.62,0.00,74.47
xp-GPU,1,2019-12-29 12:19:40 UTC,-1,21.39,0.00,3.48,1.00,0.00,74.13
xp-GPU,1,2019-12-29 12:19:41 UTC,-1,21.42,0.00,3.49,0.62,0.00,74.47
xp-GPU,1,2019-12-29 12:19:42 UTC,-1,21.45,0.00,3.24,0.62,0.00,74.69
xp-GPU,1,2019-12-29 12:19:43 UTC,-1,21.45,0.00,3.37,0.62,0.00,74.56
xp-GPU,1,2019-12-29 12:19:44 UTC,-1,21.35,0.00,3.25,0.62,0.00,74.78
xp-GPU,1,2019-12-29 12:19:45 UTC,-1,21.62,0.00,3.00,2.25,0.00,73.12
xp-GPU,1,2019-12-29 12:19:46 UTC,-1,21.95,0.00,2.74,0.75,0.00,74.56
xp-GPU,1,2019-12-29 12:19:47 UTC,-1,27.72,0.00,3.87,0.62,0.00,67.79
xp-GPU,1,2019-12-29 12:19:48 UTC,-1,31.53,0.00,3.89,1.51,0.00,63.07
xp-GPU,1,2019-12-29 12:19:49 UTC,-1,38.07,0.00,6.66,3.52,0.00,51.76
xp-GPU,1,2019-12-29 12:19:50 UTC,-1,41.95,0.00,6.12,4.24,0.00,47.69
xp-GPU,1,2019-12-29 12:19:51 UTC,-1,42.43,0.00,5.76,1.63,0.00,50.19
xp-GPU,1,2019-12-29 12:19:52 UTC,-1,42.93,0.00,5.13,1.88,0.00,50.06
xp-GPU,1,2019-12-29 12:19:53 UTC,-1,42.00,0.00,5.75,1.88,0.00,50.38
xp-GPU,1,2019-12-29 12:19:54 UTC,-1,43.04,0.00,4.77,1.88,0.00,50.31
xp-GPU,1,2019-12-29 12:19:55 UTC,-1,41.70,0.00,5.74,2.75,0.00,49.81
xp-GPU,1,2019-12-29 12:19:56 UTC,-1,42.12,0.00,4.75,2.50,0.00,50.62
xp-GPU,1,2019-12-29 12:19:57 UTC,-1,41.82,0.00,6.37,1.87,0.00,49.94
xp-GPU,1,2019-12-29 12:19:58 UTC,-1,43.05,0.00,5.26,1.63,0.00,50.06
xp-GPU,1,2019-12-29 12:19:59 UTC,-1,41.52,0.00,6.36,2.12,0.00,50.00
xp-GPU,1,2019-12-29 12:20:00 UTC,-1,41.78,0.00,6.02,3.64,0.00,48.56
xp-GPU,1,2019-12-29 12:20:01 UTC,-1,41.05,0.00,6.63,2.00,0.00,50.31
xp-GPU,1,2019-12-29 12:20:02 UTC,-1,40.18,0.00,6.01,2.00,0.00,51.81
xp-GPU,1,2019-12-29 12:20:03 UTC,-1,21.42,0.00,3.36,0.75,0.00,74.47
xp-GPU,1,2019-12-29 12:20:04 UTC,-1,21.72,0.00,3.12,0.62,0.00,74.53
xp-GPU,1,2019-12-29 12:20:05 UTC,-1,19.55,0.00,5.82,2.23,0.00,72.40
xp-GPU,1,2019-12-29 12:20:06 UTC,-1,19.27,0.00,5.51,0.38,0.00,74.84
xp-GPU,1,2019-12-29 12:20:07 UTC,-1,21.38,0.00,3.00,0.75,0.00,74.88
xp-GPU,1,2019-12-29 12:20:08 UTC,-1,28.75,0.00,4.12,0.50,0.00,66.62
xp-GPU,1,2019-12-29 12:20:09 UTC,-1,29.50,0.00,4.62,3.00,0.00,62.88
xp-GPU,1,2019-12-29 12:20:10 UTC,-1,21.65,0.00,3.75,1.00,0.00,73.59
xp-GPU,1,2019-12-29 12:20:11 UTC,-1,21.60,0.00,3.00,0.62,0.00,74.78
xp-GPU,1,2019-12-29 12:20:12 UTC,-1,21.47,0.00,3.12,0.62,0.00,74.78
xp-GPU,1,2019-12-29 12:20:13 UTC,-1,21.12,0.00,3.98,0.62,0.00,74.29
xp-GPU,1,2019-12-29 12:20:14 UTC,-1,21.43,0.00,3.01,0.50,0.00,75.06
xp-GPU,1,2019-12-29 12:20:15 UTC,-1,21.75,0.00,2.75,2.75,0.00,72.75
xp-GPU,1,2019-12-29 12:20:16 UTC,-1,21.44,0.00,3.72,0.62,0.00,74.23
xp-GPU,1,2019-12-29 12:20:17 UTC,-1,21.10,0.00,3.62,0.62,0.00,74.66
xp-GPU,1,2019-12-29 12:20:18 UTC,-1,21.70,0.00,2.99,0.62,0.00,74.69
xp-GPU,1,2019-12-29 12:20:19 UTC,-1,22.06,0.00,2.26,0.63,0.00,75.06
xp-GPU,1,2019-12-29 12:20:20 UTC,-1,21.72,0.00,3.00,0.62,0.00,74.66
xp-GPU,1,2019-12-29 12:20:21 UTC,-1,21.65,0.00,2.88,0.63,0.00,74.84
xp-GPU,1,2019-12-29 12:20:22 UTC,-1,21.42,0.00,3.49,0.62,0.00,74.47
xp-GPU,1,2019-12-29 12:20:23 UTC,-1,21.97,0.00,2.62,0.62,0.00,74.78
xp-GPU,1,2019-12-29 12:20:24 UTC,-1,21.42,0.00,3.49,0.62,0.00,74.47
xp-GPU,1,2019-12-29 12:20:25 UTC,-1,21.75,0.00,2.75,0.75,0.00,74.75
xp-GPU,1,2019-12-29 12:20:26 UTC,-1,21.75,0.00,2.75,0.62,0.00,74.88
xp-GPU,1,2019-12-29 12:20:27 UTC,-1,30.74,0.00,3.76,0.63,0.00,64.87
xp-GPU,1,2019-12-29 12:20:28 UTC,-1,30.12,0.00,6.50,3.00,0.00,60.38
xp-GPU,1,2019-12-29 12:20:29 UTC,-1,42.14,0.00,5.61,2.12,0.00,50.12
xp-GPU,1,2019-12-29 12:20:30 UTC,-1,41.41,0.00,6.40,2.51,0.00,49.69
xp-GPU,1,2019-12-29 12:20:31 UTC,-1,42.61,0.00,5.14,2.01,0.00,50.25
xp-GPU,1,2019-12-29 12:20:32 UTC,-1,42.61,0.00,5.39,1.75,0.00,50.25
xp-GPU,1,2019-12-29 12:20:33 UTC,-1,42.71,0.00,4.90,2.01,0.00,50.38
xp-GPU,1,2019-12-29 12:20:34 UTC,-1,41.70,0.00,5.62,2.25,0.00,50.44
xp-GPU,1,2019-12-29 12:20:35 UTC,-1,41.30,0.00,5.01,5.01,0.00,48.69
xp-GPU,1,2019-12-29 12:20:36 UTC,-1,41.68,0.00,6.51,1.75,0.00,50.06
xp-GPU,1,2019-12-29 12:20:37 UTC,-1,42.88,0.00,5.38,1.75,0.00,50.00
xp-GPU,1,2019-12-29 12:20:38 UTC,-1,42.38,0.00,5.50,1.88,0.00,50.25
xp-GPU,1,2019-12-29 12:20:39 UTC,-1,42.23,0.00,5.64,2.01,0.00,50.13
xp-GPU,1,2019-12-29 12:20:40 UTC,-1,42.57,0.00,5.62,4.24,0.00,47.57
xp-GPU,1,2019-12-29 12:20:41 UTC,-1,33.54,0.00,4.51,1.38,0.00,60.58
xp-GPU,1,2019-12-29 12:20:42 UTC,-1,21.50,0.00,3.12,0.62,0.00,74.75
xp-GPU,1,2019-12-29 12:20:43 UTC,-1,22.43,0.00,2.01,0.63,0.00,74.94
xp-GPU,1,2019-12-29 12:20:44 UTC,-1,21.12,0.00,3.85,0.62,0.00,74.41
xp-GPU,1,2019-12-29 12:20:45 UTC,-1,17.52,0.00,7.38,2.38,0.00,72.72
xp-GPU,1,2019-12-29 12:20:46 UTC,-1,22.10,0.00,2.50,0.62,0.00,74.78
xp-GPU,1,2019-12-29 12:20:47 UTC,-1,22.38,0.00,2.75,0.62,0.00,74.25
xp-GPU,1,2019-12-29 12:20:48 UTC,-1,32.17,0.00,4.88,0.63,0.00,62.33
xp-GPU,1,2019-12-29 12:20:49 UTC,-1,24.97,0.00,4.89,2.63,0.00,67.50
xp-GPU,1,2019-12-29 12:20:50 UTC,-1,22.06,0.00,2.26,0.75,0.00,74.94
xp-GPU,1,2019-12-29 12:20:51 UTC,-1,20.84,0.00,4.22,0.62,0.00,74.32
xp-GPU,1,2019-12-29 12:20:52 UTC,-1,21.24,0.00,3.73,0.62,0.00,74.41
xp-GPU,1,2019-12-29 12:20:53 UTC,-1,21.43,0.00,3.01,0.63,0.00,74.94
xp-GPU,1,2019-12-29 12:20:54 UTC,-1,22.06,0.00,3.10,0.62,0.00,74.23
xp-GPU,1,2019-12-29 12:20:55 UTC,-1,20.96,0.00,4.56,2.59,0.00,71.89
xp-GPU,1,2019-12-29 12:20:56 UTC,-1,21.27,0.00,3.73,0.50,0.00,74.50
xp-GPU,1,2019-12-29 12:20:57 UTC,-1,20.97,0.00,3.62,0.62,0.00,74.78
xp-GPU,1,2019-12-29 12:20:58 UTC,-1,21.88,0.00,2.75,0.62,0.00,74.75
xp-GPU,1,2019-12-29 12:20:59 UTC,-1,21.30,0.00,3.01,0.63,0.00,75.06
xp-GPU,1,2019-12-29 12:21:00 UTC,-1,21.64,0.00,3.23,2.36,0.00,72.76
xp-GPU,1,2019-12-29 12:21:01 UTC,-1,21.93,0.00,2.51,0.63,0.00,74.94
xp-GPU,1,2019-12-29 12:21:02 UTC,-1,21.00,0.00,3.62,0.62,0.00,74.75
xp-GPU,1,2019-12-29 12:21:03 UTC,-1,22.15,0.00,2.25,0.63,0.00,74.97
xp-GPU,1,2019-12-29 12:21:04 UTC,-1,21.80,0.00,2.63,0.63,0.00,74.94
xp-GPU,1,2019-12-29 12:21:05 UTC,-1,21.46,0.00,3.60,1.61,0.00,73.33
xp-GPU,1,2019-12-29 12:21:06 UTC,-1,22.29,0.00,2.86,0.62,0.00,74.22
xp-GPU,1,2019-12-29 12:21:07 UTC,-1,31.87,0.00,5.02,0.63,0.00,62.48
xp-GPU,1,2019-12-29 12:21:08 UTC,-1,32.79,0.00,5.88,3.50,0.00,57.82
xp-GPU,1,2019-12-29 12:21:09 UTC,-1,42.53,0.00,5.02,2.13,0.00,50.31
xp-GPU,1,2019-12-29 12:21:10 UTC,-1,41.05,0.00,6.76,2.88,0.00,49.31
xp-GPU,1,2019-12-29 12:21:11 UTC,-1,42.45,0.00,5.99,3.75,0.00,47.82
xp-GPU,1,2019-12-29 12:21:12 UTC,-1,40.82,0.00,6.74,2.00,0.00,50.44
xp-GPU,1,2019-12-29 12:21:13 UTC,-1,42.93,0.00,5.01,2.00,0.00,50.06
xp-GPU,1,2019-12-29 12:21:14 UTC,-1,42.23,0.00,5.14,2.01,0.00,50.63
xp-GPU,1,2019-12-29 12:21:15 UTC,-1,42.52,0.00,5.28,1.89,0.00,50.31
xp-GPU,1,2019-12-29 12:21:16 UTC,-1,42.75,0.00,4.88,3.25,0.00,49.12
xp-GPU,1,2019-12-29 12:21:17 UTC,-1,41.45,0.00,6.24,2.00,0.00,50.31
xp-GPU,1,2019-12-29 12:21:18 UTC,-1,41.89,0.00,5.53,2.14,0.00,50.44
xp-GPU,1,2019-12-29 12:21:19 UTC,-1,42.43,0.00,4.88,2.38,0.00,50.31
xp-GPU,1,2019-12-29 12:21:20 UTC,-1,42.23,0.00,5.89,1.88,0.00,50.00
xp-GPU,1,2019-12-29 12:21:21 UTC,-1,25.37,0.00,3.00,0.88,0.00,70.75
xp-GPU,1,2019-12-29 12:21:22 UTC,-1,21.78,0.00,2.75,0.75,0.00,74.72
xp-GPU,1,2019-12-29 12:21:23 UTC,-1,21.71,0.00,2.76,0.63,0.00,74.91
xp-GPU,1,2019-12-29 12:21:24 UTC,-1,18.65,0.00,6.01,0.50,0.00,74.84
xp-GPU,1,2019-12-29 12:21:25 UTC,-1,20.75,0.00,3.88,0.50,0.00,74.88
xp-GPU,1,2019-12-29 12:21:26 UTC,-1,21.80,0.00,2.63,2.63,0.00,72.93
xp-GPU,1,2019-12-29 12:21:27 UTC,-1,28.04,0.00,4.01,0.50,0.00,67.46
xp-GPU,1,2019-12-29 12:21:28 UTC,-1,29.32,0.00,5.59,1.99,0.00,63.11
xp-GPU,1,2019-12-29 12:21:29 UTC,-1,21.83,0.00,3.76,1.38,0.00,73.02
xp-GPU,1,2019-12-29 12:21:30 UTC,-1,21.53,0.00,3.00,0.63,0.00,74.84
xp-GPU,1,2019-12-29 12:21:31 UTC,-1,22.00,0.00,2.62,3.25,0.00,72.12
xp-GPU,1,2019-12-29 12:21:32 UTC,-1,21.30,0.00,3.13,0.63,0.00,74.94
xp-GPU,1,2019-12-29 12:21:33 UTC,-1,21.60,0.00,3.12,0.62,0.00,74.66
xp-GPU,1,2019-12-29 12:21:34 UTC,-1,22.03,0.00,2.50,0.63,0.00,74.84
xp-GPU,1,2019-12-29 12:21:35 UTC,-1,21.82,0.00,2.87,0.62,0.00,74.69
xp-GPU,1,2019-12-29 12:21:36 UTC,-1,21.64,0.00,3.23,1.49,0.00,73.63
xp-GPU,1,2019-12-29 12:21:37 UTC,-1,21.43,0.00,3.01,0.63,0.00,74.94
xp-GPU,1,2019-12-29 12:21:38 UTC,-1,21.20,0.00,3.14,0.63,0.00,75.03
xp-GPU,1,2019-12-29 12:21:39 UTC,-1,21.60,0.00,3.00,0.62,0.00,74.78
xp-GPU,1,2019-12-29 12:21:40 UTC,-1,21.64,0.00,2.64,0.50,0.00,75.22
xp-GPU,1,2019-12-29 12:21:41 UTC,-1,21.62,0.00,2.88,2.00,0.00,73.50
xp-GPU,1,2019-12-29 12:21:42 UTC,-1,21.45,0.00,3.24,0.62,0.00,74.69
xp-GPU,1,2019-12-29 12:21:43 UTC,-1,21.71,0.00,2.76,0.50,0.00,75.03
xp-GPU,1,2019-12-29 12:21:44 UTC,-1,22.07,0.00,2.74,0.62,0.00,74.56
xp-GPU,1,2019-12-29 12:21:45 UTC,-1,21.27,0.00,3.61,0.62,0.00,74.50
xp-GPU,1,2019-12-29 12:21:46 UTC,-1,26.31,0.00,4.24,3.12,0.00,66.33
xp-GPU,1,2019-12-29 12:21:47 UTC,-1,31.37,0.00,6.00,1.10,0.00,61.52
xp-GPU,1,2019-12-29 12:21:48 UTC,-1,37.53,0.00,6.93,3.02,0.00,52.52
xp-GPU,1,2019-12-29 12:21:49 UTC,-1,42.38,0.00,5.75,1.88,0.00,50.00
xp-GPU,1,2019-12-29 12:21:50 UTC,-1,42.12,0.00,6.00,1.75,0.00,50.12
xp-GPU,1,2019-12-29 12:21:51 UTC,-1,42.05,0.00,5.63,2.75,0.00,49.56
xp-GPU,1,2019-12-29 12:21:52 UTC,-1,42.09,0.00,5.98,1.99,0.00,49.94
xp-GPU,1,2019-12-29 12:21:53 UTC,-1,42.14,0.00,5.49,2.00,0.00,50.37
xp-GPU,1,2019-12-29 12:21:54 UTC,-1,42.32,0.00,5.16,2.02,0.00,50.50
xp-GPU,1,2019-12-29 12:21:55 UTC,-1,42.98,0.00,5.26,1.75,0.00,50.00
xp-GPU,1,2019-12-29 12:21:56 UTC,-1,42.05,0.00,6.01,3.75,0.00,48.19
xp-GPU,1,2019-12-29 12:21:57 UTC,-1,41.91,0.00,5.65,2.13,0.00,50.31
xp-GPU,1,2019-12-29 12:21:58 UTC,-1,42.18,0.00,5.88,1.88,0.00,50.06
xp-GPU,1,2019-12-29 12:21:59 UTC,-1,42.12,0.00,6.00,1.62,0.00,50.25
xp-GPU,1,2019-12-29 12:22:00 UTC,-1,42.27,0.00,6.11,1.87,0.00,49.75
xp-GPU,1,2019-12-29 12:22:01 UTC,-1,33.63,0.00,3.26,3.64,0.00,59.47
xp-GPU,1,2019-12-29 12:22:02 UTC,-1,22.21,0.00,2.13,0.75,0.00,74.91
xp-GPU,1,2019-12-29 12:22:03 UTC,-1,21.80,0.00,2.63,0.63,0.00,74.94
xp-GPU,1,2019-12-29 12:22:04 UTC,-1,16.77,0.00,8.14,0.38,0.00,74.72
xp-GPU,1,2019-12-29 12:22:05 UTC,-1,21.43,0.00,2.88,0.63,0.00,75.06
xp-GPU,1,2019-12-29 12:22:06 UTC,-1,22.53,0.00,2.00,2.00,0.00,73.47
xp-GPU,1,2019-12-29 12:22:07 UTC,-1,24.16,0.00,2.75,0.63,0.00,72.47
xp-GPU,1,2019-12-29 12:22:08 UTC,-1,32.29,0.00,4.76,0.50,0.00,62.45
xp-GPU,1,2019-12-29 12:22:09 UTC,-1,21.64,0.00,4.91,3.52,0.00,69.94
xp-GPU,1,2019-12-29 12:22:10 UTC,-1,21.62,0.00,2.88,0.62,0.00,74.88
xp-GPU,1,2019-12-29 12:22:11 UTC,-1,21.92,0.00,2.86,1.74,0.00,73.47
xp-GPU,1,2019-12-29 12:22:12 UTC,-1,22.43,0.00,2.13,0.50,0.00,74.94
xp-GPU,1,2019-12-29 12:22:13 UTC,-1,21.90,0.00,2.50,0.63,0.00,74.97
xp-GPU,1,2019-12-29 12:22:14 UTC,-1,21.78,0.00,2.75,0.63,0.00,74.84
xp-GPU,1,2019-12-29 12:22:15 UTC,-1,21.90,0.00,2.50,0.63,0.00,74.97
xp-GPU,1,2019-12-29 12:22:16 UTC,-1,21.93,0.00,2.51,2.63,0.00,72.93
xp-GPU,1,2019-12-29 12:22:17 UTC,-1,21.58,0.00,2.76,0.50,0.00,75.16
xp-GPU,1,2019-12-29 12:22:18 UTC,-1,21.50,0.00,3.00,0.75,0.00,74.75
xp-GPU,1,2019-12-29 12:22:19 UTC,-1,21.75,0.00,2.75,0.62,0.00,74.88
xp-GPU,1,2019-12-29 12:22:20 UTC,-1,21.75,0.00,3.00,0.50,0.00,74.75
xp-GPU,1,2019-12-29 12:22:21 UTC,-1,21.30,0.00,3.49,2.49,0.00,72.73
xp-GPU,1,2019-12-29 12:22:22 UTC,-1,8.48,0.00,1.62,0.25,0.00,89.65
xp-GPU,1,2019-12-29 12:22:23 UTC,-1,0.12,0.00,0.25,0.00,0.00,99.63
xp-GPU,1,2019-12-29 12:22:24 UTC,-1,0.00,0.00,0.00,0.00,0.00,100.00
xp-GPU,1,2019-12-29 12:22:25 UTC,-1,0.13,0.00,0.00,0.50,0.00,99.37
xp-GPU,1,2019-12-29 12:22:26 UTC,-1,0.62,0.00,0.12,4.12,0.00,95.12
xp-GPU,1,2019-12-29 12:22:27 UTC,-1,0.13,0.00,0.00,0.00,0.00,99.87
xp-GPU,1,2019-12-29 12:22:28 UTC,-1,0.00,0.00,0.12,0.00,0.00,99.88
xp-GPU,1,2019-12-29 12:22:29 UTC,-1,0.13,0.00,0.00,0.00,0.00,99.87
xp-GPU,1,2019-12-29 12:22:30 UTC,-1,0.00,0.00,0.12,0.00,0.00,99.88
xp-GPU,1,2019-12-29 12:22:31 UTC,-1,0.00,0.00,0.13,2.50,0.00,97.37
xp-GPU,1,2019-12-29 12:22:32 UTC,-1,0.12,0.00,0.12,0.00,0.00,99.75
xp-GPU,1,2019-12-29 12:22:33 UTC,-1,0.00,0.00,0.25,0.00,0.00,99.75
xp-GPU,1,2019-12-29 12:22:34 UTC,-1,0.12,0.00,0.12,0.00,0.00,99.75
xp-GPU,1,2019-12-29 12:22:35 UTC,-1,0.00,0.00,0.00,0.00,0.00,100.00
xp-GPU,1,2019-12-29 12:22:36 UTC,-1,0.13,0.00,0.00,2.50,0.00,97.37
xp-GPU,1,2019-12-29 12:22:37 UTC,-1,0.00,0.00,0.12,0.00,0.00,99.88
xp-GPU,1,2019-12-29 12:22:38 UTC,-1,0.13,0.00,0.63,1.50,0.00,97.75
