#mean       95th    99th    99.99th    IOPS
33.33       124      162      4959     54902   
inf         124      162      4959     54903   
33.33       111      148      4095     54882   
1829385.00  111      148      4095     54883   
35.59       114      154      4883     51559   
35.59       114      154      4883     51558   
33.85       106      145      3543     54099   
inf         106      145      3543     54100   
33.54       104      142      3537     54591   
inf         104      142      3537     54592   
34.20       103      141      3953     53550   
1831590.00  103      141      3953     53551   
34.60       101      141      5015     52908   
34.60       101      141      5015     52909   
34.31       100      139      4523     53479   
34.31       100      139      4715     53480   
33.36       95       137      3589     54818   
inf         95       137      3589     54819   
34.29       95       138      3643     53431   
inf         95       138      3643     53432   
34.28       89       138      4643     53428   
34.28       89       138      4643     53429   
34.22       89       137      3349     53569   
34.22       89       137      3349     53568   
34.36       87       136      3393     53356   
34.36       87       136      3401     53357   
34.19       85       131      3279     53588   
34.19       85       131      3279     53589   
33.72       83       119      3617     54279   
33.72       83       119      3617     54280   
32.70       81       112      3457     55843   
32.70       81       112      3457     55844   
32.84       79       105      1935     55635   
32.84       79       105      1935     55634   
33.61       71       105      1936     54387   
65343.07    71       105      1936     54388   
29.07       73       108      1815     62244   
106541.71   73       108      1815     62245   
32.87       76       112      2477     56030   
32.87       76       112      2461     56029   
30.99       61       88       2105     58402   
30.99       61       88       2105     58403   
28.49       60       87       1849     63379   
inf         60       87       1849     63380   
29.17       60       87       1788     61940   
29.17       60       87       1788     61939   
29.40       60       87       1816     61590   
29.40       60       87       1816     61589   
29.70       60       87       1825     60929   
29.70       60       87       1825     60928   
30.22       60       87       1805     59987   
56649.88    60       87       1805     59988   
30.49       60       89       1762     58291   
103665.42   60       89       1762     58292   
30.25       59       87       1824     59929   
inf         59       87       1824     59930   
30.48       59       87       1795     59523   
40317.24    59       87       1795     59522   
30.38       57       87       1792     59677   
inf         57       87       1792     59676   
30.51       57       86       1829     59503   
30.51       57       86       1829     59504   
30.60       56       86       1792     59330   
30.60       56       86       1767     59329   
30.84       55       86       1725     58834   
inf         55       86       1725     58835   
30.58       54       85       1824     59392   
30.58       54       85       1824     59393   
30.99       55       86       1780     58531   
25197.39    55       86       1780     58532   
25.84       62       95       1806     69107   
inf         62       95       1806     69106   
32.07       64       96       2727     56994   
32.07       64       96       2727     56993   
27.81       62       95       1820     64760   
27.81       62       95       1820     64759   
28.11       62       94       1791     64207   
28.11       62       94       1791     64208   
28.51       62       95       1803     63392   
inf         62       95       1803     63393   
29.80       63       97       1835     60716   
29.80       63       97       1836     60717   
30.34       64       96       1832     59775   
30.34       64       96       1832     59776   
30.29       63       96       1799     59941   
inf         63       96       1799     59940   
31.13       63       96       1826     58432   
31.13       63       96       1826     58433   
30.36       63       96       1775     59819   
1816136.00  63       96       1775     59820   
30.10       63       95       1766     60307   
53445.06    63       95       1771     60308   
30.22       62       95       1854     60101   
30.22       62       95       1854     60100   
30.23       61       91       1741     60013   
30.23       61       91       1741     60014   
29.18       47       70       1691     61896   
29.18       47       70       1691     61895   
29.20       46       69       1780     61947   
69661.04    46       69       1782     61948   
29.91       47       69       1799     60532   
29.91       47       69       1799     60533   
25.52       53       77       1679     69693   
25.52       53       77       1679     69694   
30.00       56       78       2273     60495   
inf         56       78       2877     60496   
27.15       56       71       1831     66141   
598678.33   56       71       1841     66142   
27.34       56       68       1611     65798   
inf         56       68       1611     65799   
29.21       57       73       1701     61795   
29.21       57       73       1701     61796   
27.93       56       67       1711     64534   
27.93       56       67       1689     64533   
27.97       55       67       454      64399   
27.97       55       67       453      64398   
27.79       54       66       1736     64864   
106032.35   54       66       1736     64865   
27.98       54       66       878      64332   
27.98       54       66       878      64333   
28.18       53       67       1688     63990   
28.18       53       67       1688     63989   
28.44       53       67       1460     63400   
48796.59    53       67       1735     63401   
28.70       52       66       1686     62874   
28.70       52       66       1686     62875   
28.57       51       65       438      63227   
inf         51       65       438      63228   
29.18       52       66       453      61955   
29.18       52       66       453      61954   
29.57       51       65       1716     61238   
29.57       51       65       1716     61237   
28.02       53       69       1593     64333   
28.02       53       69       1593     64332   
26.05       61       78       239      68612   
26.05       61       78       239      68611   
28.50       61       78       2557     63259   
inf         61       78       2557     63260   
26.10       60       74       116      68704   
26.10       60       74       116      68703   
26.70       60       75       130      67275   
26.70       60       75       131      67276   
27.02       60       75       262      66563   
inf         60       75       642      66564   
27.53       61       75       120      65434   
inf         61       75       120      65435   
28.04       61       76       907      64350   
28.04       61       76       907      64349   
29.17       62       76       122      62071   
29.17       62       76       123      62072   
30.02       62       77       878      60439   
100817.22   62       77       878      60438   
30.14       62       77       1639     60216   
inf         62       77       1639     60217   
30.10       62       77       438      60289   
30.10       62       77       438      60288   
29.85       61       77       117      60769   
29.85       61       77       117      60768   
30.14       62       77       115      60246   
inf         62       77       115      60247   
30.35       60       76       1287     59867   
30.35       60       76       1287     59868   
30.27       48       56       496      59849   
30.27       48       56       496      59850   
27.31       50       66       272      65461   
30822.28    50       66       272      65460   
24.95       53       64       214      71409   
24.95       53       64       214      71410   
28.28       56       66       2061     63624   
33318.70    56       66       2061     63623   
26.84       55       64       464      66776   
26.84       55       64       464      66775   
27.45       55       64       268      65428   
inf         55       64       268      65429   
27.78       53       64       216      64791   
27.78       53       64       216      64792   
28.07       53       64       372      64145   
inf         53       64       324      64144   
27.89       53       64       195      64616   
27.89       53       64       195      64617   
28.43       53       65       438      63419   
28.43       53       65       438      63420   
28.68       53       65       460      62898   
28.68       53       65       460      62899   
28.25       51       64       487      63873   
28.25       51       64       487      63872   
28.92       52       64       212      62408   
28.92       52       64       212      62409   
29.21       52       65       480      61874   
29.21       52       65       480      61873   
28.86       51       64       163      62602   
28.86       51       64       163      62601   
29.47       51       65       213      61393   
29.47       51       65       213      61392   
29.88       51       65       305      60662   
29.88       51       65       305      60663   
25.35       61       78       155      70251   
25.35       61       78       155      70250   
27.91       61       77       2607     64489   
27.91       61       77       2607     64490   
26.85       61       75       207      66934   
inf         61       75       207      66935   
27.30       61       75       147      65906   
27.30       61       75       147      65907   
27.80       61       75       121      64856   
27.80       61       75       121      64855   
27.96       61       75       118      64501   
27.96       61       75       118      64502   
28.58       62       75       118      63207   
inf         62       75       118      63208   
28.71       61       75       109      62941   
inf         61       75       109      62942   
29.12       61       75       120      62093   
29.12       61       75       120      62092   
29.40       61       76       247      61550   
29.40       61       76       247      61551   
29.39       62       76       130      61645   
29.39       62       76       135      61646   
29.65       62       75       211      61131   
29.65       62       75       211      61132   
29.88       61       75       141      60730   
29.88       61       75       141      60729   
30.22       62       76       204      60083   
30.22       62       76       204      60084   
30.54       61       76       123      59522   
30.54       61       76       123      59523   
29.02       63       79       379      62384   
29.02       63       79       379      62383   
25.62       71       86       148      69987   
25.62       71       86       141      69986   
27.41       55       66       1951     65590   
27.41       55       66       1951     65589   
26.67       54       64       264      67210   
26.67       54       64       264      67211   
26.79       54       63       177      67012   
448782.50   54       63       177      67011   
27.18       54       63       150      66163   
27.18       54       63       150      66162   
27.63       54       64       218      65191   
27.63       54       64       218      65192   
28.73       54       65       169      62853   
inf         54       65       167      62852   
29.14       53       65       247      62010   
29.14       53       65       247      62011   
28.92       53       65       233      62506   
28.92       53       65       233      62507   
29.69       54       66       498      60874   
inf         54       66       498      60873   
28.86       52       65       302      62650   
inf         52       65       302      62651   
29.40       52       65       531      61532   
29.40       52       65       531      61533   
29.31       52       65       180      61782   
inf         52       65       180      61783   
29.85       52       65       188      60673   
29.85       52       65       188      60672   
30.60       52       65       147      59314   
30.60       52       65       147      59315   
26.81       57       74       196      66900   
26.81       57       74       196      66901   
26.72       62       77       215      67191   
inf         62       77       215      67192   
27.20       60       75       2117     66144   
inf         60       75       2117     66145   
27.01       61       75       161      66509   
27.01       61       75       161      66510   
27.81       61       76       225      64759   
27.81       61       76       225      64760   
27.92       61       75       173      64548   
inf         61       75       173      64549   
28.45       61       76       163      63437   
28.45       61       76       163      63438   
28.65       61       76       199      63068   
inf         61       76       199      63069   
29.28       61       76       207      61771   
29.28       61       76       207      61770   
29.33       61       76       149      61685   
29.33       61       76       149      61684   
29.22       61       75       117      61948   
29.22       61       75       117      61947   
29.24       61       75       93       61952   
29.24       61       75       93       61953   
29.37       61       75       97       61697   
inf         61       75       97       61698   
29.76       61       76       142      60907   
29.76       61       76       142      60908   
30.00       61       76       141      60458   
30.00       61       76       114      60457   
30.23       61       76       96       60044   
30.23       61       76       96       60045   
25.29       69       85       182      70736   
25.29       69       85       182      70735   
28.36       71       88       2323     63622   
28.36       71       88       2323     63623   
26.96       71       86       206      66716   
26.96       71       86       206      66717   
27.40       71       86       127      65760   
inf         71       86       127      65761   
27.67       71       86       201      65167   
27.67       71       86       201      65168   
28.01       71       86       129      64457   
28.01       71       86       129      64458   
28.58       71       86       249      63206   
28.58       71       86       249      63205   
29.31       72       87       148      61767   
29.31       72       87       148      61766   
28.55       55       66       254      63209   
inf         55       66       254      63210   
28.12       54       64       398      64163   
1804683.00  54       64       398      64164   
28.30       54       64       217      63691   
28.30       54       64       217      63690   
28.28       53       64       189      63804   
28.28       53       64       189      63805   
28.38       53       64       204      63629   
inf         53       64       204      63628   
28.53       52       64       545      63285   
28.53       52       64       545      63284   
29.47       52       65       238      61382   
29.47       52       65       238      61381   
26.90       55       69       162      66732   
26.90       55       69       162      66731   
